nohup: ignoring input
Ranger optimizer loaded. 
Gradient Centralization usage = True
GC applied to both conv and fc layers
Epoch 0 / 200
Duration: 106s, Train Loss: 99.4674, Train Acc: 0.2640， Test Acc : 0.3768, Test Loss: 37.6795
Epoch 1 / 200
Duration: 108s, Train Loss: 84.3774, Train Acc: 0.3916， Test Acc : 0.5169, Test Loss: 28.7878
Epoch 2 / 200
Duration: 107s, Train Loss: 75.4030, Train Acc: 0.4704， Test Acc : 0.5605, Test Loss: 26.0282
Epoch 3 / 200
Duration: 107s, Train Loss: 70.5422, Train Acc: 0.5077， Test Acc : 0.5997, Test Loss: 24.9495
Epoch 4 / 200
Duration: 107s, Train Loss: 66.8426, Train Acc: 0.5390， Test Acc : 0.5068, Test Loss: 42.0104
Epoch 5 / 200
Duration: 107s, Train Loss: 61.8305, Train Acc: 0.5711， Test Acc : 0.6418, Test Loss: 22.1023
Epoch 6 / 200
Duration: 109s, Train Loss: 60.3152, Train Acc: 0.5814， Test Acc : 0.6650, Test Loss: 21.1221
Epoch 7 / 200
Duration: 108s, Train Loss: 58.1292, Train Acc: 0.6043， Test Acc : 0.7200, Test Loss: 17.6310
Epoch 8 / 200
Duration: 108s, Train Loss: 56.1478, Train Acc: 0.6159， Test Acc : 0.7195, Test Loss: 17.2927
Epoch 9 / 200
Duration: 108s, Train Loss: 54.4068, Train Acc: 0.6265， Test Acc : 0.7068, Test Loss: 18.7784
Epoch 10 / 200
Duration: 110s, Train Loss: 52.1536, Train Acc: 0.6472， Test Acc : 0.7078, Test Loss: 18.5188
Epoch 11 / 200
Duration: 108s, Train Loss: 50.1828, Train Acc: 0.6599， Test Acc : 0.7676, Test Loss: 14.8291
Epoch 12 / 200
Duration: 108s, Train Loss: 50.7647, Train Acc: 0.6607， Test Acc : 0.7299, Test Loss: 17.3967
Epoch 13 / 200
Duration: 108s, Train Loss: 48.7051, Train Acc: 0.6704， Test Acc : 0.7608, Test Loss: 14.6883
Epoch 14 / 200
Duration: 109s, Train Loss: 46.3097, Train Acc: 0.6877， Test Acc : 0.7592, Test Loss: 15.2128
Epoch 15 / 200
Duration: 108s, Train Loss: 47.6029, Train Acc: 0.6819， Test Acc : 0.7720, Test Loss: 15.0826
Epoch 16 / 200
Duration: 108s, Train Loss: 45.6147, Train Acc: 0.6911， Test Acc : 0.7269, Test Loss: 17.0349
Epoch 17 / 200
Duration: 108s, Train Loss: 46.6773, Train Acc: 0.6844， Test Acc : 0.7618, Test Loss: 14.8353
Epoch 18 / 200
Duration: 108s, Train Loss: 43.7792, Train Acc: 0.7028， Test Acc : 0.7503, Test Loss: 16.8342
Epoch 19 / 200
Duration: 110s, Train Loss: 43.7613, Train Acc: 0.7081， Test Acc : 0.8099, Test Loss: 12.2339
Epoch 20 / 200
Duration: 108s, Train Loss: 42.5836, Train Acc: 0.7113， Test Acc : 0.7671, Test Loss: 14.6128
Epoch 21 / 200
Duration: 108s, Train Loss: 42.5197, Train Acc: 0.7127， Test Acc : 0.8023, Test Loss: 12.9817
Epoch 22 / 200
Duration: 108s, Train Loss: 43.2134, Train Acc: 0.7113， Test Acc : 0.7651, Test Loss: 14.7797
Epoch 23 / 200
Duration: 110s, Train Loss: 41.3306, Train Acc: 0.7177， Test Acc : 0.8224, Test Loss: 11.5526
Epoch 24 / 200
Duration: 108s, Train Loss: 40.1166, Train Acc: 0.7307， Test Acc : 0.8071, Test Loss: 12.6560
Epoch 25 / 200
Duration: 108s, Train Loss: 37.7531, Train Acc: 0.7479， Test Acc : 0.8252, Test Loss: 11.2682
Epoch 26 / 200
Duration: 108s, Train Loss: 37.6431, Train Acc: 0.7493， Test Acc : 0.8186, Test Loss: 12.6860
Epoch 27 / 200
Duration: 108s, Train Loss: 38.5559, Train Acc: 0.7396， Test Acc : 0.8268, Test Loss: 11.1740
Epoch 28 / 200
Duration: 110s, Train Loss: 40.6361, Train Acc: 0.7266， Test Acc : 0.7722, Test Loss: 16.1543
Epoch 29 / 200
Duration: 108s, Train Loss: 39.4058, Train Acc: 0.7345， Test Acc : 0.8380, Test Loss: 10.3007
Epoch 30 / 200
Duration: 108s, Train Loss: 36.9049, Train Acc: 0.7562， Test Acc : 0.8219, Test Loss: 11.5813
Epoch 31 / 200
Duration: 108s, Train Loss: 34.9115, Train Acc: 0.7646， Test Acc : 0.8334, Test Loss: 10.5716
Epoch 32 / 200
Duration: 110s, Train Loss: 36.5358, Train Acc: 0.7551， Test Acc : 0.8222, Test Loss: 11.2104
Epoch 33 / 200
Duration: 108s, Train Loss: 34.8316, Train Acc: 0.7665， Test Acc : 0.8344, Test Loss: 10.6038
Epoch 34 / 200
Duration: 108s, Train Loss: 38.3158, Train Acc: 0.7480， Test Acc : 0.8306, Test Loss: 11.1765
Epoch 35 / 200
Duration: 108s, Train Loss: 36.3273, Train Acc: 0.7577， Test Acc : 0.8443, Test Loss: 10.3978
Epoch 36 / 200
Duration: 108s, Train Loss: 35.1435, Train Acc: 0.7623， Test Acc : 0.8423, Test Loss: 10.3504
Epoch 37 / 200
Duration: 110s, Train Loss: 33.1829, Train Acc: 0.7765， Test Acc : 0.8550, Test Loss: 9.3956
Epoch 38 / 200
Duration: 108s, Train Loss: 35.8222, Train Acc: 0.7585， Test Acc : 0.8275, Test Loss: 11.3474
Epoch 39 / 200
Duration: 108s, Train Loss: 39.4373, Train Acc: 0.7445， Test Acc : 0.5990, Test Loss: 55.3529
Epoch 40 / 200
Duration: 108s, Train Loss: 39.1926, Train Acc: 0.7361， Test Acc : 0.8143, Test Loss: 12.0835
Epoch 41 / 200
Duration: 110s, Train Loss: 33.0439, Train Acc: 0.7755， Test Acc : 0.8415, Test Loss: 10.5097
Epoch 42 / 200
Duration: 108s, Train Loss: 34.2243, Train Acc: 0.7697， Test Acc : 0.8038, Test Loss: 13.0247
Epoch 43 / 200
Duration: 108s, Train Loss: 33.0074, Train Acc: 0.7751， Test Acc : 0.8566, Test Loss: 9.1038
Epoch 44 / 200
Duration: 108s, Train Loss: 30.5255, Train Acc: 0.7997， Test Acc : 0.7964, Test Loss: 16.0986
Epoch 45 / 200
Duration: 108s, Train Loss: 33.6544, Train Acc: 0.7777， Test Acc : 0.8428, Test Loss: 12.0149
Epoch 46 / 200
Duration: 110s, Train Loss: 38.9886, Train Acc: 0.7355， Test Acc : 0.8301, Test Loss: 10.6188
Epoch 47 / 200
Duration: 108s, Train Loss: 31.9704, Train Acc: 0.7852， Test Acc : 0.8502, Test Loss: 9.8109
Epoch 48 / 200
Duration: 108s, Train Loss: 32.6155, Train Acc: 0.7792， Test Acc : 0.8609, Test Loss: 9.0230
Epoch 49 / 200
Duration: 108s, Train Loss: 29.5844, Train Acc: 0.7975， Test Acc : 0.8599, Test Loss: 9.0851
Epoch 50 / 200
Duration: 110s, Train Loss: 29.2317, Train Acc: 0.8039， Test Acc : 0.8563, Test Loss: 9.0405
Epoch 51 / 200
Duration: 108s, Train Loss: 29.5442, Train Acc: 0.8038， Test Acc : 0.8698, Test Loss: 8.4226
Epoch 52 / 200
Duration: 108s, Train Loss: 29.4488, Train Acc: 0.8037， Test Acc : 0.8665, Test Loss: 8.7151
Epoch 53 / 200
Duration: 108s, Train Loss: 30.6848, Train Acc: 0.7952， Test Acc : 0.8601, Test Loss: 9.1157
Epoch 54 / 200
Duration: 108s, Train Loss: 31.1261, Train Acc: 0.7908， Test Acc : 0.8349, Test Loss: 10.3882
Epoch 55 / 200
Duration: 109s, Train Loss: 40.2316, Train Acc: 0.7308， Test Acc : 0.8245, Test Loss: 14.5296
Epoch 56 / 200
Duration: 108s, Train Loss: 33.7591, Train Acc: 0.7643， Test Acc : 0.8601, Test Loss: 9.3182
Epoch 57 / 200
Duration: 108s, Train Loss: 28.4565, Train Acc: 0.8049， Test Acc : 0.8739, Test Loss: 8.2272
Epoch 58 / 200
Duration: 108s, Train Loss: 27.8846, Train Acc: 0.8116， Test Acc : 0.8696, Test Loss: 8.3906
Epoch 59 / 200
Duration: 110s, Train Loss: 26.1152, Train Acc: 0.8214， Test Acc : 0.8792, Test Loss: 7.6774
Epoch 60 / 200
Duration: 108s, Train Loss: 27.1080, Train Acc: 0.8151， Test Acc : 0.8606, Test Loss: 9.0191
Epoch 61 / 200
Duration: 108s, Train Loss: 26.1216, Train Acc: 0.8247， Test Acc : 0.8749, Test Loss: 9.1432
Epoch 62 / 200
Duration: 108s, Train Loss: 26.4847, Train Acc: 0.8243， Test Acc : 0.8762, Test Loss: 7.9828
Epoch 63 / 200
Duration: 108s, Train Loss: 25.1773, Train Acc: 0.8354， Test Acc : 0.8711, Test Loss: 9.5543
Epoch 64 / 200
Duration: 110s, Train Loss: 26.6932, Train Acc: 0.8200， Test Acc : 0.8810, Test Loss: 7.7604
Epoch 65 / 200
Duration: 108s, Train Loss: 25.9256, Train Acc: 0.8205， Test Acc : 0.8810, Test Loss: 7.7869
Epoch 66 / 200
Duration: 108s, Train Loss: 26.3087, Train Acc: 0.8199， Test Acc : 0.8734, Test Loss: 8.2238
Epoch 67 / 200
Duration: 108s, Train Loss: 26.0510, Train Acc: 0.8222， Test Acc : 0.8775, Test Loss: 8.2303
Epoch 68 / 200
Duration: 109s, Train Loss: 27.5050, Train Acc: 0.8105， Test Acc : 0.8652, Test Loss: 8.7012
Epoch 69 / 200
Duration: 108s, Train Loss: 24.9835, Train Acc: 0.8291， Test Acc : 0.8833, Test Loss: 7.7960
Epoch 70 / 200
Duration: 108s, Train Loss: 24.0117, Train Acc: 0.8388， Test Acc : 0.8825, Test Loss: 7.9579
Epoch 71 / 200
Duration: 108s, Train Loss: 22.9397, Train Acc: 0.8482， Test Acc : 0.8736, Test Loss: 9.0227
Epoch 72 / 200
Duration: 110s, Train Loss: 24.8912, Train Acc: 0.8331， Test Acc : 0.8803, Test Loss: 7.5926
Epoch 73 / 200
Duration: 108s, Train Loss: 23.1868, Train Acc: 0.8470， Test Acc : 0.8861, Test Loss: 7.3496
Epoch 74 / 200
Duration: 108s, Train Loss: 22.9358, Train Acc: 0.8423， Test Acc : 0.8940, Test Loss: 7.0785
Epoch 75 / 200
Duration: 108s, Train Loss: 22.4856, Train Acc: 0.8455， Test Acc : 0.8912, Test Loss: 7.0211
Epoch 76 / 200
Duration: 108s, Train Loss: 22.1623, Train Acc: 0.8493， Test Acc : 0.8889, Test Loss: 7.2221
Epoch 77 / 200
Duration: 109s, Train Loss: 21.6157, Train Acc: 0.8535， Test Acc : 0.9004, Test Loss: 6.5430
Epoch 78 / 200
Duration: 108s, Train Loss: 20.0762, Train Acc: 0.8586， Test Acc : 0.8991, Test Loss: 6.6160
Epoch 79 / 200
Duration: 108s, Train Loss: 20.6313, Train Acc: 0.8586， Test Acc : 0.9004, Test Loss: 6.7419
Epoch 80 / 200
Duration: 108s, Train Loss: 20.6149, Train Acc: 0.8605， Test Acc : 0.8889, Test Loss: 7.5108
Epoch 81 / 200
Duration: 109s, Train Loss: 20.8049, Train Acc: 0.8577， Test Acc : 0.8981, Test Loss: 6.8691
Epoch 82 / 200
Duration: 108s, Train Loss: 19.8859, Train Acc: 0.8612， Test Acc : 0.8994, Test Loss: 6.8341
Epoch 83 / 200
Duration: 108s, Train Loss: 21.3687, Train Acc: 0.8553， Test Acc : 0.9006, Test Loss: 6.6362
Epoch 84 / 200
Duration: 108s, Train Loss: 20.9775, Train Acc: 0.8589， Test Acc : 0.9032, Test Loss: 6.5104
Epoch 85 / 200
Duration: 109s, Train Loss: 21.4994, Train Acc: 0.8525， Test Acc : 0.8994, Test Loss: 6.3552
Epoch 86 / 200
Duration: 108s, Train Loss: 19.6540, Train Acc: 0.8654， Test Acc : 0.8971, Test Loss: 6.6545
Epoch 87 / 200
Duration: 108s, Train Loss: 18.9704, Train Acc: 0.8694， Test Acc : 0.9121, Test Loss: 6.1236
Epoch 88 / 200
Duration: 108s, Train Loss: 18.1865, Train Acc: 0.8747， Test Acc : 0.8983, Test Loss: 6.7136
Epoch 89 / 200
Duration: 108s, Train Loss: 18.6105, Train Acc: 0.8721， Test Acc : 0.9001, Test Loss: 6.5519
Epoch 90 / 200
Duration: 109s, Train Loss: 17.6952, Train Acc: 0.8778， Test Acc : 0.9078, Test Loss: 6.2438
Epoch 91 / 200
Duration: 108s, Train Loss: 18.4337, Train Acc: 0.8755， Test Acc : 0.9045, Test Loss: 6.1608
Epoch 92 / 200
Duration: 108s, Train Loss: 17.8501, Train Acc: 0.8759， Test Acc : 0.9065, Test Loss: 6.5065
Epoch 93 / 200
Duration: 108s, Train Loss: 18.1847, Train Acc: 0.8783， Test Acc : 0.9065, Test Loss: 6.2140
Epoch 94 / 200
Duration: 110s, Train Loss: 16.9584, Train Acc: 0.8846， Test Acc : 0.9042, Test Loss: 6.4844
Epoch 95 / 200
Duration: 108s, Train Loss: 17.2472, Train Acc: 0.8839， Test Acc : 0.9052, Test Loss: 6.2998
Epoch 96 / 200
Duration: 108s, Train Loss: 17.0911, Train Acc: 0.8820， Test Acc : 0.9037, Test Loss: 6.5079
Epoch 97 / 200
Duration: 108s, Train Loss: 17.7595, Train Acc: 0.8798， Test Acc : 0.9108, Test Loss: 6.3668
Epoch 98 / 200
Duration: 108s, Train Loss: 16.2240, Train Acc: 0.8877， Test Acc : 0.9121, Test Loss: 6.3082
Epoch 99 / 200
Duration: 109s, Train Loss: 16.8169, Train Acc: 0.8867， Test Acc : 0.9131, Test Loss: 6.0568
Epoch 100 / 200
Duration: 108s, Train Loss: 17.2817, Train Acc: 0.8835， Test Acc : 0.9144, Test Loss: 5.9630
Epoch 101 / 200
Duration: 108s, Train Loss: 15.3598, Train Acc: 0.8951， Test Acc : 0.9169, Test Loss: 5.5343
Epoch 102 / 200
Duration: 107s, Train Loss: 16.2310, Train Acc: 0.8916， Test Acc : 0.9144, Test Loss: 5.8644
Epoch 103 / 200
Duration: 111s, Train Loss: 15.6998, Train Acc: 0.8911， Test Acc : 0.9175, Test Loss: 5.7769
Epoch 104 / 200
Duration: 108s, Train Loss: 15.4914, Train Acc: 0.8937， Test Acc : 0.9062, Test Loss: 6.4801
Epoch 105 / 200
Duration: 108s, Train Loss: 15.5936, Train Acc: 0.8938， Test Acc : 0.9162, Test Loss: 5.6740
Epoch 106 / 200
Duration: 108s, Train Loss: 14.8085, Train Acc: 0.9003， Test Acc : 0.9050, Test Loss: 6.6623
Epoch 107 / 200
Duration: 109s, Train Loss: 15.5568, Train Acc: 0.8952， Test Acc : 0.9113, Test Loss: 5.8482
Epoch 108 / 200
Duration: 108s, Train Loss: 15.0073, Train Acc: 0.8991， Test Acc : 0.9152, Test Loss: 5.8811
Epoch 109 / 200
Duration: 108s, Train Loss: 14.7373, Train Acc: 0.8998， Test Acc : 0.9144, Test Loss: 5.9964
Epoch 110 / 200
Duration: 108s, Train Loss: 15.0654, Train Acc: 0.8964， Test Acc : 0.9101, Test Loss: 6.8896
Epoch 111 / 200
Duration: 108s, Train Loss: 15.2635, Train Acc: 0.8951， Test Acc : 0.9052, Test Loss: 8.0779
Epoch 112 / 200
Duration: 109s, Train Loss: 15.0080, Train Acc: 0.8961， Test Acc : 0.9144, Test Loss: 6.2288
Epoch 113 / 200
Duration: 108s, Train Loss: 14.2017, Train Acc: 0.9037， Test Acc : 0.9169, Test Loss: 5.4078
Epoch 114 / 200
Duration: 108s, Train Loss: 13.4793, Train Acc: 0.9083， Test Acc : 0.9177, Test Loss: 5.6479
Epoch 115 / 200
Duration: 108s, Train Loss: 13.8690, Train Acc: 0.9054， Test Acc : 0.9208, Test Loss: 5.4194
Epoch 116 / 200
Duration: 109s, Train Loss: 12.9094, Train Acc: 0.9106， Test Acc : 0.9197, Test Loss: 5.6804
Epoch 117 / 200
Duration: 108s, Train Loss: 14.0909, Train Acc: 0.9046， Test Acc : 0.9113, Test Loss: 6.1393
Epoch 118 / 200
Duration: 108s, Train Loss: 13.5585, Train Acc: 0.9082， Test Acc : 0.9187, Test Loss: 5.6913
Epoch 119 / 200
Duration: 108s, Train Loss: 12.6071, Train Acc: 0.9125， Test Acc : 0.9134, Test Loss: 6.3841
Epoch 120 / 200
Duration: 108s, Train Loss: 13.4330, Train Acc: 0.9102， Test Acc : 0.9139, Test Loss: 6.8498
Epoch 121 / 200
Duration: 109s, Train Loss: 13.0183, Train Acc: 0.9101， Test Acc : 0.9233, Test Loss: 5.4077
Epoch 122 / 200
Duration: 108s, Train Loss: 13.0933, Train Acc: 0.9129， Test Acc : 0.9243, Test Loss: 5.2860
Epoch 123 / 200
Duration: 108s, Train Loss: 13.0556, Train Acc: 0.9118， Test Acc : 0.9180, Test Loss: 5.5832
Epoch 124 / 200
Duration: 108s, Train Loss: 11.9851, Train Acc: 0.9225， Test Acc : 0.9228, Test Loss: 5.3662
Epoch 125 / 200
Duration: 108s, Train Loss: 12.5188, Train Acc: 0.9151， Test Acc : 0.9254, Test Loss: 5.3379
Epoch 126 / 200
Duration: 109s, Train Loss: 12.0330, Train Acc: 0.9184， Test Acc : 0.9215, Test Loss: 5.3050
Epoch 127 / 200
Duration: 108s, Train Loss: 12.6806, Train Acc: 0.9132， Test Acc : 0.9228, Test Loss: 5.0454
Epoch 128 / 200
Duration: 108s, Train Loss: 11.3359, Train Acc: 0.9240， Test Acc : 0.9294, Test Loss: 4.8936
Epoch 129 / 200
Duration: 108s, Train Loss: 11.0925, Train Acc: 0.9243， Test Acc : 0.9220, Test Loss: 5.7776
Epoch 130 / 200
Duration: 108s, Train Loss: 11.3869, Train Acc: 0.9207， Test Acc : 0.9225, Test Loss: 5.1978
Epoch 131 / 200
Duration: 110s, Train Loss: 11.6570, Train Acc: 0.9224， Test Acc : 0.9187, Test Loss: 5.2483
Epoch 132 / 200
Duration: 108s, Train Loss: 11.0933, Train Acc: 0.9266， Test Acc : 0.9266, Test Loss: 5.1755
Epoch 133 / 200
Duration: 108s, Train Loss: 11.7088, Train Acc: 0.9195， Test Acc : 0.9264, Test Loss: 5.3184
Epoch 134 / 200
Duration: 107s, Train Loss: 10.8741, Train Acc: 0.9236， Test Acc : 0.9192, Test Loss: 6.3292
Epoch 135 / 200
Duration: 109s, Train Loss: 11.1054, Train Acc: 0.9262， Test Acc : 0.9220, Test Loss: 7.7499
Epoch 136 / 200
Duration: 109s, Train Loss: 10.7037, Train Acc: 0.9268， Test Acc : 0.9256, Test Loss: 5.4559
Epoch 137 / 200
Duration: 108s, Train Loss: 10.6925, Train Acc: 0.9266， Test Acc : 0.9264, Test Loss: 5.2541
Epoch 138 / 200
Duration: 108s, Train Loss: 9.9545, Train Acc: 0.9317， Test Acc : 0.9287, Test Loss: 5.1496
Epoch 139 / 200
Duration: 108s, Train Loss: 11.1691, Train Acc: 0.9267， Test Acc : 0.9243, Test Loss: 5.3509
Epoch 140 / 200
Duration: 109s, Train Loss: 10.3747, Train Acc: 0.9310， Test Acc : 0.9294, Test Loss: 4.9994
Epoch 141 / 200
Duration: 108s, Train Loss: 9.7662, Train Acc: 0.9322， Test Acc : 0.9225, Test Loss: 5.6308
Epoch 142 / 200
Duration: 108s, Train Loss: 10.2090, Train Acc: 0.9339， Test Acc : 0.9269, Test Loss: 5.2639
Epoch 143 / 200
Duration: 108s, Train Loss: 10.2384, Train Acc: 0.9310， Test Acc : 0.9261, Test Loss: 5.0570
Epoch 144 / 200
Duration: 108s, Train Loss: 9.4788, Train Acc: 0.9361， Test Acc : 0.9304, Test Loss: 5.0678
Epoch 145 / 200
Duration: 109s, Train Loss: 10.1403, Train Acc: 0.9337， Test Acc : 0.9266, Test Loss: 5.2635
Epoch 146 / 200
Duration: 108s, Train Loss: 9.6054, Train Acc: 0.9347， Test Acc : 0.9304, Test Loss: 5.1487
Epoch 147 / 200
Duration: 108s, Train Loss: 9.1696, Train Acc: 0.9385， Test Acc : 0.9310, Test Loss: 5.0245
Epoch 148 / 200
Duration: 108s, Train Loss: 9.5618, Train Acc: 0.9363， Test Acc : 0.9304, Test Loss: 5.1366
Epoch 149 / 200
Duration: 108s, Train Loss: 8.7311, Train Acc: 0.9401， Test Acc : 0.9361, Test Loss: 4.9289
Epoch 150 / 200
Duration: 109s, Train Loss: 9.5354, Train Acc: 0.9325， Test Acc : 0.9289, Test Loss: 5.1444
Epoch 151 / 200
Duration: 108s, Train Loss: 8.6916, Train Acc: 0.9371， Test Acc : 0.9279, Test Loss: 5.2035
Epoch 152 / 200
Duration: 108s, Train Loss: 8.6875, Train Acc: 0.9430， Test Acc : 0.9304, Test Loss: 5.0009
Epoch 153 / 200
Duration: 108s, Train Loss: 9.1148, Train Acc: 0.9374， Test Acc : 0.9264, Test Loss: 5.1991
Epoch 154 / 200
Duration: 109s, Train Loss: 9.4875, Train Acc: 0.9356， Test Acc : 0.9284, Test Loss: 5.2034
Epoch 155 / 200
Duration: 108s, Train Loss: 8.7800, Train Acc: 0.9412， Test Acc : 0.9350, Test Loss: 5.0247
Epoch 156 / 200
Duration: 108s, Train Loss: 8.4485, Train Acc: 0.9409， Test Acc : 0.9317, Test Loss: 4.8995
Epoch 157 / 200
Duration: 108s, Train Loss: 8.7868, Train Acc: 0.9400， Test Acc : 0.9322, Test Loss: 4.8594
Epoch 158 / 200
Duration: 108s, Train Loss: 8.9103, Train Acc: 0.9382， Test Acc : 0.9287, Test Loss: 5.1980
Epoch 159 / 200
Duration: 109s, Train Loss: 8.4841, Train Acc: 0.9428， Test Acc : 0.9322, Test Loss: 5.0503
Epoch 160 / 200
Duration: 108s, Train Loss: 8.9421, Train Acc: 0.9386， Test Acc : 0.9355, Test Loss: 5.0845
Epoch 161 / 200
Duration: 108s, Train Loss: 8.3588, Train Acc: 0.9437， Test Acc : 0.9358, Test Loss: 4.7502
Epoch 162 / 200
Duration: 108s, Train Loss: 8.2924, Train Acc: 0.9448， Test Acc : 0.9340, Test Loss: 4.7250
Epoch 163 / 200
Duration: 108s, Train Loss: 8.1558, Train Acc: 0.9469， Test Acc : 0.9350, Test Loss: 5.0285
Epoch 164 / 200
Duration: 109s, Train Loss: 8.8341, Train Acc: 0.9412， Test Acc : 0.9327, Test Loss: 4.9376
Epoch 165 / 200
Duration: 108s, Train Loss: 8.0689, Train Acc: 0.9474， Test Acc : 0.9338, Test Loss: 4.8329
Epoch 166 / 200
Duration: 108s, Train Loss: 7.6583, Train Acc: 0.9468， Test Acc : 0.9325, Test Loss: 4.8333
Epoch 167 / 200
Duration: 108s, Train Loss: 8.0897, Train Acc: 0.9466， Test Acc : 0.9355, Test Loss: 4.8743
Epoch 168 / 200
Duration: 108s, Train Loss: 7.8920, Train Acc: 0.9465， Test Acc : 0.9320, Test Loss: 4.7507
Epoch 169 / 200
Duration: 109s, Train Loss: 7.5564, Train Acc: 0.9496， Test Acc : 0.9355, Test Loss: 4.7201
Epoch 170 / 200
Duration: 108s, Train Loss: 8.3931, Train Acc: 0.9429， Test Acc : 0.9348, Test Loss: 4.6903
Epoch 171 / 200
Duration: 108s, Train Loss: 7.3759, Train Acc: 0.9509， Test Acc : 0.9381, Test Loss: 4.7205
Epoch 172 / 200
Duration: 108s, Train Loss: 7.4301, Train Acc: 0.9509， Test Acc : 0.9381, Test Loss: 4.7368
Epoch 173 / 200
Duration: 108s, Train Loss: 7.4670, Train Acc: 0.9500， Test Acc : 0.9366, Test Loss: 4.6507
Epoch 174 / 200
Duration: 109s, Train Loss: 7.8172, Train Acc: 0.9467， Test Acc : 0.9381, Test Loss: 4.7101
Epoch 175 / 200
Duration: 108s, Train Loss: 7.2747, Train Acc: 0.9502， Test Acc : 0.9361, Test Loss: 4.8136
Epoch 176 / 200
Duration: 108s, Train Loss: 7.4671, Train Acc: 0.9483， Test Acc : 0.9378, Test Loss: 4.8303
Epoch 177 / 200
Duration: 108s, Train Loss: 7.2739, Train Acc: 0.9521， Test Acc : 0.9353, Test Loss: 4.7424
Epoch 178 / 200
Duration: 108s, Train Loss: 7.7475, Train Acc: 0.9502， Test Acc : 0.9361, Test Loss: 4.5700
Epoch 179 / 200
Duration: 109s, Train Loss: 7.6524, Train Acc: 0.9507， Test Acc : 0.9343, Test Loss: 4.7649
Epoch 180 / 200
Duration: 108s, Train Loss: 7.3832, Train Acc: 0.9503， Test Acc : 0.9378, Test Loss: 4.7741
Epoch 181 / 200
Duration: 108s, Train Loss: 7.4812, Train Acc: 0.9502， Test Acc : 0.9399, Test Loss: 4.5658
Epoch 182 / 200
Duration: 108s, Train Loss: 7.2333, Train Acc: 0.9527， Test Acc : 0.9396, Test Loss: 4.4888
Epoch 183 / 200
Duration: 108s, Train Loss: 7.1493, Train Acc: 0.9530， Test Acc : 0.9396, Test Loss: 4.6335
Epoch 184 / 200
Duration: 110s, Train Loss: 6.8338, Train Acc: 0.9537， Test Acc : 0.9429, Test Loss: 4.5508
Epoch 185 / 200
Duration: 108s, Train Loss: 7.1689, Train Acc: 0.9533， Test Acc : 0.9401, Test Loss: 4.5453
Epoch 186 / 200
Duration: 108s, Train Loss: 7.0247, Train Acc: 0.9535， Test Acc : 0.9417, Test Loss: 4.6373
Epoch 187 / 200
Duration: 108s, Train Loss: 6.6331, Train Acc: 0.9559， Test Acc : 0.9396, Test Loss: 4.6387
Epoch 188 / 200
Duration: 108s, Train Loss: 6.7744, Train Acc: 0.9544， Test Acc : 0.9391, Test Loss: 4.7118
Epoch 189 / 200
Duration: 109s, Train Loss: 6.8375, Train Acc: 0.9527， Test Acc : 0.9404, Test Loss: 4.5415
Epoch 190 / 200
Duration: 108s, Train Loss: 6.8236, Train Acc: 0.9544， Test Acc : 0.9389, Test Loss: 4.5593
Epoch 191 / 200
Duration: 108s, Train Loss: 7.0890, Train Acc: 0.9547， Test Acc : 0.9378, Test Loss: 4.7124
Epoch 192 / 200
Duration: 108s, Train Loss: 6.7631, Train Acc: 0.9549， Test Acc : 0.9404, Test Loss: 4.6727
Epoch 193 / 200
Duration: 108s, Train Loss: 6.4659, Train Acc: 0.9565， Test Acc : 0.9389, Test Loss: 4.6314
Epoch 194 / 200
Duration: 109s, Train Loss: 7.0045, Train Acc: 0.9509， Test Acc : 0.9396, Test Loss: 4.5830
Epoch 195 / 200
Duration: 108s, Train Loss: 6.9700, Train Acc: 0.9533， Test Acc : 0.9414, Test Loss: 4.7167
Epoch 196 / 200
Duration: 108s, Train Loss: 6.5471, Train Acc: 0.9551， Test Acc : 0.9411, Test Loss: 4.5988
Epoch 197 / 200
Duration: 108s, Train Loss: 6.0633, Train Acc: 0.9593， Test Acc : 0.9396, Test Loss: 4.6456
Epoch 198 / 200
Duration: 108s, Train Loss: 6.1583, Train Acc: 0.9577， Test Acc : 0.9399, Test Loss: 4.6610
Epoch 199 / 200
Duration: 109s, Train Loss: 6.4741, Train Acc: 0.9563， Test Acc : 0.9391, Test Loss: 4.6350
Total Time:21703s
Best Accuracy of the network on the test images: 94.2930 %
Best epoch: 184


