nohup: ignoring input
Ranger optimizer loaded. 
Gradient Centralization usage = True
GC applied to both conv and fc layers
Epoch 0 / 200
Duration: 106s, Train Loss: 29.6772, Train Acc: 0.2560， Test Acc : 0.3817, Test Loss: 10.2923
Epoch 1 / 200
Duration: 108s, Train Loss: 25.6003, Train Acc: 0.3641， Test Acc : 0.4492, Test Loss: 9.5871
Epoch 2 / 200
Duration: 106s, Train Loss: 22.7843, Train Acc: 0.4539， Test Acc : 0.5781, Test Loss: 7.4737
Epoch 3 / 200
Duration: 108s, Train Loss: 21.1110, Train Acc: 0.5002， Test Acc : 0.6003, Test Loss: 7.1696
Epoch 4 / 200
Duration: 107s, Train Loss: 19.9809, Train Acc: 0.5276， Test Acc : 0.5725, Test Loss: 7.9160
Epoch 5 / 200
Duration: 107s, Train Loss: 18.8524, Train Acc: 0.5599， Test Acc : 0.6846, Test Loss: 5.6971
Epoch 6 / 200
Duration: 108s, Train Loss: 18.5009, Train Acc: 0.5721， Test Acc : 0.6767, Test Loss: 5.8595
Epoch 7 / 200
Duration: 107s, Train Loss: 17.7184, Train Acc: 0.5895， Test Acc : 0.6792, Test Loss: 5.9237
Epoch 8 / 200
Duration: 107s, Train Loss: 17.2026, Train Acc: 0.6077， Test Acc : 0.7287, Test Loss: 5.0851
Epoch 9 / 200
Duration: 107s, Train Loss: 16.5568, Train Acc: 0.6161， Test Acc : 0.6861, Test Loss: 5.7851
Epoch 10 / 200
Duration: 107s, Train Loss: 15.8962, Train Acc: 0.6415， Test Acc : 0.7065, Test Loss: 5.4129
Epoch 11 / 200
Duration: 107s, Train Loss: 16.3247, Train Acc: 0.6327， Test Acc : 0.7414, Test Loss: 4.7698
Epoch 12 / 200
Duration: 108s, Train Loss: 16.2147, Train Acc: 0.6298， Test Acc : 0.7236, Test Loss: 5.1710
Epoch 13 / 200
Duration: 107s, Train Loss: 15.7266, Train Acc: 0.6418， Test Acc : 0.7251, Test Loss: 5.0962
Epoch 14 / 200
Duration: 107s, Train Loss: 15.1169, Train Acc: 0.6558， Test Acc : 0.7694, Test Loss: 4.3284
Epoch 15 / 200
Duration: 107s, Train Loss: 14.5430, Train Acc: 0.6743， Test Acc : 0.7386, Test Loss: 5.0742
Epoch 16 / 200
Duration: 107s, Train Loss: 15.2004, Train Acc: 0.6551， Test Acc : 0.7445, Test Loss: 4.8612
Epoch 17 / 200
Duration: 108s, Train Loss: 14.7828, Train Acc: 0.6654， Test Acc : 0.7722, Test Loss: 4.3053
Epoch 18 / 200
Duration: 107s, Train Loss: 14.0246, Train Acc: 0.6790， Test Acc : 0.7740, Test Loss: 4.2322
Epoch 19 / 200
Duration: 107s, Train Loss: 14.3062, Train Acc: 0.6800， Test Acc : 0.7287, Test Loss: 4.9377
Epoch 20 / 200
Duration: 107s, Train Loss: 13.8829, Train Acc: 0.6804， Test Acc : 0.7511, Test Loss: 4.6902
Epoch 21 / 200
Duration: 107s, Train Loss: 13.9350, Train Acc: 0.6869， Test Acc : 0.7847, Test Loss: 3.9809
Epoch 22 / 200
Duration: 107s, Train Loss: 13.3633, Train Acc: 0.6954， Test Acc : 0.7419, Test Loss: 4.9989
Epoch 23 / 200
Duration: 108s, Train Loss: 13.1953, Train Acc: 0.7000， Test Acc : 0.8117, Test Loss: 3.5957
Epoch 24 / 200
Duration: 107s, Train Loss: 12.8827, Train Acc: 0.7075， Test Acc : 0.8074, Test Loss: 3.6625
Epoch 25 / 200
Duration: 107s, Train Loss: 12.6143, Train Acc: 0.7186， Test Acc : 0.7141, Test Loss: 5.7255
Epoch 26 / 200
Duration: 107s, Train Loss: 14.1498, Train Acc: 0.6763， Test Acc : 0.7957, Test Loss: 3.7213
Epoch 27 / 200
Duration: 107s, Train Loss: 12.3504, Train Acc: 0.7223， Test Acc : 0.8173, Test Loss: 3.3808
Epoch 28 / 200
Duration: 107s, Train Loss: 11.8012, Train Acc: 0.7375， Test Acc : 0.8051, Test Loss: 3.6802
Epoch 29 / 200
Duration: 108s, Train Loss: 11.4371, Train Acc: 0.7393， Test Acc : 0.8380, Test Loss: 3.0592
Epoch 30 / 200
Duration: 107s, Train Loss: 11.9990, Train Acc: 0.7300， Test Acc : 0.7916, Test Loss: 3.7930
Epoch 31 / 200
Duration: 107s, Train Loss: 11.8119, Train Acc: 0.7328， Test Acc : 0.8313, Test Loss: 3.2550
Epoch 32 / 200
Duration: 107s, Train Loss: 10.9557, Train Acc: 0.7510， Test Acc : 0.8420, Test Loss: 2.9440
Epoch 33 / 200
Duration: 107s, Train Loss: 10.9038, Train Acc: 0.7546， Test Acc : 0.8127, Test Loss: 3.4454
Epoch 34 / 200
Duration: 108s, Train Loss: 12.0185, Train Acc: 0.7270， Test Acc : 0.7192, Test Loss: 5.3062
Epoch 35 / 200
Duration: 107s, Train Loss: 13.9834, Train Acc: 0.6885， Test Acc : 0.8227, Test Loss: 3.4349
Epoch 36 / 200
Duration: 107s, Train Loss: 13.2024, Train Acc: 0.6988， Test Acc : 0.8324, Test Loss: 3.1115
Epoch 37 / 200
Duration: 107s, Train Loss: 11.0618, Train Acc: 0.7466， Test Acc : 0.8436, Test Loss: 2.9142
Epoch 38 / 200
Duration: 107s, Train Loss: 10.6481, Train Acc: 0.7540， Test Acc : 0.7941, Test Loss: 4.7597
Epoch 39 / 200
Duration: 107s, Train Loss: 10.9204, Train Acc: 0.7578， Test Acc : 0.8273, Test Loss: 3.3091
Epoch 40 / 200
Duration: 108s, Train Loss: 12.2777, Train Acc: 0.7226， Test Acc : 0.8217, Test Loss: 3.4581
Epoch 41 / 200
Duration: 107s, Train Loss: 10.9991, Train Acc: 0.7532， Test Acc : 0.8464, Test Loss: 2.8648
Epoch 42 / 200
Duration: 107s, Train Loss: 10.4227, Train Acc: 0.7664， Test Acc : 0.8515, Test Loss: 2.8657
Epoch 43 / 200
Duration: 105s, Train Loss: 10.4465, Train Acc: 0.7648， Test Acc : 0.8438, Test Loss: 2.8494
Epoch 44 / 200
Duration: 108s, Train Loss: 9.9098, Train Acc: 0.7744， Test Acc : 0.8512, Test Loss: 2.7336
Epoch 45 / 200
Duration: 106s, Train Loss: 9.5123, Train Acc: 0.7841， Test Acc : 0.8540, Test Loss: 2.7684
Epoch 46 / 200
Duration: 110s, Train Loss: 9.6025, Train Acc: 0.7773， Test Acc : 0.8166, Test Loss: 4.2896
Epoch 47 / 200
Duration: 107s, Train Loss: 10.5055, Train Acc: 0.7640， Test Acc : 0.8665, Test Loss: 2.4544
Epoch 48 / 200
Duration: 107s, Train Loss: 8.9894, Train Acc: 0.7931， Test Acc : 0.8675, Test Loss: 2.3982
Epoch 49 / 200
Duration: 107s, Train Loss: 9.7235, Train Acc: 0.7723， Test Acc : 0.8466, Test Loss: 2.8103
Epoch 50 / 200
Duration: 107s, Train Loss: 10.9245, Train Acc: 0.7583， Test Acc : 0.8476, Test Loss: 2.9521
Epoch 51 / 200
Duration: 108s, Train Loss: 9.2120, Train Acc: 0.7892， Test Acc : 0.8678, Test Loss: 2.3521
Epoch 52 / 200
Duration: 107s, Train Loss: 9.0314, Train Acc: 0.7929， Test Acc : 0.8627, Test Loss: 2.5112
Epoch 53 / 200
Duration: 107s, Train Loss: 8.5983, Train Acc: 0.8030， Test Acc : 0.8777, Test Loss: 2.2843
Epoch 54 / 200
Duration: 107s, Train Loss: 8.6389, Train Acc: 0.8064， Test Acc : 0.8775, Test Loss: 2.3274
Epoch 55 / 200
Duration: 107s, Train Loss: 8.1945, Train Acc: 0.8098， Test Acc : 0.8609, Test Loss: 2.6338
Epoch 56 / 200
Duration: 107s, Train Loss: 8.6643, Train Acc: 0.7990， Test Acc : 0.8634, Test Loss: 2.5972
Epoch 57 / 200
Duration: 108s, Train Loss: 8.3933, Train Acc: 0.8088， Test Acc : 0.8831, Test Loss: 2.2098
Epoch 58 / 200
Duration: 107s, Train Loss: 9.3303, Train Acc: 0.7909， Test Acc : 0.8497, Test Loss: 2.8258
Epoch 59 / 200
Duration: 107s, Train Loss: 10.5126, Train Acc: 0.7662， Test Acc : 0.8601, Test Loss: 2.5827
Epoch 60 / 200
Duration: 107s, Train Loss: 8.5140, Train Acc: 0.8090， Test Acc : 0.8690, Test Loss: 2.4703
Epoch 61 / 200
Duration: 107s, Train Loss: 8.0664, Train Acc: 0.8138， Test Acc : 0.8772, Test Loss: 2.2656
Epoch 62 / 200
Duration: 107s, Train Loss: 7.6320, Train Acc: 0.8215， Test Acc : 0.8762, Test Loss: 2.4491
Epoch 63 / 200
Duration: 108s, Train Loss: 7.6239, Train Acc: 0.8240， Test Acc : 0.8734, Test Loss: 2.3481
Epoch 64 / 200
Duration: 107s, Train Loss: 7.9489, Train Acc: 0.8223， Test Acc : 0.8785, Test Loss: 2.2801
Epoch 65 / 200
Duration: 107s, Train Loss: 8.5149, Train Acc: 0.8103， Test Acc : 0.8828, Test Loss: 2.2317
Epoch 66 / 200
Duration: 107s, Train Loss: 7.8152, Train Acc: 0.8231， Test Acc : 0.8749, Test Loss: 2.4974
Epoch 67 / 200
Duration: 107s, Train Loss: 7.5429, Train Acc: 0.8295， Test Acc : 0.8910, Test Loss: 2.1078
Epoch 68 / 200
Duration: 108s, Train Loss: 7.5558, Train Acc: 0.8263， Test Acc : 0.8879, Test Loss: 2.0754
Epoch 69 / 200
Duration: 107s, Train Loss: 7.1769, Train Acc: 0.8330， Test Acc : 0.8920, Test Loss: 2.0280
Epoch 70 / 200
Duration: 107s, Train Loss: 6.9168, Train Acc: 0.8391， Test Acc : 0.8762, Test Loss: 2.3850
Epoch 71 / 200
Duration: 107s, Train Loss: 7.3311, Train Acc: 0.8330， Test Acc : 0.8945, Test Loss: 2.0015
Epoch 72 / 200
Duration: 107s, Train Loss: 6.9798, Train Acc: 0.8412， Test Acc : 0.8943, Test Loss: 1.9408
Epoch 73 / 200
Duration: 107s, Train Loss: 6.8846, Train Acc: 0.8413， Test Acc : 0.8882, Test Loss: 2.1227
Epoch 74 / 200
Duration: 108s, Train Loss: 6.6239, Train Acc: 0.8456， Test Acc : 0.8859, Test Loss: 2.2151
Epoch 75 / 200
Duration: 107s, Train Loss: 6.7216, Train Acc: 0.8476， Test Acc : 0.8932, Test Loss: 1.9232
Epoch 76 / 200
Duration: 107s, Train Loss: 6.3463, Train Acc: 0.8558， Test Acc : 0.8973, Test Loss: 1.9626
Epoch 77 / 200
Duration: 107s, Train Loss: 6.4247, Train Acc: 0.8505， Test Acc : 0.8907, Test Loss: 2.1451
Epoch 78 / 200
Duration: 107s, Train Loss: 7.1769, Train Acc: 0.8359， Test Acc : 0.8935, Test Loss: 1.9626
Epoch 79 / 200
Duration: 107s, Train Loss: 7.1653, Train Acc: 0.8351， Test Acc : 0.9050, Test Loss: 1.8251
Epoch 80 / 200
Duration: 107s, Train Loss: 6.3578, Train Acc: 0.8518， Test Acc : 0.8925, Test Loss: 1.9490
Epoch 81 / 200
Duration: 105s, Train Loss: 6.7055, Train Acc: 0.8494， Test Acc : 0.8958, Test Loss: 1.9939
Epoch 82 / 200
Duration: 108s, Train Loss: 6.2016, Train Acc: 0.8607， Test Acc : 0.9006, Test Loss: 1.8212
Epoch 83 / 200
Duration: 107s, Train Loss: 7.3149, Train Acc: 0.8330， Test Acc : 0.8856, Test Loss: 2.5191
Epoch 84 / 200
Duration: 107s, Train Loss: 6.3318, Train Acc: 0.8548， Test Acc : 0.8973, Test Loss: 1.9128
Epoch 85 / 200
Duration: 108s, Train Loss: 6.2112, Train Acc: 0.8573， Test Acc : 0.8871, Test Loss: 2.1580
Epoch 86 / 200
Duration: 107s, Train Loss: 5.8695, Train Acc: 0.8605， Test Acc : 0.9029, Test Loss: 1.8377
Epoch 87 / 200
Duration: 107s, Train Loss: 5.9022, Train Acc: 0.8670， Test Acc : 0.9037, Test Loss: 1.8485
Epoch 88 / 200
Duration: 107s, Train Loss: 6.5254, Train Acc: 0.8515， Test Acc : 0.8892, Test Loss: 2.0795
Epoch 89 / 200
Duration: 107s, Train Loss: 5.8339, Train Acc: 0.8676， Test Acc : 0.8884, Test Loss: 2.9742
Epoch 90 / 200
Duration: 107s, Train Loss: 5.7538, Train Acc: 0.8664， Test Acc : 0.9050, Test Loss: 1.8328
Epoch 91 / 200
Duration: 107s, Train Loss: 6.0418, Train Acc: 0.8624， Test Acc : 0.8749, Test Loss: 2.7927
Epoch 92 / 200
Duration: 108s, Train Loss: 6.4468, Train Acc: 0.8550， Test Acc : 0.9070, Test Loss: 1.8646
Epoch 93 / 200
Duration: 107s, Train Loss: 5.7293, Train Acc: 0.8688， Test Acc : 0.9075, Test Loss: 1.7940
Epoch 94 / 200
Duration: 107s, Train Loss: 6.0231, Train Acc: 0.8625， Test Acc : 0.9103, Test Loss: 1.7403
Epoch 95 / 200
Duration: 107s, Train Loss: 5.5091, Train Acc: 0.8732， Test Acc : 0.9001, Test Loss: 1.9250
Epoch 96 / 200
Duration: 107s, Train Loss: 5.5338, Train Acc: 0.8743， Test Acc : 0.9024, Test Loss: 1.8729
Epoch 97 / 200
Duration: 108s, Train Loss: 5.5841, Train Acc: 0.8779， Test Acc : 0.9068, Test Loss: 1.8331
Epoch 98 / 200
Duration: 107s, Train Loss: 5.5217, Train Acc: 0.8716， Test Acc : 0.9096, Test Loss: 1.7275
Epoch 99 / 200
Duration: 107s, Train Loss: 5.2979, Train Acc: 0.8791， Test Acc : 0.9078, Test Loss: 1.7331
Epoch 100 / 200
Duration: 107s, Train Loss: 5.6326, Train Acc: 0.8714， Test Acc : 0.9088, Test Loss: 1.6818
Epoch 101 / 200
Duration: 107s, Train Loss: 5.1769, Train Acc: 0.8799， Test Acc : 0.9144, Test Loss: 1.5777
Epoch 102 / 200
Duration: 107s, Train Loss: 5.1351, Train Acc: 0.8809， Test Acc : 0.9131, Test Loss: 1.6313
Epoch 103 / 200
Duration: 108s, Train Loss: 5.2206, Train Acc: 0.8828， Test Acc : 0.9113, Test Loss: 1.7463
Epoch 104 / 200
Duration: 105s, Train Loss: 4.8158, Train Acc: 0.8874， Test Acc : 0.9088, Test Loss: 1.7322
Epoch 105 / 200
Duration: 108s, Train Loss: 4.8978, Train Acc: 0.8883， Test Acc : 0.9236, Test Loss: 1.5763
Epoch 106 / 200
Duration: 107s, Train Loss: 5.0744, Train Acc: 0.8853， Test Acc : 0.9121, Test Loss: 1.7042
Epoch 107 / 200
Duration: 107s, Train Loss: 5.4058, Train Acc: 0.8755， Test Acc : 0.9152, Test Loss: 1.6620
Epoch 108 / 200
Duration: 107s, Train Loss: 4.8989, Train Acc: 0.8881， Test Acc : 0.9108, Test Loss: 1.7327
Epoch 109 / 200
Duration: 108s, Train Loss: 4.7470, Train Acc: 0.8918， Test Acc : 0.9088, Test Loss: 1.7755
Epoch 110 / 200
Duration: 107s, Train Loss: 4.7371, Train Acc: 0.8890， Test Acc : 0.9177, Test Loss: 1.6103
Epoch 111 / 200
Duration: 107s, Train Loss: 4.8636, Train Acc: 0.8887， Test Acc : 0.9192, Test Loss: 1.5796
Epoch 112 / 200
Duration: 105s, Train Loss: 4.8286, Train Acc: 0.8901， Test Acc : 0.9121, Test Loss: 1.6763
Epoch 113 / 200
Duration: 108s, Train Loss: 4.4402, Train Acc: 0.8976， Test Acc : 0.9162, Test Loss: 1.6315
Epoch 114 / 200
Duration: 107s, Train Loss: 4.4645, Train Acc: 0.8946， Test Acc : 0.9070, Test Loss: 1.6991
Epoch 115 / 200
Duration: 108s, Train Loss: 4.3761, Train Acc: 0.8993， Test Acc : 0.9167, Test Loss: 1.6689
Epoch 116 / 200
Duration: 107s, Train Loss: 4.4642, Train Acc: 0.8983， Test Acc : 0.9027, Test Loss: 2.3014
Epoch 117 / 200
Duration: 107s, Train Loss: 4.4582, Train Acc: 0.8988， Test Acc : 0.9205, Test Loss: 1.6035
Epoch 118 / 200
Duration: 107s, Train Loss: 4.2891, Train Acc: 0.9002， Test Acc : 0.9078, Test Loss: 1.7215
Epoch 119 / 200
Duration: 105s, Train Loss: 4.4879, Train Acc: 0.8956， Test Acc : 0.9157, Test Loss: 1.6393
Epoch 120 / 200
Duration: 108s, Train Loss: 4.4030, Train Acc: 0.8995， Test Acc : 0.9180, Test Loss: 1.5991
Epoch 121 / 200
Duration: 108s, Train Loss: 4.0802, Train Acc: 0.9078， Test Acc : 0.9134, Test Loss: 1.7181
Epoch 122 / 200
Duration: 107s, Train Loss: 4.0255, Train Acc: 0.9075， Test Acc : 0.9149, Test Loss: 1.7087
Epoch 123 / 200
Duration: 107s, Train Loss: 4.1713, Train Acc: 0.9057， Test Acc : 0.9215, Test Loss: 1.5991
Epoch 124 / 200
Duration: 107s, Train Loss: 4.0190, Train Acc: 0.9083， Test Acc : 0.9208, Test Loss: 1.5887
Epoch 125 / 200
Duration: 107s, Train Loss: 4.0600, Train Acc: 0.9075， Test Acc : 0.9141, Test Loss: 1.6603
Epoch 126 / 200
Duration: 107s, Train Loss: 3.8965, Train Acc: 0.9069， Test Acc : 0.9225, Test Loss: 1.5706
Epoch 127 / 200
Duration: 107s, Train Loss: 4.0662, Train Acc: 0.9078， Test Acc : 0.9259, Test Loss: 1.4357
Epoch 128 / 200
Duration: 107s, Train Loss: 3.8278, Train Acc: 0.9103， Test Acc : 0.9243, Test Loss: 1.6997
Epoch 129 / 200
Duration: 107s, Train Loss: 3.6466, Train Acc: 0.9157， Test Acc : 0.9200, Test Loss: 1.4879
Epoch 130 / 200
Duration: 107s, Train Loss: 3.8739, Train Acc: 0.9113， Test Acc : 0.9225, Test Loss: 1.6631
Epoch 131 / 200
Duration: 105s, Train Loss: 4.0055, Train Acc: 0.9098， Test Acc : 0.9256, Test Loss: 1.4595
Epoch 132 / 200
Duration: 108s, Train Loss: 4.2013, Train Acc: 0.9047， Test Acc : 0.8986, Test Loss: 2.4635
Epoch 133 / 200
Duration: 107s, Train Loss: 3.9908, Train Acc: 0.9116， Test Acc : 0.9162, Test Loss: 1.6991
Epoch 134 / 200
Duration: 108s, Train Loss: 3.7289, Train Acc: 0.9174， Test Acc : 0.9172, Test Loss: 1.5924
Epoch 135 / 200
Duration: 107s, Train Loss: 3.7752, Train Acc: 0.9148， Test Acc : 0.9213, Test Loss: 1.5548
Epoch 136 / 200
Duration: 107s, Train Loss: 3.6986, Train Acc: 0.9149， Test Acc : 0.9187, Test Loss: 1.5370
Epoch 137 / 200
Duration: 107s, Train Loss: 3.5259, Train Acc: 0.9192， Test Acc : 0.9228, Test Loss: 1.5218
Epoch 138 / 200
Duration: 107s, Train Loss: 3.6527, Train Acc: 0.9171， Test Acc : 0.9210, Test Loss: 1.5266
Epoch 139 / 200
Duration: 107s, Train Loss: 3.6155, Train Acc: 0.9163， Test Acc : 0.9243, Test Loss: 1.5099
Epoch 140 / 200
Duration: 108s, Train Loss: 3.4292, Train Acc: 0.9196， Test Acc : 0.9228, Test Loss: 1.4547
Epoch 141 / 200
Duration: 107s, Train Loss: 3.2982, Train Acc: 0.9231， Test Acc : 0.9279, Test Loss: 1.4516
Epoch 142 / 200
Duration: 107s, Train Loss: 3.2484, Train Acc: 0.9232， Test Acc : 0.9238, Test Loss: 1.5040
Epoch 143 / 200
Duration: 107s, Train Loss: 3.4790, Train Acc: 0.9206， Test Acc : 0.9254, Test Loss: 1.4956
Epoch 144 / 200
Duration: 107s, Train Loss: 3.3446, Train Acc: 0.9209， Test Acc : 0.9269, Test Loss: 1.5233
Epoch 145 / 200
Duration: 107s, Train Loss: 3.4367, Train Acc: 0.9184， Test Acc : 0.9200, Test Loss: 1.5538
Epoch 146 / 200
Duration: 108s, Train Loss: 3.3918, Train Acc: 0.9206， Test Acc : 0.9289, Test Loss: 1.5174
Epoch 147 / 200
Duration: 107s, Train Loss: 3.1746, Train Acc: 0.9283， Test Acc : 0.9266, Test Loss: 1.4791
Epoch 148 / 200
Duration: 107s, Train Loss: 3.0908, Train Acc: 0.9288， Test Acc : 0.9248, Test Loss: 1.5105
Epoch 149 / 200
Duration: 107s, Train Loss: 3.0638, Train Acc: 0.9308， Test Acc : 0.9299, Test Loss: 1.4713
Epoch 150 / 200
Duration: 107s, Train Loss: 3.1719, Train Acc: 0.9295， Test Acc : 0.9294, Test Loss: 1.4436
Epoch 151 / 200
Duration: 107s, Train Loss: 3.1562, Train Acc: 0.9260， Test Acc : 0.9223, Test Loss: 1.5767
Epoch 152 / 200
Duration: 108s, Train Loss: 2.9803, Train Acc: 0.9305， Test Acc : 0.9266, Test Loss: 1.5044
Epoch 153 / 200
Duration: 107s, Train Loss: 3.0620, Train Acc: 0.9298， Test Acc : 0.9236, Test Loss: 1.6229
Epoch 154 / 200
Duration: 107s, Train Loss: 2.9719, Train Acc: 0.9333， Test Acc : 0.9261, Test Loss: 1.5767
Epoch 155 / 200
Duration: 107s, Train Loss: 3.1126, Train Acc: 0.9315， Test Acc : 0.9269, Test Loss: 1.4305
Epoch 156 / 200
Duration: 107s, Train Loss: 2.8632, Train Acc: 0.9357， Test Acc : 0.9254, Test Loss: 1.4274
Epoch 157 / 200
Duration: 107s, Train Loss: 2.9474, Train Acc: 0.9318， Test Acc : 0.9269, Test Loss: 1.4484
Epoch 158 / 200
Duration: 108s, Train Loss: 2.9678, Train Acc: 0.9322， Test Acc : 0.9266, Test Loss: 1.4783
Epoch 159 / 200
Duration: 107s, Train Loss: 3.0012, Train Acc: 0.9335， Test Acc : 0.9292, Test Loss: 1.4374
Epoch 160 / 200
Duration: 107s, Train Loss: 2.8112, Train Acc: 0.9385， Test Acc : 0.9261, Test Loss: 1.4411
Epoch 161 / 200
Duration: 107s, Train Loss: 2.8374, Train Acc: 0.9374， Test Acc : 0.9322, Test Loss: 1.3713
Epoch 162 / 200
Duration: 107s, Train Loss: 2.8097, Train Acc: 0.9367， Test Acc : 0.9282, Test Loss: 1.4540
Epoch 163 / 200
Duration: 107s, Train Loss: 2.8684, Train Acc: 0.9346， Test Acc : 0.9279, Test Loss: 1.4671
Epoch 164 / 200
Duration: 107s, Train Loss: 2.7461, Train Acc: 0.9375， Test Acc : 0.9317, Test Loss: 1.4080
Epoch 165 / 200
Duration: 108s, Train Loss: 2.6928, Train Acc: 0.9412， Test Acc : 0.9276, Test Loss: 1.4603
Epoch 166 / 200
Duration: 107s, Train Loss: 2.5657, Train Acc: 0.9434， Test Acc : 0.9294, Test Loss: 1.4529
Epoch 167 / 200
Duration: 107s, Train Loss: 2.6496, Train Acc: 0.9395， Test Acc : 0.9304, Test Loss: 1.4068
Epoch 168 / 200
Duration: 107s, Train Loss: 2.6590, Train Acc: 0.9385， Test Acc : 0.9276, Test Loss: 1.5293
Epoch 169 / 200
Duration: 107s, Train Loss: 2.7122, Train Acc: 0.9383， Test Acc : 0.9315, Test Loss: 1.3941
Epoch 170 / 200
Duration: 107s, Train Loss: 2.6845, Train Acc: 0.9409， Test Acc : 0.9312, Test Loss: 1.3968
Epoch 171 / 200
Duration: 108s, Train Loss: 2.4325, Train Acc: 0.9478， Test Acc : 0.9317, Test Loss: 1.4105
Epoch 172 / 200
Duration: 107s, Train Loss: 2.5213, Train Acc: 0.9417， Test Acc : 0.9315, Test Loss: 1.3636
Epoch 173 / 200
Duration: 107s, Train Loss: 2.6424, Train Acc: 0.9402， Test Acc : 0.9299, Test Loss: 1.3946
Epoch 174 / 200
Duration: 107s, Train Loss: 2.5883, Train Acc: 0.9420， Test Acc : 0.9307, Test Loss: 1.4226
Epoch 175 / 200
Duration: 107s, Train Loss: 2.4466, Train Acc: 0.9445， Test Acc : 0.9320, Test Loss: 1.3799
Epoch 176 / 200
Duration: 107s, Train Loss: 2.4581, Train Acc: 0.9438， Test Acc : 0.9274, Test Loss: 1.4399
Epoch 177 / 200
Duration: 108s, Train Loss: 2.5175, Train Acc: 0.9440， Test Acc : 0.9317, Test Loss: 1.4205
Epoch 178 / 200
Duration: 107s, Train Loss: 2.3669, Train Acc: 0.9483， Test Acc : 0.9343, Test Loss: 1.3462
Epoch 179 / 200
Duration: 107s, Train Loss: 2.3489, Train Acc: 0.9470， Test Acc : 0.9343, Test Loss: 1.3898
Epoch 180 / 200
Duration: 107s, Train Loss: 2.3289, Train Acc: 0.9461， Test Acc : 0.9348, Test Loss: 1.3556
Epoch 181 / 200
Duration: 107s, Train Loss: 2.4632, Train Acc: 0.9435， Test Acc : 0.9312, Test Loss: 1.3936
Epoch 182 / 200
Duration: 107s, Train Loss: 2.2882, Train Acc: 0.9471， Test Acc : 0.9332, Test Loss: 1.3438
Epoch 183 / 200
Duration: 108s, Train Loss: 2.4253, Train Acc: 0.9441， Test Acc : 0.9335, Test Loss: 1.3775
Epoch 184 / 200
Duration: 107s, Train Loss: 2.2756, Train Acc: 0.9491， Test Acc : 0.9320, Test Loss: 1.3883
Epoch 185 / 200
Duration: 107s, Train Loss: 2.3941, Train Acc: 0.9476， Test Acc : 0.9335, Test Loss: 1.3506
Epoch 186 / 200
Duration: 107s, Train Loss: 2.2693, Train Acc: 0.9492， Test Acc : 0.9338, Test Loss: 1.3508
Epoch 187 / 200
Duration: 107s, Train Loss: 2.3378, Train Acc: 0.9478， Test Acc : 0.9353, Test Loss: 1.3020
Epoch 188 / 200
Duration: 107s, Train Loss: 2.4079, Train Acc: 0.9459， Test Acc : 0.9345, Test Loss: 1.3330
Epoch 189 / 200
Duration: 108s, Train Loss: 2.3212, Train Acc: 0.9490， Test Acc : 0.9302, Test Loss: 1.3971
Epoch 190 / 200
Duration: 107s, Train Loss: 2.2674, Train Acc: 0.9479， Test Acc : 0.9325, Test Loss: 1.3466
Epoch 191 / 200
Duration: 107s, Train Loss: 2.4674, Train Acc: 0.9469， Test Acc : 0.9335, Test Loss: 1.3552
Epoch 192 / 200
Duration: 107s, Train Loss: 2.3865, Train Acc: 0.9471， Test Acc : 0.9320, Test Loss: 1.3359
Epoch 193 / 200
Duration: 107s, Train Loss: 2.3754, Train Acc: 0.9467， Test Acc : 0.9343, Test Loss: 1.3064
Epoch 194 / 200
Duration: 107s, Train Loss: 2.2870, Train Acc: 0.9473， Test Acc : 0.9322, Test Loss: 1.3662
Epoch 195 / 200
Duration: 108s, Train Loss: 2.2889, Train Acc: 0.9484， Test Acc : 0.9345, Test Loss: 1.3282
Epoch 196 / 200
Duration: 107s, Train Loss: 2.2338, Train Acc: 0.9513， Test Acc : 0.9348, Test Loss: 1.3483
Epoch 197 / 200
Duration: 107s, Train Loss: 2.2054, Train Acc: 0.9499， Test Acc : 0.9340, Test Loss: 1.3327
Epoch 198 / 200
Duration: 107s, Train Loss: 2.2055, Train Acc: 0.9511， Test Acc : 0.9330, Test Loss: 1.3484
Epoch 199 / 200
Duration: 107s, Train Loss: 2.2767, Train Acc: 0.9483， Test Acc : 0.9338, Test Loss: 1.3641
Total Time:21420s
Best Accuracy of the network on the test images: 93.5287 %
Best epoch: 187

