nohup: ignoring input
Ranger optimizer loaded. 
Gradient Centralization usage = True
GC applied to both conv and fc layers
Epoch 0 / 200
Duration: 22s, Train Loss: 12.7266, Train Acc: 0.3845， Test Acc : 0.5022, Test Loss: 4.7388
Epoch 1 / 200
Duration: 24s, Train Loss: 9.9997, Train Acc: 0.5277， Test Acc : 0.6344, Test Loss: 3.2925
Epoch 2 / 200
Duration: 24s, Train Loss: 8.9616, Train Acc: 0.5848， Test Acc : 0.7065, Test Loss: 2.7229
Epoch 3 / 200
Duration: 22s, Train Loss: 8.5250, Train Acc: 0.6112， Test Acc : 0.6729, Test Loss: 3.1879
Epoch 4 / 200
Duration: 24s, Train Loss: 7.7337, Train Acc: 0.6472， Test Acc : 0.7254, Test Loss: 2.5397
Epoch 5 / 200
Duration: 24s, Train Loss: 7.4100, Train Acc: 0.6658， Test Acc : 0.7478, Test Loss: 2.2953
Epoch 6 / 200
Duration: 22s, Train Loss: 6.9528, Train Acc: 0.6791， Test Acc : 0.7348, Test Loss: 2.5264
Epoch 7 / 200
Duration: 24s, Train Loss: 6.6113, Train Acc: 0.6989， Test Acc : 0.7732, Test Loss: 2.0322
Epoch 8 / 200
Duration: 24s, Train Loss: 6.4334, Train Acc: 0.7071， Test Acc : 0.7794, Test Loss: 2.0723
Epoch 9 / 200
Duration: 24s, Train Loss: 6.3536, Train Acc: 0.7083， Test Acc : 0.7727, Test Loss: 2.0765
Epoch 10 / 200
Duration: 22s, Train Loss: 5.9490, Train Acc: 0.7312， Test Acc : 0.8155, Test Loss: 1.7192
Epoch 11 / 200
Duration: 24s, Train Loss: 5.9554, Train Acc: 0.7311， Test Acc : 0.8102, Test Loss: 1.7434
Epoch 12 / 200
Duration: 24s, Train Loss: 5.6161, Train Acc: 0.7401， Test Acc : 0.8115, Test Loss: 1.7487
Epoch 13 / 200
Duration: 22s, Train Loss: 5.5430, Train Acc: 0.7478， Test Acc : 0.8268, Test Loss: 1.6340
Epoch 14 / 200
Duration: 24s, Train Loss: 5.4498, Train Acc: 0.7503， Test Acc : 0.8285, Test Loss: 1.5712
Epoch 15 / 200
Duration: 24s, Train Loss: 5.2911, Train Acc: 0.7598， Test Acc : 0.7862, Test Loss: 1.9450
Epoch 16 / 200
Duration: 22s, Train Loss: 5.2713, Train Acc: 0.7619， Test Acc : 0.8372, Test Loss: 1.4985
Epoch 17 / 200
Duration: 24s, Train Loss: 4.8981, Train Acc: 0.7785， Test Acc : 0.8428, Test Loss: 1.5105
Epoch 18 / 200
Duration: 24s, Train Loss: 4.8584, Train Acc: 0.7809， Test Acc : 0.8138, Test Loss: 1.7149
Epoch 19 / 200
Duration: 23s, Train Loss: 4.7362, Train Acc: 0.7840， Test Acc : 0.8482, Test Loss: 1.4492
Epoch 20 / 200
Duration: 24s, Train Loss: 4.6540, Train Acc: 0.7912， Test Acc : 0.8543, Test Loss: 1.4047
Epoch 21 / 200
Duration: 24s, Train Loss: 4.5833, Train Acc: 0.7941， Test Acc : 0.8385, Test Loss: 1.4460
Epoch 22 / 200
Duration: 24s, Train Loss: 4.6281, Train Acc: 0.7934， Test Acc : 0.8504, Test Loss: 1.3763
Epoch 23 / 200
Duration: 22s, Train Loss: 4.3980, Train Acc: 0.7999， Test Acc : 0.8680, Test Loss: 1.2599
Epoch 24 / 200
Duration: 24s, Train Loss: 4.3259, Train Acc: 0.8039， Test Acc : 0.8527, Test Loss: 1.4262
Epoch 25 / 200
Duration: 24s, Train Loss: 4.3338, Train Acc: 0.7996， Test Acc : 0.8604, Test Loss: 1.2876
Epoch 26 / 200
Duration: 22s, Train Loss: 4.0749, Train Acc: 0.8127， Test Acc : 0.8800, Test Loss: 1.1476
Epoch 27 / 200
Duration: 24s, Train Loss: 4.0505, Train Acc: 0.8200， Test Acc : 0.8652, Test Loss: 1.2573
Epoch 28 / 200
Duration: 24s, Train Loss: 4.0053, Train Acc: 0.8154， Test Acc : 0.8662, Test Loss: 1.2585
Epoch 29 / 200
Duration: 22s, Train Loss: 3.9345, Train Acc: 0.8224， Test Acc : 0.8752, Test Loss: 1.1949
Epoch 30 / 200
Duration: 24s, Train Loss: 3.8852, Train Acc: 0.8245， Test Acc : 0.8639, Test Loss: 1.3395
Epoch 31 / 200
Duration: 24s, Train Loss: 3.7896, Train Acc: 0.8269， Test Acc : 0.8617, Test Loss: 1.2509
Epoch 32 / 200
Duration: 22s, Train Loss: 3.7102, Train Acc: 0.8320， Test Acc : 0.8787, Test Loss: 1.1759
Epoch 33 / 200
Duration: 24s, Train Loss: 3.6984, Train Acc: 0.8330， Test Acc : 0.8655, Test Loss: 1.2581
Epoch 34 / 200
Duration: 24s, Train Loss: 3.5644, Train Acc: 0.8376， Test Acc : 0.8859, Test Loss: 1.0985
Epoch 35 / 200
Duration: 22s, Train Loss: 3.4699, Train Acc: 0.8396， Test Acc : 0.8820, Test Loss: 1.1270
Epoch 36 / 200
Duration: 24s, Train Loss: 3.5718, Train Acc: 0.8356， Test Acc : 0.8848, Test Loss: 1.0847
Epoch 37 / 200
Duration: 24s, Train Loss: 3.2730, Train Acc: 0.8523， Test Acc : 0.8889, Test Loss: 1.0782
Epoch 38 / 200
Duration: 24s, Train Loss: 3.3041, Train Acc: 0.8479， Test Acc : 0.8874, Test Loss: 1.0599
Epoch 39 / 200
Duration: 23s, Train Loss: 3.2987, Train Acc: 0.8492， Test Acc : 0.8861, Test Loss: 1.0998
Epoch 40 / 200
Duration: 24s, Train Loss: 3.2939, Train Acc: 0.8478， Test Acc : 0.8904, Test Loss: 1.0273
Epoch 41 / 200
Duration: 24s, Train Loss: 3.2296, Train Acc: 0.8502， Test Acc : 0.8927, Test Loss: 1.0979
Epoch 42 / 200
Duration: 23s, Train Loss: 3.2052, Train Acc: 0.8534， Test Acc : 0.8586, Test Loss: 1.3885
Epoch 43 / 200
Duration: 24s, Train Loss: 3.1609, Train Acc: 0.8584， Test Acc : 0.8711, Test Loss: 1.2648
Epoch 44 / 200
Duration: 24s, Train Loss: 2.9993, Train Acc: 0.8613， Test Acc : 0.8932, Test Loss: 1.0113
Epoch 45 / 200
Duration: 22s, Train Loss: 3.0017, Train Acc: 0.8612， Test Acc : 0.8866, Test Loss: 1.1412
Epoch 46 / 200
Duration: 24s, Train Loss: 2.9618, Train Acc: 0.8668， Test Acc : 0.8971, Test Loss: 1.0132
Epoch 47 / 200
Duration: 24s, Train Loss: 2.9963, Train Acc: 0.8602， Test Acc : 0.8966, Test Loss: 0.9762
Epoch 48 / 200
Duration: 23s, Train Loss: 3.0052, Train Acc: 0.8662， Test Acc : 0.8935, Test Loss: 1.0363
Epoch 49 / 200
Duration: 24s, Train Loss: 2.8879, Train Acc: 0.8682， Test Acc : 0.8899, Test Loss: 1.0422
Epoch 50 / 200
Duration: 24s, Train Loss: 2.7998, Train Acc: 0.8728， Test Acc : 0.9017, Test Loss: 1.0128
Epoch 51 / 200
Duration: 24s, Train Loss: 2.7715, Train Acc: 0.8751， Test Acc : 0.9027, Test Loss: 0.9421
Epoch 52 / 200
Duration: 23s, Train Loss: 2.6296, Train Acc: 0.8786， Test Acc : 0.9032, Test Loss: 0.9802
Epoch 53 / 200
Duration: 24s, Train Loss: 2.6758, Train Acc: 0.8822， Test Acc : 0.9045, Test Loss: 0.9940
Epoch 54 / 200
Duration: 24s, Train Loss: 2.6920, Train Acc: 0.8797， Test Acc : 0.8932, Test Loss: 1.0581
Epoch 55 / 200
Duration: 22s, Train Loss: 2.5350, Train Acc: 0.8819， Test Acc : 0.9055, Test Loss: 0.9288
Epoch 56 / 200
Duration: 24s, Train Loss: 2.5460, Train Acc: 0.8836， Test Acc : 0.9019, Test Loss: 0.9412
Epoch 57 / 200
Duration: 24s, Train Loss: 2.4980, Train Acc: 0.8876， Test Acc : 0.9055, Test Loss: 0.9168
Epoch 58 / 200
Duration: 22s, Train Loss: 2.4265, Train Acc: 0.8897， Test Acc : 0.9088, Test Loss: 0.9220
Epoch 59 / 200
Duration: 24s, Train Loss: 2.5485, Train Acc: 0.8847， Test Acc : 0.9024, Test Loss: 0.9529
Epoch 60 / 200
Duration: 24s, Train Loss: 2.3350, Train Acc: 0.8908， Test Acc : 0.8981, Test Loss: 1.0321
Epoch 61 / 200
Duration: 24s, Train Loss: 2.3669, Train Acc: 0.8909， Test Acc : 0.9055, Test Loss: 0.9874
Epoch 62 / 200
Duration: 23s, Train Loss: 2.3239, Train Acc: 0.8947， Test Acc : 0.9068, Test Loss: 0.9430
Epoch 63 / 200
Duration: 24s, Train Loss: 2.2087, Train Acc: 0.8985， Test Acc : 0.9055, Test Loss: 0.9889
Epoch 64 / 200
Duration: 24s, Train Loss: 2.3002, Train Acc: 0.8927， Test Acc : 0.9075, Test Loss: 0.9514
Epoch 65 / 200
Duration: 23s, Train Loss: 2.2417, Train Acc: 0.9002， Test Acc : 0.9088, Test Loss: 0.9279
Epoch 66 / 200
Duration: 24s, Train Loss: 2.3520, Train Acc: 0.8947， Test Acc : 0.9024, Test Loss: 1.0102
Epoch 67 / 200
Duration: 24s, Train Loss: 2.2951, Train Acc: 0.8960， Test Acc : 0.9085, Test Loss: 0.9414
Epoch 68 / 200
Duration: 23s, Train Loss: 2.1208, Train Acc: 0.9020， Test Acc : 0.9124, Test Loss: 0.8624
Epoch 69 / 200
Duration: 24s, Train Loss: 2.1828, Train Acc: 0.8983， Test Acc : 0.9062, Test Loss: 0.9367
Epoch 70 / 200
Duration: 23s, Train Loss: 2.0308, Train Acc: 0.9066， Test Acc : 0.9131, Test Loss: 0.9891
Epoch 71 / 200
Duration: 23s, Train Loss: 2.0391, Train Acc: 0.9061， Test Acc : 0.9152, Test Loss: 0.9209
Epoch 72 / 200
Duration: 25s, Train Loss: 2.0222, Train Acc: 0.9121， Test Acc : 0.8940, Test Loss: 1.0634
Epoch 73 / 200
Duration: 24s, Train Loss: 2.0988, Train Acc: 0.9054， Test Acc : 0.9090, Test Loss: 0.9948
Epoch 74 / 200
Duration: 24s, Train Loss: 2.0198, Train Acc: 0.9073， Test Acc : 0.9080, Test Loss: 0.9621
Epoch 75 / 200
Duration: 22s, Train Loss: 1.9672, Train Acc: 0.9133， Test Acc : 0.9139, Test Loss: 0.8856
Epoch 76 / 200
Duration: 24s, Train Loss: 1.8969, Train Acc: 0.9136， Test Acc : 0.9121, Test Loss: 0.8657
Epoch 77 / 200
Duration: 24s, Train Loss: 1.9380, Train Acc: 0.9109， Test Acc : 0.9152, Test Loss: 0.8587
Epoch 78 / 200
Duration: 22s, Train Loss: 1.8819, Train Acc: 0.9161， Test Acc : 0.9073, Test Loss: 0.9914
Epoch 79 / 200
Duration: 24s, Train Loss: 1.8815, Train Acc: 0.9137， Test Acc : 0.9190, Test Loss: 0.8665
Epoch 80 / 200
Duration: 24s, Train Loss: 1.8909, Train Acc: 0.9168， Test Acc : 0.9154, Test Loss: 0.8780
Epoch 81 / 200
Duration: 23s, Train Loss: 1.8178, Train Acc: 0.9149， Test Acc : 0.9172, Test Loss: 0.8833
Epoch 82 / 200
Duration: 24s, Train Loss: 1.7154, Train Acc: 0.9213， Test Acc : 0.9159, Test Loss: 0.9487
Epoch 83 / 200
Duration: 24s, Train Loss: 1.8256, Train Acc: 0.9169， Test Acc : 0.9175, Test Loss: 0.8972
Epoch 84 / 200
Duration: 22s, Train Loss: 1.7333, Train Acc: 0.9232， Test Acc : 0.9180, Test Loss: 0.8482
Epoch 85 / 200
Duration: 24s, Train Loss: 1.7689, Train Acc: 0.9212， Test Acc : 0.9121, Test Loss: 0.9625
Epoch 86 / 200
Duration: 24s, Train Loss: 1.6400, Train Acc: 0.9269， Test Acc : 0.9205, Test Loss: 0.8180
Epoch 87 / 200
Duration: 24s, Train Loss: 1.7319, Train Acc: 0.9231， Test Acc : 0.9098, Test Loss: 0.9127
Epoch 88 / 200
Duration: 22s, Train Loss: 1.7606, Train Acc: 0.9197， Test Acc : 0.9215, Test Loss: 0.8995
Epoch 89 / 200
Duration: 24s, Train Loss: 1.6558, Train Acc: 0.9283， Test Acc : 0.9182, Test Loss: 0.8921
Epoch 90 / 200
Duration: 24s, Train Loss: 1.6837, Train Acc: 0.9253， Test Acc : 0.9111, Test Loss: 0.9840
Epoch 91 / 200
Duration: 23s, Train Loss: 1.6356, Train Acc: 0.9277， Test Acc : 0.9111, Test Loss: 0.9274
Epoch 92 / 200
Duration: 24s, Train Loss: 1.5399, Train Acc: 0.9302， Test Acc : 0.9177, Test Loss: 0.8759
Epoch 93 / 200
Duration: 24s, Train Loss: 1.6120, Train Acc: 0.9286， Test Acc : 0.9149, Test Loss: 0.9089
Epoch 94 / 200
Duration: 23s, Train Loss: 1.5692, Train Acc: 0.9278， Test Acc : 0.9195, Test Loss: 0.8897
Epoch 95 / 200
Duration: 24s, Train Loss: 1.6106, Train Acc: 0.9288， Test Acc : 0.9243, Test Loss: 0.7995
Epoch 96 / 200
Duration: 24s, Train Loss: 1.5730, Train Acc: 0.9281， Test Acc : 0.9192, Test Loss: 0.9094
Epoch 97 / 200
Duration: 22s, Train Loss: 1.5140, Train Acc: 0.9348， Test Acc : 0.9190, Test Loss: 0.9049
Epoch 98 / 200
Duration: 24s, Train Loss: 1.5932, Train Acc: 0.9296， Test Acc : 0.9218, Test Loss: 0.8774
Epoch 99 / 200
Duration: 24s, Train Loss: 1.5365, Train Acc: 0.9299， Test Acc : 0.9218, Test Loss: 0.8833
Epoch 100 / 200
Duration: 24s, Train Loss: 1.4951, Train Acc: 0.9354， Test Acc : 0.9210, Test Loss: 0.8074
Epoch 101 / 200
Duration: 22s, Train Loss: 1.4419, Train Acc: 0.9352， Test Acc : 0.9236, Test Loss: 0.8508
Epoch 102 / 200
Duration: 24s, Train Loss: 1.3874, Train Acc: 0.9399， Test Acc : 0.9159, Test Loss: 0.9109
Epoch 103 / 200
Duration: 24s, Train Loss: 1.4167, Train Acc: 0.9365， Test Acc : 0.9164, Test Loss: 0.9234
Epoch 104 / 200
Duration: 23s, Train Loss: 1.3748, Train Acc: 0.9376， Test Acc : 0.9210, Test Loss: 0.8215
Epoch 105 / 200
Duration: 24s, Train Loss: 1.3934, Train Acc: 0.9373， Test Acc : 0.9218, Test Loss: 0.8966
Epoch 106 / 200
Duration: 24s, Train Loss: 1.3595, Train Acc: 0.9380， Test Acc : 0.9238, Test Loss: 0.8628
Epoch 107 / 200
Duration: 22s, Train Loss: 1.2348, Train Acc: 0.9447， Test Acc : 0.9180, Test Loss: 0.9281
Epoch 108 / 200
Duration: 24s, Train Loss: 1.4085, Train Acc: 0.9390， Test Acc : 0.9152, Test Loss: 0.9889
Epoch 109 / 200
Duration: 24s, Train Loss: 1.4315, Train Acc: 0.9348， Test Acc : 0.9101, Test Loss: 0.9482
Epoch 110 / 200
Duration: 23s, Train Loss: 1.4107, Train Acc: 0.9391， Test Acc : 0.9185, Test Loss: 0.8815
Epoch 111 / 200
Duration: 24s, Train Loss: 1.2868, Train Acc: 0.9420， Test Acc : 0.9136, Test Loss: 0.9590
Epoch 112 / 200
Duration: 24s, Train Loss: 1.3146, Train Acc: 0.9420， Test Acc : 0.9190, Test Loss: 0.9620
Epoch 113 / 200
Duration: 24s, Train Loss: 1.2749, Train Acc: 0.9414， Test Acc : 0.9225, Test Loss: 0.9387
Epoch 114 / 200
Duration: 23s, Train Loss: 1.2125, Train Acc: 0.9449， Test Acc : 0.9254, Test Loss: 0.8992
Epoch 115 / 200
Duration: 24s, Train Loss: 1.2603, Train Acc: 0.9423， Test Acc : 0.9220, Test Loss: 0.9103
Epoch 116 / 200
Duration: 24s, Train Loss: 1.3043, Train Acc: 0.9419， Test Acc : 0.9182, Test Loss: 0.9316
Epoch 117 / 200
Duration: 23s, Train Loss: 1.1467, Train Acc: 0.9499， Test Acc : 0.9251, Test Loss: 0.8987
Epoch 118 / 200
Duration: 24s, Train Loss: 1.2168, Train Acc: 0.9460， Test Acc : 0.9205, Test Loss: 0.9245
Epoch 119 / 200
Duration: 24s, Train Loss: 1.1973, Train Acc: 0.9460， Test Acc : 0.9187, Test Loss: 0.9409
Epoch 120 / 200
Duration: 23s, Train Loss: 1.0833, Train Acc: 0.9521， Test Acc : 0.9182, Test Loss: 0.9344
Epoch 121 / 200
Duration: 24s, Train Loss: 1.1757, Train Acc: 0.9491， Test Acc : 0.9200, Test Loss: 0.9098
Epoch 122 / 200
Duration: 24s, Train Loss: 1.1450, Train Acc: 0.9475， Test Acc : 0.9251, Test Loss: 0.8887
Epoch 123 / 200
Duration: 22s, Train Loss: 1.0949, Train Acc: 0.9519， Test Acc : 0.9208, Test Loss: 0.9356
Epoch 124 / 200
Duration: 24s, Train Loss: 1.1462, Train Acc: 0.9483， Test Acc : 0.9251, Test Loss: 0.8494
Epoch 125 / 200
Duration: 24s, Train Loss: 1.1132, Train Acc: 0.9485， Test Acc : 0.9215, Test Loss: 0.9075
Epoch 126 / 200
Duration: 24s, Train Loss: 1.2343, Train Acc: 0.9454， Test Acc : 0.9195, Test Loss: 0.8875
Epoch 127 / 200
Duration: 23s, Train Loss: 1.1214, Train Acc: 0.9490， Test Acc : 0.9203, Test Loss: 0.9358
Epoch 128 / 200
Duration: 24s, Train Loss: 1.1312, Train Acc: 0.9498， Test Acc : 0.9259, Test Loss: 0.8678
Epoch 129 / 200
Duration: 24s, Train Loss: 1.0978, Train Acc: 0.9490， Test Acc : 0.9248, Test Loss: 0.9505
Epoch 130 / 200
Duration: 22s, Train Loss: 1.0521, Train Acc: 0.9502， Test Acc : 0.9197, Test Loss: 0.9407
Epoch 131 / 200
Duration: 24s, Train Loss: 1.0375, Train Acc: 0.9543， Test Acc : 0.9259, Test Loss: 0.8760
Epoch 132 / 200
Duration: 24s, Train Loss: 1.0646, Train Acc: 0.9562， Test Acc : 0.9251, Test Loss: 0.8709
Epoch 133 / 200
Duration: 23s, Train Loss: 1.0234, Train Acc: 0.9522， Test Acc : 0.9297, Test Loss: 0.8677
Epoch 134 / 200
Duration: 24s, Train Loss: 0.9821, Train Acc: 0.9581， Test Acc : 0.9220, Test Loss: 0.9291
Epoch 135 / 200
Duration: 24s, Train Loss: 1.0410, Train Acc: 0.9525， Test Acc : 0.9197, Test Loss: 0.8643
Epoch 136 / 200
Duration: 23s, Train Loss: 0.9437, Train Acc: 0.9558， Test Acc : 0.9233, Test Loss: 0.9225
Epoch 137 / 200
Duration: 24s, Train Loss: 0.9858, Train Acc: 0.9560， Test Acc : 0.9284, Test Loss: 0.8116
Epoch 138 / 200
Duration: 24s, Train Loss: 0.9712, Train Acc: 0.9577， Test Acc : 0.9259, Test Loss: 0.8653
Epoch 139 / 200
Duration: 24s, Train Loss: 1.0348, Train Acc: 0.9550， Test Acc : 0.9220, Test Loss: 0.8697
Epoch 140 / 200
Duration: 23s, Train Loss: 0.9612, Train Acc: 0.9582， Test Acc : 0.9264, Test Loss: 0.8385
Epoch 141 / 200
Duration: 24s, Train Loss: 0.9265, Train Acc: 0.9591， Test Acc : 0.9238, Test Loss: 0.8510
Epoch 142 / 200
Duration: 24s, Train Loss: 0.9638, Train Acc: 0.9562， Test Acc : 0.9299, Test Loss: 0.8304
Epoch 143 / 200
Duration: 23s, Train Loss: 0.9090, Train Acc: 0.9567， Test Acc : 0.9312, Test Loss: 0.8246
Epoch 144 / 200
Duration: 24s, Train Loss: 0.9651, Train Acc: 0.9564， Test Acc : 0.9289, Test Loss: 0.8160
Epoch 145 / 200
Duration: 24s, Train Loss: 0.9005, Train Acc: 0.9599， Test Acc : 0.9302, Test Loss: 0.8205
Epoch 146 / 200
Duration: 22s, Train Loss: 0.8885, Train Acc: 0.9591， Test Acc : 0.9266, Test Loss: 0.8334
Epoch 147 / 200
Duration: 24s, Train Loss: 0.9664, Train Acc: 0.9550， Test Acc : 0.9261, Test Loss: 0.8335
Epoch 148 / 200
Duration: 24s, Train Loss: 0.9046, Train Acc: 0.9591， Test Acc : 0.9310, Test Loss: 0.8059
Epoch 149 / 200
Duration: 22s, Train Loss: 0.8714, Train Acc: 0.9598， Test Acc : 0.9282, Test Loss: 0.8498
Epoch 150 / 200
Duration: 24s, Train Loss: 0.8926, Train Acc: 0.9615， Test Acc : 0.9317, Test Loss: 0.8442
Epoch 151 / 200
Duration: 24s, Train Loss: 0.8608, Train Acc: 0.9606， Test Acc : 0.9284, Test Loss: 0.8027
Epoch 152 / 200
Duration: 24s, Train Loss: 0.8638, Train Acc: 0.9630， Test Acc : 0.9233, Test Loss: 0.8953
Epoch 153 / 200
Duration: 22s, Train Loss: 0.8288, Train Acc: 0.9639， Test Acc : 0.9282, Test Loss: 0.8571
Epoch 154 / 200
Duration: 24s, Train Loss: 0.8693, Train Acc: 0.9618， Test Acc : 0.9312, Test Loss: 0.8381
Epoch 155 / 200
Duration: 24s, Train Loss: 0.8084, Train Acc: 0.9627， Test Acc : 0.9302, Test Loss: 0.8175
Epoch 156 / 200
Duration: 22s, Train Loss: 0.7900, Train Acc: 0.9637， Test Acc : 0.9312, Test Loss: 0.8219
Epoch 157 / 200
Duration: 24s, Train Loss: 0.7852, Train Acc: 0.9653， Test Acc : 0.9274, Test Loss: 0.8370
Epoch 158 / 200
Duration: 24s, Train Loss: 0.8089, Train Acc: 0.9625， Test Acc : 0.9282, Test Loss: 0.8813
Epoch 159 / 200
Duration: 22s, Train Loss: 0.7876, Train Acc: 0.9636， Test Acc : 0.9274, Test Loss: 0.8429
Epoch 160 / 200
Duration: 24s, Train Loss: 0.7903, Train Acc: 0.9640， Test Acc : 0.9304, Test Loss: 0.8026
Epoch 161 / 200
Duration: 24s, Train Loss: 0.7921, Train Acc: 0.9651， Test Acc : 0.9317, Test Loss: 0.8316
Epoch 162 / 200
Duration: 22s, Train Loss: 0.7899, Train Acc: 0.9660， Test Acc : 0.9310, Test Loss: 0.8125
Epoch 163 / 200
Duration: 24s, Train Loss: 0.8009, Train Acc: 0.9665， Test Acc : 0.9312, Test Loss: 0.8217
Epoch 164 / 200
Duration: 24s, Train Loss: 0.6735, Train Acc: 0.9682， Test Acc : 0.9327, Test Loss: 0.8186
Epoch 165 / 200
Duration: 24s, Train Loss: 0.7990, Train Acc: 0.9651， Test Acc : 0.9325, Test Loss: 0.8306
Epoch 166 / 200
Duration: 22s, Train Loss: 0.7984, Train Acc: 0.9640， Test Acc : 0.9287, Test Loss: 0.8304
Epoch 167 / 200
Duration: 24s, Train Loss: 0.7851, Train Acc: 0.9643， Test Acc : 0.9292, Test Loss: 0.7923
Epoch 168 / 200
Duration: 24s, Train Loss: 0.7403, Train Acc: 0.9679， Test Acc : 0.9325, Test Loss: 0.8049
Epoch 169 / 200
Duration: 23s, Train Loss: 0.7938, Train Acc: 0.9626， Test Acc : 0.9312, Test Loss: 0.8190
Epoch 170 / 200
Duration: 24s, Train Loss: 0.7385, Train Acc: 0.9681， Test Acc : 0.9312, Test Loss: 0.7909
Epoch 171 / 200
Duration: 24s, Train Loss: 0.7080, Train Acc: 0.9681， Test Acc : 0.9325, Test Loss: 0.7952
Epoch 172 / 200
Duration: 22s, Train Loss: 0.7192, Train Acc: 0.9676， Test Acc : 0.9292, Test Loss: 0.7989
Epoch 173 / 200
Duration: 24s, Train Loss: 0.7120, Train Acc: 0.9681， Test Acc : 0.9307, Test Loss: 0.8229
Epoch 174 / 200
Duration: 24s, Train Loss: 0.7443, Train Acc: 0.9671， Test Acc : 0.9307, Test Loss: 0.8108
Epoch 175 / 200
Duration: 22s, Train Loss: 0.7048, Train Acc: 0.9672， Test Acc : 0.9282, Test Loss: 0.8207
Epoch 176 / 200
Duration: 24s, Train Loss: 0.6474, Train Acc: 0.9730， Test Acc : 0.9287, Test Loss: 0.8368
Epoch 177 / 200
Duration: 24s, Train Loss: 0.6529, Train Acc: 0.9704， Test Acc : 0.9284, Test Loss: 0.8522
Epoch 178 / 200
Duration: 24s, Train Loss: 0.7007, Train Acc: 0.9683， Test Acc : 0.9299, Test Loss: 0.8397
Epoch 179 / 200
Duration: 22s, Train Loss: 0.6949, Train Acc: 0.9701， Test Acc : 0.9297, Test Loss: 0.8344
Epoch 180 / 200
Duration: 24s, Train Loss: 0.7112, Train Acc: 0.9684， Test Acc : 0.9302, Test Loss: 0.8112
Epoch 181 / 200
Duration: 24s, Train Loss: 0.6901, Train Acc: 0.9707， Test Acc : 0.9289, Test Loss: 0.8013
Epoch 182 / 200
Duration: 22s, Train Loss: 0.7628, Train Acc: 0.9648， Test Acc : 0.9304, Test Loss: 0.7909
Epoch 183 / 200
Duration: 24s, Train Loss: 0.6622, Train Acc: 0.9694， Test Acc : 0.9312, Test Loss: 0.7888
Epoch 184 / 200
Duration: 22s, Train Loss: 0.6262, Train Acc: 0.9719， Test Acc : 0.9299, Test Loss: 0.8088
Epoch 185 / 200
Duration: 23s, Train Loss: 0.7265, Train Acc: 0.9678， Test Acc : 0.9315, Test Loss: 0.8271
Epoch 186 / 200
Duration: 25s, Train Loss: 0.6524, Train Acc: 0.9693， Test Acc : 0.9335, Test Loss: 0.7946
Epoch 187 / 200
Duration: 24s, Train Loss: 0.6626, Train Acc: 0.9696， Test Acc : 0.9343, Test Loss: 0.8040
Epoch 188 / 200
Duration: 22s, Train Loss: 0.6590, Train Acc: 0.9687， Test Acc : 0.9358, Test Loss: 0.7883
Epoch 189 / 200
Duration: 24s, Train Loss: 0.5781, Train Acc: 0.9735， Test Acc : 0.9343, Test Loss: 0.7927
Epoch 190 / 200
Duration: 24s, Train Loss: 0.6856, Train Acc: 0.9695， Test Acc : 0.9348, Test Loss: 0.8152
Epoch 191 / 200
Duration: 24s, Train Loss: 0.6579, Train Acc: 0.9703， Test Acc : 0.9348, Test Loss: 0.8013
Epoch 192 / 200
Duration: 23s, Train Loss: 0.6462, Train Acc: 0.9709， Test Acc : 0.9325, Test Loss: 0.7916
Epoch 193 / 200
Duration: 24s, Train Loss: 0.6579, Train Acc: 0.9715， Test Acc : 0.9307, Test Loss: 0.8043
Epoch 194 / 200
Duration: 24s, Train Loss: 0.6133, Train Acc: 0.9723， Test Acc : 0.9310, Test Loss: 0.8106
Epoch 195 / 200
Duration: 22s, Train Loss: 0.6584, Train Acc: 0.9716， Test Acc : 0.9322, Test Loss: 0.8146
Epoch 196 / 200
Duration: 24s, Train Loss: 0.6344, Train Acc: 0.9710， Test Acc : 0.9317, Test Loss: 0.7969
Epoch 197 / 200
Duration: 24s, Train Loss: 0.6145, Train Acc: 0.9740， Test Acc : 0.9338, Test Loss: 0.7997
Epoch 198 / 200
Duration: 22s, Train Loss: 0.6147, Train Acc: 0.9732， Test Acc : 0.9345, Test Loss: 0.7974
Epoch 199 / 200
Duration: 24s, Train Loss: 0.6016, Train Acc: 0.9734， Test Acc : 0.9332, Test Loss: 0.8111
Total Time:4687s
Best Accuracy of the network on the test images: 93.5796 %
Best epoch: 188


