nohup: ignoring input
Ranger optimizer loaded. 
Gradient Centralization usage = True
GC applied to both conv and fc layers
Epoch 0 / 200
Duration: 104s, Train Loss: 11.3691, Train Acc: 0.2519， Test Acc : 0.4112, Test Loss: 3.8232
Epoch 1 / 200
Duration: 104s, Train Loss: 9.5161, Train Acc: 0.3929， Test Acc : 0.5317, Test Loss: 3.1154
Epoch 2 / 200
Duration: 105s, Train Loss: 8.3182, Train Acc: 0.4798， Test Acc : 0.6092, Test Loss: 2.6864
Epoch 3 / 200
Duration: 104s, Train Loss: 7.7443, Train Acc: 0.5279， Test Acc : 0.6061, Test Loss: 2.7287
Epoch 4 / 200
Duration: 105s, Train Loss: 7.1956, Train Acc: 0.5648， Test Acc : 0.6823, Test Loss: 2.2723
Epoch 5 / 200
Duration: 106s, Train Loss: 6.7455, Train Acc: 0.5921， Test Acc : 0.6787, Test Loss: 2.2089
Epoch 6 / 200
Duration: 105s, Train Loss: 6.6138, Train Acc: 0.6082， Test Acc : 0.7129, Test Loss: 1.9966
Epoch 7 / 200
Duration: 104s, Train Loss: 6.1910, Train Acc: 0.6197， Test Acc : 0.7304, Test Loss: 1.9166
Epoch 8 / 200
Duration: 105s, Train Loss: 6.0216, Train Acc: 0.6420， Test Acc : 0.7406, Test Loss: 1.7983
Epoch 9 / 200
Duration: 105s, Train Loss: 5.9295, Train Acc: 0.6440， Test Acc : 0.7353, Test Loss: 1.8052
Epoch 10 / 200
Duration: 105s, Train Loss: 5.6286, Train Acc: 0.6593， Test Acc : 0.7674, Test Loss: 1.6286
Epoch 11 / 200
Duration: 104s, Train Loss: 5.5764, Train Acc: 0.6685， Test Acc : 0.7383, Test Loss: 1.8043
Epoch 12 / 200
Duration: 106s, Train Loss: 5.5558, Train Acc: 0.6615， Test Acc : 0.7511, Test Loss: 1.6926
Epoch 13 / 200
Duration: 105s, Train Loss: 5.1759, Train Acc: 0.6853， Test Acc : 0.7934, Test Loss: 1.4763
Epoch 14 / 200
Duration: 106s, Train Loss: 5.1427, Train Acc: 0.6884， Test Acc : 0.7883, Test Loss: 1.4569
Epoch 15 / 200
Duration: 105s, Train Loss: 5.0914, Train Acc: 0.6961， Test Acc : 0.7913, Test Loss: 1.4542
Epoch 16 / 200
Duration: 105s, Train Loss: 5.0448, Train Acc: 0.7011， Test Acc : 0.7669, Test Loss: 1.6086
Epoch 17 / 200
Duration: 105s, Train Loss: 5.0312, Train Acc: 0.6978， Test Acc : 0.7697, Test Loss: 1.6034
Epoch 18 / 200
Duration: 105s, Train Loss: 4.8370, Train Acc: 0.7119， Test Acc : 0.7990, Test Loss: 1.4387
Epoch 19 / 200
Duration: 103s, Train Loss: 4.7519, Train Acc: 0.7150， Test Acc : 0.8186, Test Loss: 1.2686
Epoch 20 / 200
Duration: 106s, Train Loss: 4.6100, Train Acc: 0.7240， Test Acc : 0.7875, Test Loss: 1.4875
Epoch 21 / 200
Duration: 105s, Train Loss: 4.7044, Train Acc: 0.7227， Test Acc : 0.7806, Test Loss: 1.6567
Epoch 22 / 200
Duration: 105s, Train Loss: 4.4660, Train Acc: 0.7301， Test Acc : 0.8196, Test Loss: 1.1955
Epoch 23 / 200
Duration: 105s, Train Loss: 4.6069, Train Acc: 0.7201， Test Acc : 0.8115, Test Loss: 1.3043
Epoch 24 / 200
Duration: 106s, Train Loss: 4.6487, Train Acc: 0.7204， Test Acc : 0.8036, Test Loss: 1.3334
Epoch 25 / 200
Duration: 104s, Train Loss: 4.4762, Train Acc: 0.7324， Test Acc : 0.8260, Test Loss: 1.2248
Epoch 26 / 200
Duration: 105s, Train Loss: 4.3109, Train Acc: 0.7407， Test Acc : 0.8250, Test Loss: 1.1823
Epoch 27 / 200
Duration: 105s, Train Loss: 5.3029, Train Acc: 0.6796， Test Acc : 0.6958, Test Loss: 2.1062
Epoch 28 / 200
Duration: 104s, Train Loss: 5.4194, Train Acc: 0.6813， Test Acc : 0.7806, Test Loss: 1.5108
Epoch 29 / 200
Duration: 105s, Train Loss: 4.6522, Train Acc: 0.7210， Test Acc : 0.8150, Test Loss: 1.2733
Epoch 30 / 200
Duration: 104s, Train Loss: 4.3835, Train Acc: 0.7375， Test Acc : 0.8199, Test Loss: 1.2368
Epoch 31 / 200
Duration: 104s, Train Loss: 4.3678, Train Acc: 0.7356， Test Acc : 0.8219, Test Loss: 1.2297
Epoch 32 / 200
Duration: 105s, Train Loss: 4.1691, Train Acc: 0.7515， Test Acc : 0.8117, Test Loss: 1.3178
Epoch 33 / 200
Duration: 105s, Train Loss: 4.1682, Train Acc: 0.7454， Test Acc : 0.8344, Test Loss: 1.1213
Epoch 34 / 200
Duration: 106s, Train Loss: 3.9562, Train Acc: 0.7643， Test Acc : 0.8229, Test Loss: 1.2359
Epoch 35 / 200
Duration: 105s, Train Loss: 4.3124, Train Acc: 0.7465， Test Acc : 0.8079, Test Loss: 1.3955
Epoch 36 / 200
Duration: 105s, Train Loss: 3.9471, Train Acc: 0.7611， Test Acc : 0.8423, Test Loss: 1.1030
Epoch 37 / 200
Duration: 104s, Train Loss: 3.9273, Train Acc: 0.7676， Test Acc : 0.8352, Test Loss: 1.1266
Epoch 38 / 200
Duration: 105s, Train Loss: 3.8175, Train Acc: 0.7746， Test Acc : 0.8484, Test Loss: 1.0595
Epoch 39 / 200
Duration: 105s, Train Loss: 3.6971, Train Acc: 0.7817， Test Acc : 0.8494, Test Loss: 1.0762
Epoch 40 / 200
Duration: 105s, Train Loss: 3.8156, Train Acc: 0.7763， Test Acc : 0.8561, Test Loss: 1.0114
Epoch 41 / 200
Duration: 105s, Train Loss: 3.6123, Train Acc: 0.7828， Test Acc : 0.8512, Test Loss: 1.1089
Epoch 42 / 200
Duration: 105s, Train Loss: 4.6651, Train Acc: 0.7325， Test Acc : 0.8331, Test Loss: 1.1647
Epoch 43 / 200
Duration: 105s, Train Loss: 3.8391, Train Acc: 0.7695， Test Acc : 0.8561, Test Loss: 1.0232
Epoch 44 / 200
Duration: 106s, Train Loss: 3.4802, Train Acc: 0.7899， Test Acc : 0.8767, Test Loss: 0.8794
Epoch 45 / 200
Duration: 105s, Train Loss: 3.3408, Train Acc: 0.8030， Test Acc : 0.8698, Test Loss: 0.9099
Epoch 46 / 200
Duration: 105s, Train Loss: 3.2468, Train Acc: 0.8075， Test Acc : 0.8589, Test Loss: 0.9994
Epoch 47 / 200
Duration: 104s, Train Loss: 3.1434, Train Acc: 0.8123， Test Acc : 0.8655, Test Loss: 0.9426
Epoch 48 / 200
Duration: 104s, Train Loss: 3.1153, Train Acc: 0.8149， Test Acc : 0.8624, Test Loss: 0.9756
Epoch 49 / 200
Duration: 105s, Train Loss: 3.1699, Train Acc: 0.8081， Test Acc : 0.8764, Test Loss: 0.8912
Epoch 50 / 200
Duration: 104s, Train Loss: 3.0536, Train Acc: 0.8166， Test Acc : 0.8805, Test Loss: 0.8466
Epoch 51 / 200
Duration: 105s, Train Loss: 3.0400, Train Acc: 0.8159， Test Acc : 0.8741, Test Loss: 0.8946
Epoch 52 / 200
Duration: 105s, Train Loss: 3.0160, Train Acc: 0.8165， Test Acc : 0.8739, Test Loss: 0.8822
Epoch 53 / 200
Duration: 105s, Train Loss: 3.3396, Train Acc: 0.7987， Test Acc : 0.8731, Test Loss: 0.8926
Epoch 54 / 200
Duration: 105s, Train Loss: 3.1104, Train Acc: 0.8161， Test Acc : 0.8731, Test Loss: 0.9225
Epoch 55 / 200
Duration: 106s, Train Loss: 3.2365, Train Acc: 0.8064， Test Acc : 0.8777, Test Loss: 0.8750
Epoch 56 / 200
Duration: 105s, Train Loss: 3.1700, Train Acc: 0.8101， Test Acc : 0.8841, Test Loss: 0.8188
Epoch 57 / 200
Duration: 105s, Train Loss: 3.0236, Train Acc: 0.8195， Test Acc : 0.8675, Test Loss: 0.9579
Epoch 58 / 200
Duration: 104s, Train Loss: 2.9493, Train Acc: 0.8246， Test Acc : 0.8892, Test Loss: 0.7970
Epoch 59 / 200
Duration: 104s, Train Loss: 2.7671, Train Acc: 0.8339， Test Acc : 0.8910, Test Loss: 0.8157
Epoch 60 / 200
Duration: 104s, Train Loss: 2.6920, Train Acc: 0.8363， Test Acc : 0.8892, Test Loss: 0.7885
Epoch 61 / 200
Duration: 105s, Train Loss: 2.7207, Train Acc: 0.8335， Test Acc : 0.8887, Test Loss: 0.7884
Epoch 62 / 200
Duration: 104s, Train Loss: 2.7272, Train Acc: 0.8370， Test Acc : 0.8871, Test Loss: 0.7917
Epoch 63 / 200
Duration: 105s, Train Loss: 2.7043, Train Acc: 0.8369， Test Acc : 0.8856, Test Loss: 0.8701
Epoch 64 / 200
Duration: 104s, Train Loss: 2.8964, Train Acc: 0.8299， Test Acc : 0.8808, Test Loss: 0.8450
Epoch 65 / 200
Duration: 106s, Train Loss: 2.9444, Train Acc: 0.8208， Test Acc : 0.8889, Test Loss: 0.7744
Epoch 66 / 200
Duration: 104s, Train Loss: 2.5009, Train Acc: 0.8495， Test Acc : 0.8978, Test Loss: 0.7374
Epoch 67 / 200
Duration: 104s, Train Loss: 2.5489, Train Acc: 0.8422， Test Acc : 0.8955, Test Loss: 0.7497
Epoch 68 / 200
Duration: 105s, Train Loss: 2.5314, Train Acc: 0.8489， Test Acc : 0.8971, Test Loss: 0.7420
Epoch 69 / 200
Duration: 104s, Train Loss: 2.9815, Train Acc: 0.8233， Test Acc : 0.8757, Test Loss: 0.9000
Epoch 70 / 200
Duration: 104s, Train Loss: 2.7412, Train Acc: 0.8392， Test Acc : 0.8846, Test Loss: 0.9165
Epoch 71 / 200
Duration: 105s, Train Loss: 2.4801, Train Acc: 0.8487， Test Acc : 0.8953, Test Loss: 0.7347
Epoch 72 / 200
Duration: 104s, Train Loss: 2.3854, Train Acc: 0.8570， Test Acc : 0.8884, Test Loss: 0.7719
Epoch 73 / 200
Duration: 104s, Train Loss: 2.4158, Train Acc: 0.8532， Test Acc : 0.8825, Test Loss: 0.9195
Epoch 74 / 200
Duration: 104s, Train Loss: 2.2882, Train Acc: 0.8607， Test Acc : 0.8693, Test Loss: 1.6952
Epoch 75 / 200
Duration: 104s, Train Loss: 2.4030, Train Acc: 0.8506， Test Acc : 0.8932, Test Loss: 0.7235
Epoch 76 / 200
Duration: 105s, Train Loss: 2.4885, Train Acc: 0.8500， Test Acc : 0.8897, Test Loss: 0.7926
Epoch 77 / 200
Duration: 106s, Train Loss: 2.3005, Train Acc: 0.8605， Test Acc : 0.9011, Test Loss: 0.7181
Epoch 78 / 200
Duration: 104s, Train Loss: 2.2145, Train Acc: 0.8659， Test Acc : 0.9042, Test Loss: 0.6804
Epoch 79 / 200
Duration: 104s, Train Loss: 2.2533, Train Acc: 0.8633， Test Acc : 0.9006, Test Loss: 0.7310
Epoch 80 / 200
Duration: 105s, Train Loss: 2.1326, Train Acc: 0.8703， Test Acc : 0.9085, Test Loss: 0.6479
Epoch 81 / 200
Duration: 104s, Train Loss: 2.1124, Train Acc: 0.8773， Test Acc : 0.9052, Test Loss: 0.6869
Epoch 82 / 200
Duration: 105s, Train Loss: 2.1152, Train Acc: 0.8744， Test Acc : 0.9085, Test Loss: 0.7105
Epoch 83 / 200
Duration: 104s, Train Loss: 2.0815, Train Acc: 0.8745， Test Acc : 0.9070, Test Loss: 0.6831
Epoch 84 / 200
Duration: 103s, Train Loss: 2.1620, Train Acc: 0.8707， Test Acc : 0.8973, Test Loss: 0.7572
Epoch 85 / 200
Duration: 106s, Train Loss: 2.1362, Train Acc: 0.8700， Test Acc : 0.9042, Test Loss: 0.7824
Epoch 86 / 200
Duration: 104s, Train Loss: 2.0470, Train Acc: 0.8743， Test Acc : 0.9070, Test Loss: 0.6851
Epoch 87 / 200
Duration: 104s, Train Loss: 2.2898, Train Acc: 0.8654， Test Acc : 0.8866, Test Loss: 1.0571
Epoch 88 / 200
Duration: 106s, Train Loss: 2.1139, Train Acc: 0.8723， Test Acc : 0.9042, Test Loss: 0.7195
Epoch 89 / 200
Duration: 104s, Train Loss: 1.9479, Train Acc: 0.8826， Test Acc : 0.9101, Test Loss: 0.6775
Epoch 90 / 200
Duration: 104s, Train Loss: 1.9726, Train Acc: 0.8787， Test Acc : 0.9129, Test Loss: 0.6417
Epoch 91 / 200
Duration: 105s, Train Loss: 1.8394, Train Acc: 0.8878， Test Acc : 0.9126, Test Loss: 0.6531
Epoch 92 / 200
Duration: 104s, Train Loss: 2.0026, Train Acc: 0.8805， Test Acc : 0.9073, Test Loss: 0.7032
Epoch 93 / 200
Duration: 104s, Train Loss: 1.8384, Train Acc: 0.8894， Test Acc : 0.9037, Test Loss: 0.7564
Epoch 94 / 200
Duration: 104s, Train Loss: 1.9762, Train Acc: 0.8852， Test Acc : 0.9149, Test Loss: 0.6411
Epoch 95 / 200
Duration: 104s, Train Loss: 1.8609, Train Acc: 0.8905， Test Acc : 0.9167, Test Loss: 0.6167
Epoch 96 / 200
Duration: 104s, Train Loss: 1.8130, Train Acc: 0.8913， Test Acc : 0.9144, Test Loss: 0.6169
Epoch 97 / 200
Duration: 104s, Train Loss: 1.7859, Train Acc: 0.8937， Test Acc : 0.9103, Test Loss: 0.6865
Epoch 98 / 200
Duration: 106s, Train Loss: 1.6403, Train Acc: 0.9009， Test Acc : 0.9129, Test Loss: 0.6426
Epoch 99 / 200
Duration: 104s, Train Loss: 1.6761, Train Acc: 0.8994， Test Acc : 0.9218, Test Loss: 0.6003
Epoch 100 / 200
Duration: 104s, Train Loss: 1.7405, Train Acc: 0.8964， Test Acc : 0.9131, Test Loss: 0.6627
Epoch 101 / 200
Duration: 104s, Train Loss: 2.1835, Train Acc: 0.8709， Test Acc : 0.8953, Test Loss: 0.7553
Epoch 102 / 200
Duration: 104s, Train Loss: 1.9625, Train Acc: 0.8821， Test Acc : 0.9149, Test Loss: 0.6053
Epoch 103 / 200
Duration: 105s, Train Loss: 1.7283, Train Acc: 0.8943， Test Acc : 0.9223, Test Loss: 0.5793
Epoch 104 / 200
Duration: 105s, Train Loss: 2.0492, Train Acc: 0.8782， Test Acc : 0.9113, Test Loss: 0.6423
Epoch 105 / 200
Duration: 104s, Train Loss: 1.6269, Train Acc: 0.8983， Test Acc : 0.9208, Test Loss: 0.6063
Epoch 106 / 200
Duration: 104s, Train Loss: 1.6183, Train Acc: 0.9023， Test Acc : 0.9175, Test Loss: 0.6241
Epoch 107 / 200
Duration: 104s, Train Loss: 1.5841, Train Acc: 0.9055， Test Acc : 0.9215, Test Loss: 0.6076
Epoch 108 / 200
Duration: 104s, Train Loss: 1.6132, Train Acc: 0.9047， Test Acc : 0.9139, Test Loss: 0.6314
Epoch 109 / 200
Duration: 106s, Train Loss: 1.5049, Train Acc: 0.9075， Test Acc : 0.9182, Test Loss: 0.5858
Epoch 110 / 200
Duration: 104s, Train Loss: 1.4559, Train Acc: 0.9136， Test Acc : 0.9190, Test Loss: 0.6195
Epoch 111 / 200
Duration: 104s, Train Loss: 1.4782, Train Acc: 0.9122， Test Acc : 0.9228, Test Loss: 0.6159
Epoch 112 / 200
Duration: 104s, Train Loss: 1.4795, Train Acc: 0.9115， Test Acc : 0.9205, Test Loss: 0.5681
Epoch 113 / 200
Duration: 104s, Train Loss: 1.4502, Train Acc: 0.9137， Test Acc : 0.9218, Test Loss: 0.6000
Epoch 114 / 200
Duration: 103s, Train Loss: 1.5035, Train Acc: 0.9084， Test Acc : 0.9208, Test Loss: 0.6087
Epoch 115 / 200
Duration: 106s, Train Loss: 1.6011, Train Acc: 0.9022， Test Acc : 0.9177, Test Loss: 0.6118
Epoch 116 / 200
Duration: 104s, Train Loss: 1.5506, Train Acc: 0.9073， Test Acc : 0.9139, Test Loss: 0.6283
Epoch 117 / 200
Duration: 105s, Train Loss: 1.4722, Train Acc: 0.9154， Test Acc : 0.9152, Test Loss: 0.6285
Epoch 118 / 200
Duration: 105s, Train Loss: 1.4531, Train Acc: 0.9154， Test Acc : 0.9052, Test Loss: 0.8101
Epoch 119 / 200
Duration: 106s, Train Loss: 1.4546, Train Acc: 0.9158， Test Acc : 0.9246, Test Loss: 0.5941
Epoch 120 / 200
Duration: 104s, Train Loss: 1.3180, Train Acc: 0.9197， Test Acc : 0.9256, Test Loss: 0.5679
Epoch 121 / 200
Duration: 105s, Train Loss: 1.4026, Train Acc: 0.9169， Test Acc : 0.9225, Test Loss: 0.5878
Epoch 122 / 200
Duration: 105s, Train Loss: 1.3211, Train Acc: 0.9223， Test Acc : 0.9254, Test Loss: 0.5901
Epoch 123 / 200
Duration: 105s, Train Loss: 1.4064, Train Acc: 0.9169， Test Acc : 0.9241, Test Loss: 0.5823
Epoch 124 / 200
Duration: 105s, Train Loss: 1.3709, Train Acc: 0.9205， Test Acc : 0.9236, Test Loss: 0.5838
Epoch 125 / 200
Duration: 105s, Train Loss: 1.2003, Train Acc: 0.9289， Test Acc : 0.9236, Test Loss: 0.6122
Epoch 126 / 200
Duration: 105s, Train Loss: 1.2253, Train Acc: 0.9245， Test Acc : 0.9269, Test Loss: 0.5841
Epoch 127 / 200
Duration: 104s, Train Loss: 1.2041, Train Acc: 0.9264， Test Acc : 0.9218, Test Loss: 0.6031
Epoch 128 / 200
Duration: 106s, Train Loss: 1.2094, Train Acc: 0.9298， Test Acc : 0.9256, Test Loss: 0.5921
Epoch 129 / 200
Duration: 104s, Train Loss: 1.1975, Train Acc: 0.9278， Test Acc : 0.9218, Test Loss: 0.6191
Epoch 130 / 200
Duration: 104s, Train Loss: 1.2501, Train Acc: 0.9242， Test Acc : 0.9210, Test Loss: 0.6221
Epoch 131 / 200
Duration: 105s, Train Loss: 1.2922, Train Acc: 0.9232， Test Acc : 0.9236, Test Loss: 0.6138
Epoch 132 / 200
Duration: 105s, Train Loss: 1.2569, Train Acc: 0.9242， Test Acc : 0.9256, Test Loss: 0.5943
Epoch 133 / 200
Duration: 105s, Train Loss: 1.1082, Train Acc: 0.9340， Test Acc : 0.9231, Test Loss: 0.6077
Epoch 134 / 200
Duration: 105s, Train Loss: 1.0692, Train Acc: 0.9325， Test Acc : 0.9279, Test Loss: 0.5627
Epoch 135 / 200
Duration: 105s, Train Loss: 1.1581, Train Acc: 0.9306， Test Acc : 0.9251, Test Loss: 0.5750
Epoch 136 / 200
Duration: 104s, Train Loss: 1.1948, Train Acc: 0.9279， Test Acc : 0.9264, Test Loss: 0.5648
Epoch 137 / 200
Duration: 106s, Train Loss: 1.1517, Train Acc: 0.9338， Test Acc : 0.9304, Test Loss: 0.5496
Epoch 138 / 200
Duration: 104s, Train Loss: 1.1198, Train Acc: 0.9362， Test Acc : 0.9279, Test Loss: 0.5672
Epoch 139 / 200
Duration: 104s, Train Loss: 1.1435, Train Acc: 0.9335， Test Acc : 0.9266, Test Loss: 0.6233
Epoch 140 / 200
Duration: 104s, Train Loss: 1.0336, Train Acc: 0.9405， Test Acc : 0.9271, Test Loss: 0.5741
Epoch 141 / 200
Duration: 105s, Train Loss: 1.1174, Train Acc: 0.9299， Test Acc : 0.9279, Test Loss: 0.5658
Epoch 142 / 200
Duration: 104s, Train Loss: 1.0934, Train Acc: 0.9372， Test Acc : 0.9343, Test Loss: 0.5558
Epoch 143 / 200
Duration: 104s, Train Loss: 1.0800, Train Acc: 0.9338， Test Acc : 0.9310, Test Loss: 0.5570
Epoch 144 / 200
Duration: 104s, Train Loss: 1.0336, Train Acc: 0.9380， Test Acc : 0.9304, Test Loss: 0.5669
Epoch 145 / 200
Duration: 105s, Train Loss: 1.0396, Train Acc: 0.9389， Test Acc : 0.9279, Test Loss: 0.5614
Epoch 146 / 200
Duration: 105s, Train Loss: 1.0537, Train Acc: 0.9377， Test Acc : 0.9325, Test Loss: 0.5624
Epoch 147 / 200
Duration: 106s, Train Loss: 1.0691, Train Acc: 0.9359， Test Acc : 0.9325, Test Loss: 0.5797
Epoch 148 / 200
Duration: 105s, Train Loss: 1.0087, Train Acc: 0.9400， Test Acc : 0.9289, Test Loss: 0.5951
Epoch 149 / 200
Duration: 104s, Train Loss: 0.9976, Train Acc: 0.9410， Test Acc : 0.9307, Test Loss: 0.5563
Epoch 150 / 200
Duration: 104s, Train Loss: 1.0284, Train Acc: 0.9392， Test Acc : 0.9271, Test Loss: 0.5757
Epoch 151 / 200
Duration: 104s, Train Loss: 1.0091, Train Acc: 0.9395， Test Acc : 0.9292, Test Loss: 0.6105
Epoch 152 / 200
Duration: 105s, Train Loss: 1.0173, Train Acc: 0.9380， Test Acc : 0.9294, Test Loss: 0.5612
Epoch 153 / 200
Duration: 104s, Train Loss: 0.9716, Train Acc: 0.9402， Test Acc : 0.9317, Test Loss: 0.5553
Epoch 154 / 200
Duration: 104s, Train Loss: 0.8308, Train Acc: 0.9486， Test Acc : 0.9294, Test Loss: 0.5586
Epoch 155 / 200
Duration: 104s, Train Loss: 0.9503, Train Acc: 0.9453， Test Acc : 0.9325, Test Loss: 0.5750
Epoch 156 / 200
Duration: 104s, Train Loss: 0.9456, Train Acc: 0.9464， Test Acc : 0.9320, Test Loss: 0.5445
Epoch 157 / 200
Duration: 106s, Train Loss: 0.9674, Train Acc: 0.9429， Test Acc : 0.9330, Test Loss: 0.5439
Epoch 158 / 200
Duration: 104s, Train Loss: 0.8476, Train Acc: 0.9493， Test Acc : 0.9335, Test Loss: 0.5994
Epoch 159 / 200
Duration: 104s, Train Loss: 0.9805, Train Acc: 0.9414， Test Acc : 0.9338, Test Loss: 0.5561
Epoch 160 / 200
Duration: 105s, Train Loss: 0.9204, Train Acc: 0.9488， Test Acc : 0.9325, Test Loss: 0.5647
Epoch 161 / 200
Duration: 104s, Train Loss: 0.8541, Train Acc: 0.9469， Test Acc : 0.9348, Test Loss: 0.5452
Epoch 162 / 200
Duration: 104s, Train Loss: 0.8486, Train Acc: 0.9487， Test Acc : 0.9327, Test Loss: 0.5689
Epoch 163 / 200
Duration: 104s, Train Loss: 0.8848, Train Acc: 0.9481， Test Acc : 0.9327, Test Loss: 0.5706
Epoch 164 / 200
Duration: 104s, Train Loss: 0.9154, Train Acc: 0.9493， Test Acc : 0.9358, Test Loss: 0.5674
Epoch 165 / 200
Duration: 104s, Train Loss: 0.9028, Train Acc: 0.9494， Test Acc : 0.9315, Test Loss: 0.5840
Epoch 166 / 200
Duration: 106s, Train Loss: 0.7899, Train Acc: 0.9543， Test Acc : 0.9317, Test Loss: 0.5634
Epoch 167 / 200
Duration: 104s, Train Loss: 0.9469, Train Acc: 0.9436， Test Acc : 0.9320, Test Loss: 0.5536
Epoch 168 / 200
Duration: 104s, Train Loss: 0.8469, Train Acc: 0.9494， Test Acc : 0.9355, Test Loss: 0.5261
Epoch 169 / 200
Duration: 104s, Train Loss: 0.8196, Train Acc: 0.9513， Test Acc : 0.9371, Test Loss: 0.5498
Epoch 170 / 200
Duration: 105s, Train Loss: 0.8576, Train Acc: 0.9505， Test Acc : 0.9348, Test Loss: 0.5474
Epoch 171 / 200
Duration: 105s, Train Loss: 0.7846, Train Acc: 0.9542， Test Acc : 0.9366, Test Loss: 0.5507
Epoch 172 / 200
Duration: 105s, Train Loss: 0.8142, Train Acc: 0.9529， Test Acc : 0.9366, Test Loss: 0.5481
Epoch 173 / 200
Duration: 105s, Train Loss: 0.7829, Train Acc: 0.9552， Test Acc : 0.9345, Test Loss: 0.5580
Epoch 174 / 200
Duration: 105s, Train Loss: 0.8239, Train Acc: 0.9548， Test Acc : 0.9373, Test Loss: 0.5468
Epoch 175 / 200
Duration: 104s, Train Loss: 0.7276, Train Acc: 0.9585， Test Acc : 0.9366, Test Loss: 0.5425
Epoch 176 / 200
Duration: 106s, Train Loss: 0.7960, Train Acc: 0.9531， Test Acc : 0.9358, Test Loss: 0.5471
Epoch 177 / 200
Duration: 105s, Train Loss: 0.7896, Train Acc: 0.9529， Test Acc : 0.9343, Test Loss: 0.5501
Epoch 178 / 200
Duration: 104s, Train Loss: 0.7860, Train Acc: 0.9538， Test Acc : 0.9373, Test Loss: 0.5307
Epoch 179 / 200
Duration: 105s, Train Loss: 0.7066, Train Acc: 0.9599， Test Acc : 0.9358, Test Loss: 0.5481
Epoch 180 / 200
Duration: 103s, Train Loss: 0.7240, Train Acc: 0.9579， Test Acc : 0.9391, Test Loss: 0.5483
Epoch 181 / 200
Duration: 106s, Train Loss: 0.7483, Train Acc: 0.9547， Test Acc : 0.9371, Test Loss: 0.5436
Epoch 182 / 200
Duration: 104s, Train Loss: 0.7198, Train Acc: 0.9572， Test Acc : 0.9373, Test Loss: 0.5392
Epoch 183 / 200
Duration: 104s, Train Loss: 0.6946, Train Acc: 0.9579， Test Acc : 0.9348, Test Loss: 0.5825
Epoch 184 / 200
Duration: 104s, Train Loss: 0.7678, Train Acc: 0.9530， Test Acc : 0.9386, Test Loss: 0.5354
Epoch 185 / 200
Duration: 106s, Train Loss: 0.7137, Train Acc: 0.9587， Test Acc : 0.9386, Test Loss: 0.5318
Epoch 186 / 200
Duration: 104s, Train Loss: 0.7251, Train Acc: 0.9570， Test Acc : 0.9381, Test Loss: 0.5408
Epoch 187 / 200
Duration: 104s, Train Loss: 0.6882, Train Acc: 0.9592， Test Acc : 0.9373, Test Loss: 0.5392
Epoch 188 / 200
Duration: 104s, Train Loss: 0.7161, Train Acc: 0.9589， Test Acc : 0.9373, Test Loss: 0.5389
Epoch 189 / 200
Duration: 104s, Train Loss: 0.7305, Train Acc: 0.9584， Test Acc : 0.9368, Test Loss: 0.5333
Epoch 190 / 200
Duration: 104s, Train Loss: 0.6984, Train Acc: 0.9579， Test Acc : 0.9381, Test Loss: 0.5282
Epoch 191 / 200
Duration: 104s, Train Loss: 0.6914, Train Acc: 0.9592， Test Acc : 0.9378, Test Loss: 0.5391
Epoch 192 / 200
Duration: 104s, Train Loss: 0.6905, Train Acc: 0.9598， Test Acc : 0.9366, Test Loss: 0.5344
Epoch 193 / 200
Duration: 105s, Train Loss: 0.6593, Train Acc: 0.9628， Test Acc : 0.9381, Test Loss: 0.5425
Epoch 194 / 200
Duration: 104s, Train Loss: 0.6592, Train Acc: 0.9597， Test Acc : 0.9371, Test Loss: 0.5424
Epoch 195 / 200
Duration: 106s, Train Loss: 0.6467, Train Acc: 0.9628， Test Acc : 0.9391, Test Loss: 0.5473
Epoch 196 / 200
Duration: 104s, Train Loss: 0.7080, Train Acc: 0.9577， Test Acc : 0.9383, Test Loss: 0.5380
Epoch 197 / 200
Duration: 104s, Train Loss: 0.6316, Train Acc: 0.9630， Test Acc : 0.9361, Test Loss: 0.5435
Epoch 198 / 200
Duration: 104s, Train Loss: 0.6734, Train Acc: 0.9604， Test Acc : 0.9376, Test Loss: 0.5497
Epoch 199 / 200
Duration: 104s, Train Loss: 0.7051, Train Acc: 0.9592， Test Acc : 0.9363, Test Loss: 0.5464
Total Time:20952s
Best Accuracy of the network on the test images: 93.9108 %
Best epoch: 180


