nohup: ignoring input
Ranger optimizer loaded. 
Gradient Centralization usage = True
GC applied to both conv and fc layers
Epoch 0 / 200
Duration: 105s, Train Loss: 72.8661, Train Acc: 0.2474， Test Acc : 0.4020, Test Loss: 25.2025
Epoch 1 / 200
Duration: 104s, Train Loss: 60.9543, Train Acc: 0.3858， Test Acc : 0.4624, Test Loss: 24.2987
Epoch 2 / 200
Duration: 104s, Train Loss: 54.1046, Train Acc: 0.4621， Test Acc : 0.5908, Test Loss: 17.7652
Epoch 3 / 200
Duration: 104s, Train Loss: 49.2321, Train Acc: 0.5237， Test Acc : 0.6301, Test Loss: 17.1428
Epoch 4 / 200
Duration: 104s, Train Loss: 45.8750, Train Acc: 0.5606， Test Acc : 0.6092, Test Loss: 18.0753
Epoch 5 / 200
Duration: 104s, Train Loss: 44.7436, Train Acc: 0.5745， Test Acc : 0.7032, Test Loss: 13.4660
Epoch 6 / 200
Duration: 104s, Train Loss: 41.2248, Train Acc: 0.6053， Test Acc : 0.6981, Test Loss: 13.8945
Epoch 7 / 200
Duration: 104s, Train Loss: 39.6407, Train Acc: 0.6271， Test Acc : 0.7080, Test Loss: 13.2109
Epoch 8 / 200
Duration: 104s, Train Loss: 38.7533, Train Acc: 0.6316， Test Acc : 0.7358, Test Loss: 12.4483
Epoch 9 / 200
Duration: 105s, Train Loss: 36.8846, Train Acc: 0.6468， Test Acc : 0.7473, Test Loss: 11.6313
Epoch 10 / 200
Duration: 104s, Train Loss: 35.8067, Train Acc: 0.6654， Test Acc : 0.7096, Test Loss: 13.2799
Epoch 11 / 200
Duration: 104s, Train Loss: 35.9581, Train Acc: 0.6619， Test Acc : 0.7623, Test Loss: 10.7743
Epoch 12 / 200
Duration: 104s, Train Loss: 34.1213, Train Acc: 0.6779， Test Acc : 0.7427, Test Loss: 11.6129
Epoch 13 / 200
Duration: 104s, Train Loss: 32.7319, Train Acc: 0.6908， Test Acc : 0.7411, Test Loss: 11.9794
Epoch 14 / 200
Duration: 104s, Train Loss: 32.4053, Train Acc: 0.6978， Test Acc : 0.7646, Test Loss: 10.9270
Epoch 15 / 200
Duration: 104s, Train Loss: 33.5141, Train Acc: 0.6850， Test Acc : 0.6706, Test Loss: 16.3396
Epoch 16 / 200
Duration: 104s, Train Loss: 33.1340, Train Acc: 0.6875， Test Acc : 0.7399, Test Loss: 12.6154
Epoch 17 / 200
Duration: 104s, Train Loss: 30.6523, Train Acc: 0.7131， Test Acc : 0.8028, Test Loss: 9.1860
Epoch 18 / 200
Duration: 104s, Train Loss: 33.4936, Train Acc: 0.6819， Test Acc : 0.7819, Test Loss: 10.1455
Epoch 19 / 200
Duration: 105s, Train Loss: 30.3604, Train Acc: 0.7210， Test Acc : 0.7906, Test Loss: 9.6778
Epoch 20 / 200
Duration: 104s, Train Loss: 29.0078, Train Acc: 0.7262， Test Acc : 0.7946, Test Loss: 9.6792
Epoch 21 / 200
Duration: 104s, Train Loss: 38.1024, Train Acc: 0.6389， Test Acc : 0.7781, Test Loss: 9.9911
Epoch 22 / 200
Duration: 104s, Train Loss: 31.5233, Train Acc: 0.7059， Test Acc : 0.7832, Test Loss: 10.5831
Epoch 23 / 200
Duration: 104s, Train Loss: 29.5337, Train Acc: 0.7178， Test Acc : 0.8130, Test Loss: 8.3928
Epoch 24 / 200
Duration: 104s, Train Loss: 29.8397, Train Acc: 0.7236， Test Acc : 0.8224, Test Loss: 8.3712
Epoch 25 / 200
Duration: 104s, Train Loss: 27.8016, Train Acc: 0.7401， Test Acc : 0.7880, Test Loss: 9.5282
Epoch 26 / 200
Duration: 105s, Train Loss: 28.5897, Train Acc: 0.7360， Test Acc : 0.8232, Test Loss: 8.1160
Epoch 27 / 200
Duration: 104s, Train Loss: 27.4498, Train Acc: 0.7434， Test Acc : 0.8250, Test Loss: 8.3436
Epoch 28 / 200
Duration: 104s, Train Loss: 26.8727, Train Acc: 0.7466， Test Acc : 0.8120, Test Loss: 8.8646
Epoch 29 / 200
Duration: 104s, Train Loss: 26.8824, Train Acc: 0.7480， Test Acc : 0.8316, Test Loss: 7.6172
Epoch 30 / 200
Duration: 104s, Train Loss: 27.0962, Train Acc: 0.7478， Test Acc : 0.8341, Test Loss: 7.3456
Epoch 31 / 200
Duration: 104s, Train Loss: 25.7123, Train Acc: 0.7591， Test Acc : 0.7931, Test Loss: 9.4587
Epoch 32 / 200
Duration: 104s, Train Loss: 25.5144, Train Acc: 0.7598， Test Acc : 0.8413, Test Loss: 7.6968
Epoch 33 / 200
Duration: 104s, Train Loss: 24.4849, Train Acc: 0.7696， Test Acc : 0.8566, Test Loss: 6.8616
Epoch 34 / 200
Duration: 105s, Train Loss: 24.6699, Train Acc: 0.7748， Test Acc : 0.8425, Test Loss: 7.4464
Epoch 35 / 200
Duration: 104s, Train Loss: 25.0127, Train Acc: 0.7659， Test Acc : 0.8515, Test Loss: 6.7445
Epoch 36 / 200
Duration: 104s, Train Loss: 25.4496, Train Acc: 0.7603， Test Acc : 0.8497, Test Loss: 7.1834
Epoch 37 / 200
Duration: 104s, Train Loss: 24.6465, Train Acc: 0.7707， Test Acc : 0.8517, Test Loss: 6.7343
Epoch 38 / 200
Duration: 105s, Train Loss: 23.1791, Train Acc: 0.7835， Test Acc : 0.8611, Test Loss: 6.5028
Epoch 39 / 200
Duration: 105s, Train Loss: 24.2219, Train Acc: 0.7775， Test Acc : 0.8280, Test Loss: 8.6879
Epoch 40 / 200
Duration: 106s, Train Loss: 25.6899, Train Acc: 0.7653， Test Acc : 0.8196, Test Loss: 7.9410
Epoch 41 / 200
Duration: 104s, Train Loss: 26.1253, Train Acc: 0.7676， Test Acc : 0.8504, Test Loss: 7.2216
Epoch 42 / 200
Duration: 104s, Train Loss: 23.5184, Train Acc: 0.7817， Test Acc : 0.8089, Test Loss: 8.5457
Epoch 43 / 200
Duration: 104s, Train Loss: 28.4394, Train Acc: 0.7375， Test Acc : 0.8576, Test Loss: 6.7023
Epoch 44 / 200
Duration: 104s, Train Loss: 22.1983, Train Acc: 0.7917， Test Acc : 0.8622, Test Loss: 6.4842
Epoch 45 / 200
Duration: 104s, Train Loss: 22.7110, Train Acc: 0.7891， Test Acc : 0.8611, Test Loss: 6.4622
Epoch 46 / 200
Duration: 104s, Train Loss: 22.3038, Train Acc: 0.7894， Test Acc : 0.8425, Test Loss: 7.5346
Epoch 47 / 200
Duration: 104s, Train Loss: 20.9246, Train Acc: 0.8020， Test Acc : 0.8739, Test Loss: 5.9091
Epoch 48 / 200
Duration: 104s, Train Loss: 20.5225, Train Acc: 0.8082， Test Acc : 0.8632, Test Loss: 6.4344
Epoch 49 / 200
Duration: 104s, Train Loss: 21.5162, Train Acc: 0.7995， Test Acc : 0.8517, Test Loss: 8.1370
Epoch 50 / 200
Duration: 104s, Train Loss: 21.4326, Train Acc: 0.7991， Test Acc : 0.8708, Test Loss: 6.4162
Epoch 51 / 200
Duration: 104s, Train Loss: 20.4067, Train Acc: 0.8059， Test Acc : 0.8535, Test Loss: 6.8390
Epoch 52 / 200
Duration: 105s, Train Loss: 20.9658, Train Acc: 0.8057， Test Acc : 0.8675, Test Loss: 6.2386
Epoch 53 / 200
Duration: 104s, Train Loss: 19.6274, Train Acc: 0.8155， Test Acc : 0.8871, Test Loss: 5.6216
Epoch 54 / 200
Duration: 104s, Train Loss: 18.3962, Train Acc: 0.8269， Test Acc : 0.8489, Test Loss: 14.3868
Epoch 55 / 200
Duration: 104s, Train Loss: 18.5878, Train Acc: 0.8246， Test Acc : 0.8815, Test Loss: 5.7842
Epoch 56 / 200
Duration: 104s, Train Loss: 19.0857, Train Acc: 0.8216， Test Acc : 0.8866, Test Loss: 5.2347
Epoch 57 / 200
Duration: 104s, Train Loss: 19.5380, Train Acc: 0.8194， Test Acc : 0.8583, Test Loss: 7.2565
Epoch 58 / 200
Duration: 104s, Train Loss: 22.1579, Train Acc: 0.8000， Test Acc : 0.8229, Test Loss: 11.2968
Epoch 59 / 200
Duration: 104s, Train Loss: 21.2336, Train Acc: 0.8055， Test Acc : 0.8224, Test Loss: 9.5347
Epoch 60 / 200
Duration: 104s, Train Loss: 21.6917, Train Acc: 0.8009， Test Acc : 0.8785, Test Loss: 5.9811
Epoch 61 / 200
Duration: 104s, Train Loss: 19.9341, Train Acc: 0.8159， Test Acc : 0.8752, Test Loss: 6.0755
Epoch 62 / 200
Duration: 104s, Train Loss: 20.1544, Train Acc: 0.8110， Test Acc : 0.8494, Test Loss: 7.6925
Epoch 63 / 200
Duration: 104s, Train Loss: 26.6948, Train Acc: 0.7525， Test Acc : 0.8122, Test Loss: 9.8340
Epoch 64 / 200
Duration: 105s, Train Loss: 21.7918, Train Acc: 0.7964， Test Acc : 0.8530, Test Loss: 7.3131
Epoch 65 / 200
Duration: 104s, Train Loss: 19.3355, Train Acc: 0.8182， Test Acc : 0.8604, Test Loss: 7.7219
Epoch 66 / 200
Duration: 104s, Train Loss: 21.4361, Train Acc: 0.8010， Test Acc : 0.8637, Test Loss: 6.2458
Epoch 67 / 200
Duration: 104s, Train Loss: 19.2943, Train Acc: 0.8238， Test Acc : 0.8836, Test Loss: 5.6047
Epoch 68 / 200
Duration: 104s, Train Loss: 18.8776, Train Acc: 0.8257， Test Acc : 0.8772, Test Loss: 6.8323
Epoch 69 / 200
Duration: 104s, Train Loss: 17.8173, Train Acc: 0.8358， Test Acc : 0.8856, Test Loss: 5.8782
Epoch 70 / 200
Duration: 104s, Train Loss: 19.7543, Train Acc: 0.8177， Test Acc : 0.8275, Test Loss: 10.6757
Epoch 71 / 200
Duration: 104s, Train Loss: 19.0746, Train Acc: 0.8247， Test Acc : 0.8869, Test Loss: 5.3760
Epoch 72 / 200
Duration: 104s, Train Loss: 18.3415, Train Acc: 0.8299， Test Acc : 0.8899, Test Loss: 5.5630
Epoch 73 / 200
Duration: 104s, Train Loss: 17.7149, Train Acc: 0.8361， Test Acc : 0.8892, Test Loss: 5.4357
Epoch 74 / 200
Duration: 104s, Train Loss: 16.8510, Train Acc: 0.8408， Test Acc : 0.8932, Test Loss: 5.9016
Epoch 75 / 200
Duration: 104s, Train Loss: 17.7853, Train Acc: 0.8370， Test Acc : 0.8787, Test Loss: 5.8738
Epoch 76 / 200
Duration: 106s, Train Loss: 16.0874, Train Acc: 0.8485， Test Acc : 0.8782, Test Loss: 5.6046
Epoch 77 / 200
Duration: 104s, Train Loss: 15.4737, Train Acc: 0.8523， Test Acc : 0.8983, Test Loss: 4.9988
Epoch 78 / 200
Duration: 104s, Train Loss: 14.9983, Train Acc: 0.8621， Test Acc : 0.8950, Test Loss: 5.1346
Epoch 79 / 200
Duration: 104s, Train Loss: 15.0992, Train Acc: 0.8581， Test Acc : 0.8950, Test Loss: 5.1708
Epoch 80 / 200
Duration: 104s, Train Loss: 14.4803, Train Acc: 0.8655， Test Acc : 0.8920, Test Loss: 6.2567
Epoch 81 / 200
Duration: 104s, Train Loss: 14.8064, Train Acc: 0.8572， Test Acc : 0.8925, Test Loss: 6.0886
Epoch 82 / 200
Duration: 104s, Train Loss: 14.4025, Train Acc: 0.8644， Test Acc : 0.8859, Test Loss: 5.4647
Epoch 83 / 200
Duration: 104s, Train Loss: 14.5868, Train Acc: 0.8621， Test Acc : 0.9001, Test Loss: 4.9288
Epoch 84 / 200
Duration: 104s, Train Loss: 13.7269, Train Acc: 0.8689， Test Acc : 0.9017, Test Loss: 4.6706
Epoch 85 / 200
Duration: 104s, Train Loss: 13.6829, Train Acc: 0.8693， Test Acc : 0.8820, Test Loss: 6.5756
Epoch 86 / 200
Duration: 104s, Train Loss: 14.1749, Train Acc: 0.8687， Test Acc : 0.8999, Test Loss: 5.0034
Epoch 87 / 200
Duration: 106s, Train Loss: 14.5717, Train Acc: 0.8624， Test Acc : 0.8927, Test Loss: 4.7954
Epoch 88 / 200
Duration: 104s, Train Loss: 16.3594, Train Acc: 0.8486， Test Acc : 0.8780, Test Loss: 6.6380
Epoch 89 / 200
Duration: 104s, Train Loss: 16.3308, Train Acc: 0.8470， Test Acc : 0.9062, Test Loss: 4.6589
Epoch 90 / 200
Duration: 104s, Train Loss: 26.2243, Train Acc: 0.7583， Test Acc : 0.8810, Test Loss: 5.6142
Epoch 91 / 200
Duration: 104s, Train Loss: 17.4604, Train Acc: 0.8336， Test Acc : 0.8948, Test Loss: 5.1353
Epoch 92 / 200
Duration: 104s, Train Loss: 16.0426, Train Acc: 0.8492， Test Acc : 0.8961, Test Loss: 5.0869
Epoch 93 / 200
Duration: 104s, Train Loss: 14.8181, Train Acc: 0.8577， Test Acc : 0.8973, Test Loss: 4.9984
Epoch 94 / 200
Duration: 104s, Train Loss: 14.2981, Train Acc: 0.8666， Test Acc : 0.8961, Test Loss: 5.2468
Epoch 95 / 200
Duration: 104s, Train Loss: 13.9708, Train Acc: 0.8681， Test Acc : 0.9027, Test Loss: 4.7975
Epoch 96 / 200
Duration: 104s, Train Loss: 13.2653, Train Acc: 0.8725， Test Acc : 0.8999, Test Loss: 4.5892
Epoch 97 / 200
Duration: 104s, Train Loss: 12.5729, Train Acc: 0.8820， Test Acc : 0.9014, Test Loss: 4.8323
Epoch 98 / 200
Duration: 105s, Train Loss: 13.2310, Train Acc: 0.8749， Test Acc : 0.9039, Test Loss: 4.7064
Epoch 99 / 200
Duration: 106s, Train Loss: 12.5471, Train Acc: 0.8824， Test Acc : 0.9024, Test Loss: 4.8354
Epoch 100 / 200
Duration: 104s, Train Loss: 11.8946, Train Acc: 0.8881， Test Acc : 0.9027, Test Loss: 4.7619
Epoch 101 / 200
Duration: 104s, Train Loss: 12.4579, Train Acc: 0.8848， Test Acc : 0.9126, Test Loss: 4.3976
Epoch 102 / 200
Duration: 104s, Train Loss: 12.4493, Train Acc: 0.8835， Test Acc : 0.9139, Test Loss: 4.4669
Epoch 103 / 200
Duration: 104s, Train Loss: 12.4567, Train Acc: 0.8819， Test Acc : 0.9126, Test Loss: 4.1109
Epoch 104 / 200
Duration: 104s, Train Loss: 11.4164, Train Acc: 0.8930， Test Acc : 0.9167, Test Loss: 4.2780
Epoch 105 / 200
Duration: 104s, Train Loss: 11.2882, Train Acc: 0.8922， Test Acc : 0.9157, Test Loss: 4.4079
Epoch 106 / 200
Duration: 104s, Train Loss: 11.2203, Train Acc: 0.8941， Test Acc : 0.8945, Test Loss: 7.7944
Epoch 107 / 200
Duration: 104s, Train Loss: 15.2780, Train Acc: 0.8580， Test Acc : 0.9034, Test Loss: 4.7050
Epoch 108 / 200
Duration: 104s, Train Loss: 11.9388, Train Acc: 0.8878， Test Acc : 0.9106, Test Loss: 4.4129
Epoch 109 / 200
Duration: 105s, Train Loss: 12.1137, Train Acc: 0.8920， Test Acc : 0.9045, Test Loss: 4.6496
Epoch 110 / 200
Duration: 106s, Train Loss: 11.3937, Train Acc: 0.8923， Test Acc : 0.9177, Test Loss: 3.9540
Epoch 111 / 200
Duration: 105s, Train Loss: 11.1623, Train Acc: 0.8951， Test Acc : 0.9126, Test Loss: 4.2761
Epoch 112 / 200
Duration: 104s, Train Loss: 11.0526, Train Acc: 0.8967， Test Acc : 0.9157, Test Loss: 4.1980
Epoch 113 / 200
Duration: 105s, Train Loss: 10.7694, Train Acc: 0.8972， Test Acc : 0.9124, Test Loss: 4.2325
Epoch 114 / 200
Duration: 105s, Train Loss: 11.0989, Train Acc: 0.8958， Test Acc : 0.9159, Test Loss: 4.2625
Epoch 115 / 200
Duration: 105s, Train Loss: 10.9386, Train Acc: 0.8995， Test Acc : 0.9085, Test Loss: 4.4362
Epoch 116 / 200
Duration: 105s, Train Loss: 11.5469, Train Acc: 0.8911， Test Acc : 0.9080, Test Loss: 4.7584
Epoch 117 / 200
Duration: 104s, Train Loss: 11.3778, Train Acc: 0.8958， Test Acc : 0.9009, Test Loss: 4.7960
Epoch 118 / 200
Duration: 104s, Train Loss: 11.7867, Train Acc: 0.8945， Test Acc : 0.9050, Test Loss: 4.6037
Epoch 119 / 200
Duration: 104s, Train Loss: 12.4528, Train Acc: 0.8818， Test Acc : 0.9139, Test Loss: 3.9110
Epoch 120 / 200
Duration: 104s, Train Loss: 10.1874, Train Acc: 0.9046， Test Acc : 0.9136, Test Loss: 4.2601
Epoch 121 / 200
Duration: 106s, Train Loss: 10.0177, Train Acc: 0.9035， Test Acc : 0.9136, Test Loss: 4.4175
Epoch 122 / 200
Duration: 105s, Train Loss: 10.2832, Train Acc: 0.9079， Test Acc : 0.9231, Test Loss: 3.9102
Epoch 123 / 200
Duration: 104s, Train Loss: 9.9212, Train Acc: 0.9074， Test Acc : 0.9175, Test Loss: 4.2503
Epoch 124 / 200
Duration: 104s, Train Loss: 10.5629, Train Acc: 0.9007， Test Acc : 0.9144, Test Loss: 4.4217
Epoch 125 / 200
Duration: 104s, Train Loss: 10.1015, Train Acc: 0.9064， Test Acc : 0.9213, Test Loss: 4.1623
Epoch 126 / 200
Duration: 104s, Train Loss: 9.2331, Train Acc: 0.9150， Test Acc : 0.9180, Test Loss: 4.3175
Epoch 127 / 200
Duration: 105s, Train Loss: 10.0094, Train Acc: 0.9067， Test Acc : 0.9220, Test Loss: 3.8926
Epoch 128 / 200
Duration: 105s, Train Loss: 9.4587, Train Acc: 0.9132， Test Acc : 0.9223, Test Loss: 3.8425
Epoch 129 / 200
Duration: 105s, Train Loss: 9.1762, Train Acc: 0.9166， Test Acc : 0.9259, Test Loss: 3.8202
Epoch 130 / 200
Duration: 105s, Train Loss: 9.4911, Train Acc: 0.9101， Test Acc : 0.9254, Test Loss: 3.7972
Epoch 131 / 200
Duration: 104s, Train Loss: 8.6545, Train Acc: 0.9180， Test Acc : 0.9251, Test Loss: 3.8156
Epoch 132 / 200
Duration: 106s, Train Loss: 9.4109, Train Acc: 0.9139， Test Acc : 0.9200, Test Loss: 4.1364
Epoch 133 / 200
Duration: 104s, Train Loss: 9.9134, Train Acc: 0.9080， Test Acc : 0.9185, Test Loss: 3.9309
Epoch 134 / 200
Duration: 104s, Train Loss: 8.8179, Train Acc: 0.9194， Test Acc : 0.9231, Test Loss: 3.8419
Epoch 135 / 200
Duration: 105s, Train Loss: 10.3300, Train Acc: 0.9003， Test Acc : 0.9108, Test Loss: 4.4578
Epoch 136 / 200
Duration: 105s, Train Loss: 8.8659, Train Acc: 0.9172， Test Acc : 0.9124, Test Loss: 4.7775
Epoch 137 / 200
Duration: 105s, Train Loss: 9.4168, Train Acc: 0.9144， Test Acc : 0.9238, Test Loss: 4.1091
Epoch 138 / 200
Duration: 105s, Train Loss: 9.2959, Train Acc: 0.9155， Test Acc : 0.9208, Test Loss: 3.9245
Epoch 139 / 200
Duration: 105s, Train Loss: 8.4773, Train Acc: 0.9196， Test Acc : 0.9274, Test Loss: 3.5847
Epoch 140 / 200
Duration: 104s, Train Loss: 8.1170, Train Acc: 0.9227， Test Acc : 0.9259, Test Loss: 3.6840
Epoch 141 / 200
Duration: 105s, Train Loss: 8.3118, Train Acc: 0.9244， Test Acc : 0.9213, Test Loss: 4.0036
Epoch 142 / 200
Duration: 106s, Train Loss: 8.1196, Train Acc: 0.9214， Test Acc : 0.9228, Test Loss: 3.8132
Epoch 143 / 200
Duration: 104s, Train Loss: 7.5920, Train Acc: 0.9276， Test Acc : 0.9304, Test Loss: 3.6067
Epoch 144 / 200
Duration: 104s, Train Loss: 8.0158, Train Acc: 0.9248， Test Acc : 0.9292, Test Loss: 3.7330
Epoch 145 / 200
Duration: 104s, Train Loss: 7.8337, Train Acc: 0.9279， Test Acc : 0.9289, Test Loss: 3.7499
Epoch 146 / 200
Duration: 104s, Train Loss: 7.7978, Train Acc: 0.9297， Test Acc : 0.9276, Test Loss: 3.9160
Epoch 147 / 200
Duration: 105s, Train Loss: 7.8047, Train Acc: 0.9257， Test Acc : 0.9259, Test Loss: 3.8488
Epoch 148 / 200
Duration: 104s, Train Loss: 7.4272, Train Acc: 0.9296， Test Acc : 0.9241, Test Loss: 3.9075
Epoch 149 / 200
Duration: 104s, Train Loss: 7.0293, Train Acc: 0.9328， Test Acc : 0.9256, Test Loss: 3.7894
Epoch 150 / 200
Duration: 104s, Train Loss: 7.1279, Train Acc: 0.9340， Test Acc : 0.9297, Test Loss: 3.7035
Epoch 151 / 200
Duration: 104s, Train Loss: 7.0670, Train Acc: 0.9327， Test Acc : 0.9287, Test Loss: 3.6718
Epoch 152 / 200
Duration: 104s, Train Loss: 7.9504, Train Acc: 0.9269， Test Acc : 0.9261, Test Loss: 3.9016
Epoch 153 / 200
Duration: 104s, Train Loss: 6.8893, Train Acc: 0.9361， Test Acc : 0.9261, Test Loss: 4.0780
Epoch 154 / 200
Duration: 106s, Train Loss: 7.0365, Train Acc: 0.9333， Test Acc : 0.9261, Test Loss: 3.8164
Epoch 155 / 200
Duration: 104s, Train Loss: 7.1152, Train Acc: 0.9340， Test Acc : 0.9254, Test Loss: 3.8616
Epoch 156 / 200
Duration: 104s, Train Loss: 7.6883, Train Acc: 0.9279， Test Acc : 0.9330, Test Loss: 3.6122
Epoch 157 / 200
Duration: 104s, Train Loss: 6.4700, Train Acc: 0.9384， Test Acc : 0.9279, Test Loss: 3.8688
Epoch 158 / 200
Duration: 104s, Train Loss: 6.9405, Train Acc: 0.9327， Test Acc : 0.9317, Test Loss: 3.6797
Epoch 159 / 200
Duration: 105s, Train Loss: 6.6791, Train Acc: 0.9420， Test Acc : 0.9325, Test Loss: 3.6575
Epoch 160 / 200
Duration: 104s, Train Loss: 6.9506, Train Acc: 0.9367， Test Acc : 0.9261, Test Loss: 3.9113
Epoch 161 / 200
Duration: 105s, Train Loss: 6.4142, Train Acc: 0.9405， Test Acc : 0.9276, Test Loss: 3.8309
Epoch 162 / 200
Duration: 103s, Train Loss: 6.8820, Train Acc: 0.9364， Test Acc : 0.9304, Test Loss: 3.8063
Epoch 163 / 200
Duration: 106s, Train Loss: 6.4971, Train Acc: 0.9410， Test Acc : 0.9289, Test Loss: 3.8854
Epoch 164 / 200
Duration: 105s, Train Loss: 6.2633, Train Acc: 0.9452， Test Acc : 0.9289, Test Loss: 3.7889
Epoch 165 / 200
Duration: 106s, Train Loss: 6.3818, Train Acc: 0.9432， Test Acc : 0.9317, Test Loss: 3.5172
Epoch 166 / 200
Duration: 105s, Train Loss: 6.3812, Train Acc: 0.9406， Test Acc : 0.9340, Test Loss: 3.4809
Epoch 167 / 200
Duration: 104s, Train Loss: 6.3428, Train Acc: 0.9422， Test Acc : 0.9327, Test Loss: 3.7279
Epoch 168 / 200
Duration: 104s, Train Loss: 6.0748, Train Acc: 0.9424， Test Acc : 0.9299, Test Loss: 3.7025
Epoch 169 / 200
Duration: 104s, Train Loss: 6.0109, Train Acc: 0.9423， Test Acc : 0.9269, Test Loss: 3.7154
Epoch 170 / 200
Duration: 104s, Train Loss: 6.0968, Train Acc: 0.9442， Test Acc : 0.9327, Test Loss: 3.6466
Epoch 171 / 200
Duration: 104s, Train Loss: 5.7442, Train Acc: 0.9460， Test Acc : 0.9307, Test Loss: 3.7482
Epoch 172 / 200
Duration: 104s, Train Loss: 5.7287, Train Acc: 0.9447， Test Acc : 0.9289, Test Loss: 3.7846
Epoch 173 / 200
Duration: 104s, Train Loss: 5.5054, Train Acc: 0.9486， Test Acc : 0.9353, Test Loss: 3.4960
Epoch 174 / 200
Duration: 104s, Train Loss: 6.2664, Train Acc: 0.9437， Test Acc : 0.9302, Test Loss: 3.6194
Epoch 175 / 200
Duration: 104s, Train Loss: 5.7777, Train Acc: 0.9422， Test Acc : 0.9322, Test Loss: 3.6420
Epoch 176 / 200
Duration: 106s, Train Loss: 5.7181, Train Acc: 0.9476， Test Acc : 0.9315, Test Loss: 3.6697
Epoch 177 / 200
Duration: 104s, Train Loss: 6.0501, Train Acc: 0.9432， Test Acc : 0.9327, Test Loss: 3.7638
Epoch 178 / 200
Duration: 104s, Train Loss: 7.0146, Train Acc: 0.9430， Test Acc : 0.9254, Test Loss: 4.3206
Epoch 179 / 200
Duration: 104s, Train Loss: 6.2324, Train Acc: 0.9414， Test Acc : 0.9279, Test Loss: 3.9461
Epoch 180 / 200
Duration: 104s, Train Loss: 6.2638, Train Acc: 0.9435， Test Acc : 0.9327, Test Loss: 3.6315
Epoch 181 / 200
Duration: 104s, Train Loss: 5.3526, Train Acc: 0.9521， Test Acc : 0.9315, Test Loss: 3.6281
Epoch 182 / 200
Duration: 104s, Train Loss: 5.7728, Train Acc: 0.9485， Test Acc : 0.9325, Test Loss: 3.6869
Epoch 183 / 200
Duration: 104s, Train Loss: 5.4729, Train Acc: 0.9488， Test Acc : 0.9317, Test Loss: 3.5860
Epoch 184 / 200
Duration: 104s, Train Loss: 5.7840, Train Acc: 0.9461， Test Acc : 0.9294, Test Loss: 3.6277
Epoch 185 / 200
Duration: 104s, Train Loss: 5.8113, Train Acc: 0.9469， Test Acc : 0.9310, Test Loss: 3.6916
Epoch 186 / 200
Duration: 104s, Train Loss: 5.4336, Train Acc: 0.9483， Test Acc : 0.9302, Test Loss: 3.5866
Epoch 187 / 200
Duration: 104s, Train Loss: 5.2670, Train Acc: 0.9521， Test Acc : 0.9322, Test Loss: 3.5411
Epoch 188 / 200
Duration: 105s, Train Loss: 5.6518, Train Acc: 0.9468， Test Acc : 0.9322, Test Loss: 3.7474
Epoch 189 / 200
Duration: 104s, Train Loss: 5.5379, Train Acc: 0.9489， Test Acc : 0.9307, Test Loss: 3.5893
Epoch 190 / 200
Duration: 104s, Train Loss: 5.3529, Train Acc: 0.9486， Test Acc : 0.9320, Test Loss: 3.6133
Epoch 191 / 200
Duration: 104s, Train Loss: 5.1315, Train Acc: 0.9540， Test Acc : 0.9317, Test Loss: 3.6181
Epoch 192 / 200
Duration: 104s, Train Loss: 5.1634, Train Acc: 0.9532， Test Acc : 0.9317, Test Loss: 3.6406
Epoch 193 / 200
Duration: 104s, Train Loss: 5.2331, Train Acc: 0.9515， Test Acc : 0.9310, Test Loss: 3.5385
Epoch 194 / 200
Duration: 105s, Train Loss: 5.0964, Train Acc: 0.9530， Test Acc : 0.9325, Test Loss: 3.5438
Epoch 195 / 200
Duration: 104s, Train Loss: 5.0707, Train Acc: 0.9511， Test Acc : 0.9332, Test Loss: 3.5099
Epoch 196 / 200
Duration: 105s, Train Loss: 5.1364, Train Acc: 0.9518， Test Acc : 0.9320, Test Loss: 3.4445
Epoch 197 / 200
Duration: 105s, Train Loss: 5.6503, Train Acc: 0.9483， Test Acc : 0.9340, Test Loss: 3.5425
Epoch 198 / 200
Duration: 105s, Train Loss: 5.2197, Train Acc: 0.9509， Test Acc : 0.9320, Test Loss: 3.5368
Epoch 199 / 200
Duration: 106s, Train Loss: 5.1269, Train Acc: 0.9538， Test Acc : 0.9325, Test Loss: 3.4686
Total Time:20908s
Best Accuracy of the network on the test images: 93.5287 %
Best epoch: 173


