nohup: ignoring input
Ranger optimizer loaded. 
Gradient Centralization usage = True
GC applied to both conv and fc layers
Epoch 0 / 200
Duration: 102s, Train Loss: 7.6604, Train Acc: 0.2489， Test Acc : 0.4367, Test Loss: 2.5824
Epoch 1 / 200
Duration: 102s, Train Loss: 6.3537, Train Acc: 0.3941， Test Acc : 0.5493, Test Loss: 2.0726
Epoch 2 / 200
Duration: 102s, Train Loss: 5.5645, Train Acc: 0.4785， Test Acc : 0.6094, Test Loss: 1.8019
Epoch 3 / 200
Duration: 102s, Train Loss: 4.9756, Train Acc: 0.5384， Test Acc : 0.6652, Test Loss: 1.5693
Epoch 4 / 200
Duration: 102s, Train Loss: 4.6936, Train Acc: 0.5719， Test Acc : 0.6734, Test Loss: 1.5069
Epoch 5 / 200
Duration: 102s, Train Loss: 4.3504, Train Acc: 0.5980， Test Acc : 0.7287, Test Loss: 1.2624
Epoch 6 / 200
Duration: 102s, Train Loss: 4.1689, Train Acc: 0.6196， Test Acc : 0.7350, Test Loss: 1.2500
Epoch 7 / 200
Duration: 102s, Train Loss: 3.9715, Train Acc: 0.6391， Test Acc : 0.7414, Test Loss: 1.2166
Epoch 8 / 200
Duration: 102s, Train Loss: 3.7881, Train Acc: 0.6533， Test Acc : 0.7465, Test Loss: 1.1918
Epoch 9 / 200
Duration: 102s, Train Loss: 3.7898, Train Acc: 0.6584， Test Acc : 0.7557, Test Loss: 1.1204
Epoch 10 / 200
Duration: 102s, Train Loss: 3.5466, Train Acc: 0.6793， Test Acc : 0.7763, Test Loss: 1.0373
Epoch 11 / 200
Duration: 102s, Train Loss: 3.4062, Train Acc: 0.6950， Test Acc : 0.7834, Test Loss: 1.0160
Epoch 12 / 200
Duration: 102s, Train Loss: 3.4163, Train Acc: 0.6947， Test Acc : 0.7931, Test Loss: 0.9834
Epoch 13 / 200
Duration: 102s, Train Loss: 3.3596, Train Acc: 0.6972， Test Acc : 0.7962, Test Loss: 1.0007
Epoch 14 / 200
Duration: 102s, Train Loss: 3.3862, Train Acc: 0.6947， Test Acc : 0.7753, Test Loss: 1.0448
Epoch 15 / 200
Duration: 102s, Train Loss: 3.1438, Train Acc: 0.7212， Test Acc : 0.8031, Test Loss: 0.9195
Epoch 16 / 200
Duration: 102s, Train Loss: 3.1584, Train Acc: 0.7229， Test Acc : 0.8005, Test Loss: 0.9230
Epoch 17 / 200
Duration: 101s, Train Loss: 3.0713, Train Acc: 0.7253， Test Acc : 0.8064, Test Loss: 0.8894
Epoch 18 / 200
Duration: 104s, Train Loss: 3.0254, Train Acc: 0.7326， Test Acc : 0.8043, Test Loss: 0.9116
Epoch 19 / 200
Duration: 102s, Train Loss: 3.0212, Train Acc: 0.7297， Test Acc : 0.8303, Test Loss: 0.8174
Epoch 20 / 200
Duration: 104s, Train Loss: 2.9029, Train Acc: 0.7408， Test Acc : 0.8171, Test Loss: 0.8887
Epoch 21 / 200
Duration: 102s, Train Loss: 2.8194, Train Acc: 0.7537， Test Acc : 0.8288, Test Loss: 0.8029
Epoch 22 / 200
Duration: 102s, Train Loss: 2.7344, Train Acc: 0.7533， Test Acc : 0.8265, Test Loss: 0.8604
Epoch 23 / 200
Duration: 102s, Train Loss: 2.6512, Train Acc: 0.7627， Test Acc : 0.8331, Test Loss: 0.8047
Epoch 24 / 200
Duration: 102s, Train Loss: 2.7640, Train Acc: 0.7549， Test Acc : 0.8397, Test Loss: 0.7644
Epoch 25 / 200
Duration: 102s, Train Loss: 2.5624, Train Acc: 0.7697， Test Acc : 0.8476, Test Loss: 0.7249
Epoch 26 / 200
Duration: 102s, Train Loss: 2.5797, Train Acc: 0.7727， Test Acc : 0.8405, Test Loss: 0.7328
Epoch 27 / 200
Duration: 102s, Train Loss: 2.5480, Train Acc: 0.7721， Test Acc : 0.8563, Test Loss: 0.7003
Epoch 28 / 200
Duration: 101s, Train Loss: 2.4993, Train Acc: 0.7754， Test Acc : 0.8492, Test Loss: 0.7208
Epoch 29 / 200
Duration: 104s, Train Loss: 2.5777, Train Acc: 0.7704， Test Acc : 0.8023, Test Loss: 1.0815
Epoch 30 / 200
Duration: 102s, Train Loss: 2.8157, Train Acc: 0.7478， Test Acc : 0.8515, Test Loss: 0.7145
Epoch 31 / 200
Duration: 102s, Train Loss: 2.5145, Train Acc: 0.7729， Test Acc : 0.8614, Test Loss: 0.6635
Epoch 32 / 200
Duration: 102s, Train Loss: 2.4444, Train Acc: 0.7834， Test Acc : 0.8538, Test Loss: 0.7021
Epoch 33 / 200
Duration: 102s, Train Loss: 2.4238, Train Acc: 0.7814， Test Acc : 0.8479, Test Loss: 0.9505
Epoch 34 / 200
Duration: 102s, Train Loss: 2.3378, Train Acc: 0.7893， Test Acc : 0.8637, Test Loss: 0.6372
Epoch 35 / 200
Duration: 102s, Train Loss: 2.3633, Train Acc: 0.7878， Test Acc : 0.8655, Test Loss: 0.6778
Epoch 36 / 200
Duration: 102s, Train Loss: 2.3137, Train Acc: 0.7942， Test Acc : 0.8650, Test Loss: 0.6419
Epoch 37 / 200
Duration: 102s, Train Loss: 2.3292, Train Acc: 0.7937， Test Acc : 0.8448, Test Loss: 0.7452
Epoch 38 / 200
Duration: 102s, Train Loss: 2.3326, Train Acc: 0.7935， Test Acc : 0.8639, Test Loss: 0.6365
Epoch 39 / 200
Duration: 102s, Train Loss: 2.2459, Train Acc: 0.7952， Test Acc : 0.8675, Test Loss: 0.6328
Epoch 40 / 200
Duration: 102s, Train Loss: 2.1309, Train Acc: 0.8083， Test Acc : 0.8568, Test Loss: 0.7161
Epoch 41 / 200
Duration: 102s, Train Loss: 2.2929, Train Acc: 0.7949， Test Acc : 0.8517, Test Loss: 0.7035
Epoch 42 / 200
Duration: 102s, Train Loss: 2.1989, Train Acc: 0.8053， Test Acc : 0.8787, Test Loss: 0.5932
Epoch 43 / 200
Duration: 102s, Train Loss: 2.0430, Train Acc: 0.8181， Test Acc : 0.8808, Test Loss: 0.5819
Epoch 44 / 200
Duration: 103s, Train Loss: 2.0770, Train Acc: 0.8179， Test Acc : 0.8785, Test Loss: 0.5718
Epoch 45 / 200
Duration: 102s, Train Loss: 2.0534, Train Acc: 0.8198， Test Acc : 0.8673, Test Loss: 0.6271
Epoch 46 / 200
Duration: 102s, Train Loss: 2.1014, Train Acc: 0.8144， Test Acc : 0.8604, Test Loss: 0.6836
Epoch 47 / 200
Duration: 102s, Train Loss: 2.0498, Train Acc: 0.8162， Test Acc : 0.8810, Test Loss: 0.6062
Epoch 48 / 200
Duration: 102s, Train Loss: 1.9142, Train Acc: 0.8276， Test Acc : 0.8696, Test Loss: 0.6198
Epoch 49 / 200
Duration: 102s, Train Loss: 2.0393, Train Acc: 0.8201， Test Acc : 0.8724, Test Loss: 0.6040
Epoch 50 / 200
Duration: 102s, Train Loss: 1.9349, Train Acc: 0.8306， Test Acc : 0.8662, Test Loss: 0.6182
Epoch 51 / 200
Duration: 102s, Train Loss: 1.9853, Train Acc: 0.8250， Test Acc : 0.8864, Test Loss: 0.5505
Epoch 52 / 200
Duration: 102s, Train Loss: 1.9275, Train Acc: 0.8271， Test Acc : 0.8718, Test Loss: 0.5821
Epoch 53 / 200
Duration: 102s, Train Loss: 1.8695, Train Acc: 0.8313， Test Acc : 0.8729, Test Loss: 0.6113
Epoch 54 / 200
Duration: 102s, Train Loss: 2.0405, Train Acc: 0.8234， Test Acc : 0.8683, Test Loss: 0.6194
Epoch 55 / 200
Duration: 102s, Train Loss: 1.9014, Train Acc: 0.8299， Test Acc : 0.8813, Test Loss: 0.6041
Epoch 56 / 200
Duration: 102s, Train Loss: 1.8317, Train Acc: 0.8319， Test Acc : 0.8876, Test Loss: 0.5198
Epoch 57 / 200
Duration: 102s, Train Loss: 1.8802, Train Acc: 0.8349， Test Acc : 0.8673, Test Loss: 0.7936
Epoch 58 / 200
Duration: 102s, Train Loss: 1.8249, Train Acc: 0.8346， Test Acc : 0.8930, Test Loss: 0.5267
Epoch 59 / 200
Duration: 102s, Train Loss: 1.8588, Train Acc: 0.8370， Test Acc : 0.8887, Test Loss: 0.5554
Epoch 60 / 200
Duration: 102s, Train Loss: 1.8279, Train Acc: 0.8366， Test Acc : 0.8874, Test Loss: 0.5248
Epoch 61 / 200
Duration: 102s, Train Loss: 1.8911, Train Acc: 0.8355， Test Acc : 0.8739, Test Loss: 0.6025
Epoch 62 / 200
Duration: 102s, Train Loss: 1.8352, Train Acc: 0.8348， Test Acc : 0.8915, Test Loss: 0.5350
Epoch 63 / 200
Duration: 102s, Train Loss: 1.7017, Train Acc: 0.8457， Test Acc : 0.8950, Test Loss: 0.5114
Epoch 64 / 200
Duration: 101s, Train Loss: 1.5938, Train Acc: 0.8550， Test Acc : 0.8963, Test Loss: 0.4962
Epoch 65 / 200
Duration: 104s, Train Loss: 1.5969, Train Acc: 0.8596， Test Acc : 0.9009, Test Loss: 0.4855
Epoch 66 / 200
Duration: 102s, Train Loss: 1.5490, Train Acc: 0.8598， Test Acc : 0.9057, Test Loss: 0.4624
Epoch 67 / 200
Duration: 102s, Train Loss: 1.5914, Train Acc: 0.8582， Test Acc : 0.9022, Test Loss: 0.4830
Epoch 68 / 200
Duration: 102s, Train Loss: 1.5445, Train Acc: 0.8607， Test Acc : 0.8930, Test Loss: 0.5162
Epoch 69 / 200
Duration: 103s, Train Loss: 1.5172, Train Acc: 0.8622， Test Acc : 0.9017, Test Loss: 0.4786
Epoch 70 / 200
Duration: 102s, Train Loss: 1.5148, Train Acc: 0.8632， Test Acc : 0.8991, Test Loss: 0.4801
Epoch 71 / 200
Duration: 102s, Train Loss: 1.5127, Train Acc: 0.8624， Test Acc : 0.8958, Test Loss: 0.5062
Epoch 72 / 200
Duration: 102s, Train Loss: 1.4292, Train Acc: 0.8721， Test Acc : 0.8848, Test Loss: 0.6264
Epoch 73 / 200
Duration: 102s, Train Loss: 1.5954, Train Acc: 0.8569， Test Acc : 0.8917, Test Loss: 0.5437
Epoch 74 / 200
Duration: 102s, Train Loss: 1.5165, Train Acc: 0.8642， Test Acc : 0.9073, Test Loss: 0.4856
Epoch 75 / 200
Duration: 102s, Train Loss: 1.4741, Train Acc: 0.8681， Test Acc : 0.8971, Test Loss: 0.5021
Epoch 76 / 200
Duration: 102s, Train Loss: 1.4797, Train Acc: 0.8667， Test Acc : 0.8938, Test Loss: 0.5458
Epoch 77 / 200
Duration: 101s, Train Loss: 1.5061, Train Acc: 0.8671， Test Acc : 0.8866, Test Loss: 0.6086
Epoch 78 / 200
Duration: 103s, Train Loss: 1.7348, Train Acc: 0.8482， Test Acc : 0.8991, Test Loss: 0.5125
Epoch 79 / 200
Duration: 101s, Train Loss: 1.4323, Train Acc: 0.8678， Test Acc : 0.8943, Test Loss: 0.5365
Epoch 80 / 200
Duration: 103s, Train Loss: 1.3634, Train Acc: 0.8777， Test Acc : 0.9070, Test Loss: 0.4523
Epoch 81 / 200
Duration: 102s, Train Loss: 1.3076, Train Acc: 0.8798， Test Acc : 0.9065, Test Loss: 0.4491
Epoch 82 / 200
Duration: 102s, Train Loss: 1.2267, Train Acc: 0.8920， Test Acc : 0.9162, Test Loss: 0.4419
Epoch 83 / 200
Duration: 102s, Train Loss: 1.2623, Train Acc: 0.8874， Test Acc : 0.9065, Test Loss: 0.4480
Epoch 84 / 200
Duration: 102s, Train Loss: 1.2670, Train Acc: 0.8851， Test Acc : 0.9029, Test Loss: 0.4662
Epoch 85 / 200
Duration: 102s, Train Loss: 1.2744, Train Acc: 0.8862， Test Acc : 0.9101, Test Loss: 0.4300
Epoch 86 / 200
Duration: 102s, Train Loss: 1.2355, Train Acc: 0.8881， Test Acc : 0.9093, Test Loss: 0.4417
Epoch 87 / 200
Duration: 102s, Train Loss: 1.2270, Train Acc: 0.8877， Test Acc : 0.9101, Test Loss: 0.4552
Epoch 88 / 200
Duration: 102s, Train Loss: 1.2292, Train Acc: 0.8895， Test Acc : 0.9090, Test Loss: 0.4508
Epoch 89 / 200
Duration: 102s, Train Loss: 1.2363, Train Acc: 0.8902， Test Acc : 0.9106, Test Loss: 0.4406
Epoch 90 / 200
Duration: 102s, Train Loss: 1.1690, Train Acc: 0.8963， Test Acc : 0.9180, Test Loss: 0.4216
Epoch 91 / 200
Duration: 102s, Train Loss: 1.2136, Train Acc: 0.8918， Test Acc : 0.9124, Test Loss: 0.4344
Epoch 92 / 200
Duration: 102s, Train Loss: 1.1969, Train Acc: 0.8930， Test Acc : 0.9111, Test Loss: 0.4249
Epoch 93 / 200
Duration: 102s, Train Loss: 1.1904, Train Acc: 0.8908， Test Acc : 0.9065, Test Loss: 0.4611
Epoch 94 / 200
Duration: 102s, Train Loss: 1.2158, Train Acc: 0.8908， Test Acc : 0.9093, Test Loss: 0.5102
Epoch 95 / 200
Duration: 102s, Train Loss: 1.1307, Train Acc: 0.9007， Test Acc : 0.9129, Test Loss: 0.4264
Epoch 96 / 200
Duration: 102s, Train Loss: 1.0015, Train Acc: 0.9098， Test Acc : 0.9131, Test Loss: 0.4701
Epoch 97 / 200
Duration: 102s, Train Loss: 1.1141, Train Acc: 0.8993， Test Acc : 0.9213, Test Loss: 0.4188
Epoch 98 / 200
Duration: 102s, Train Loss: 1.0366, Train Acc: 0.9080， Test Acc : 0.9246, Test Loss: 0.3916
Epoch 99 / 200
Duration: 102s, Train Loss: 1.0676, Train Acc: 0.9023， Test Acc : 0.9185, Test Loss: 0.4133
Epoch 100 / 200
Duration: 101s, Train Loss: 1.0567, Train Acc: 0.9009， Test Acc : 0.9215, Test Loss: 0.4297
Epoch 101 / 200
Duration: 104s, Train Loss: 1.0142, Train Acc: 0.9071， Test Acc : 0.9149, Test Loss: 0.4298
Epoch 102 / 200
Duration: 102s, Train Loss: 1.0536, Train Acc: 0.9052， Test Acc : 0.9167, Test Loss: 0.4238
Epoch 103 / 200
Duration: 102s, Train Loss: 1.0262, Train Acc: 0.9101， Test Acc : 0.9083, Test Loss: 0.4364
Epoch 104 / 200
Duration: 102s, Train Loss: 1.0189, Train Acc: 0.9063， Test Acc : 0.9197, Test Loss: 0.3903
Epoch 105 / 200
Duration: 102s, Train Loss: 1.0260, Train Acc: 0.9082， Test Acc : 0.9121, Test Loss: 0.4434
Epoch 106 / 200
Duration: 102s, Train Loss: 0.9689, Train Acc: 0.9108， Test Acc : 0.9157, Test Loss: 0.4460
Epoch 107 / 200
Duration: 103s, Train Loss: 1.0366, Train Acc: 0.9096， Test Acc : 0.9154, Test Loss: 0.4136
Epoch 108 / 200
Duration: 102s, Train Loss: 1.1612, Train Acc: 0.8984， Test Acc : 0.9169, Test Loss: 0.4452
Epoch 109 / 200
Duration: 101s, Train Loss: 1.2402, Train Acc: 0.8868， Test Acc : 0.9175, Test Loss: 0.4117
Epoch 110 / 200
Duration: 103s, Train Loss: 1.0122, Train Acc: 0.9078， Test Acc : 0.9126, Test Loss: 0.4557
Epoch 111 / 200
Duration: 102s, Train Loss: 0.9864, Train Acc: 0.9125， Test Acc : 0.9203, Test Loss: 0.4056
Epoch 112 / 200
Duration: 102s, Train Loss: 0.9437, Train Acc: 0.9126， Test Acc : 0.9210, Test Loss: 0.3923
Epoch 113 / 200
Duration: 102s, Train Loss: 0.9783, Train Acc: 0.9139， Test Acc : 0.9261, Test Loss: 0.3714
Epoch 114 / 200
Duration: 102s, Train Loss: 0.8837, Train Acc: 0.9183， Test Acc : 0.9185, Test Loss: 0.4315
Epoch 115 / 200
Duration: 102s, Train Loss: 0.9056, Train Acc: 0.9188， Test Acc : 0.9223, Test Loss: 0.3843
Epoch 116 / 200
Duration: 102s, Train Loss: 0.8569, Train Acc: 0.9212， Test Acc : 0.9215, Test Loss: 0.3950
Epoch 117 / 200
Duration: 102s, Train Loss: 0.8318, Train Acc: 0.9227， Test Acc : 0.9238, Test Loss: 0.3985
Epoch 118 / 200
Duration: 102s, Train Loss: 0.8462, Train Acc: 0.9245， Test Acc : 0.9215, Test Loss: 0.3937
Epoch 119 / 200
Duration: 102s, Train Loss: 0.8082, Train Acc: 0.9255， Test Acc : 0.9248, Test Loss: 0.3940
Epoch 120 / 200
Duration: 102s, Train Loss: 0.8308, Train Acc: 0.9242， Test Acc : 0.9225, Test Loss: 0.3871
Epoch 121 / 200
Duration: 102s, Train Loss: 0.7961, Train Acc: 0.9303， Test Acc : 0.9284, Test Loss: 0.3860
Epoch 122 / 200
Duration: 102s, Train Loss: 0.7672, Train Acc: 0.9320， Test Acc : 0.9292, Test Loss: 0.3799
Epoch 123 / 200
Duration: 102s, Train Loss: 0.7677, Train Acc: 0.9302， Test Acc : 0.9304, Test Loss: 0.3735
Epoch 124 / 200
Duration: 102s, Train Loss: 0.7712, Train Acc: 0.9296， Test Acc : 0.9254, Test Loss: 0.3806
Epoch 125 / 200
Duration: 102s, Train Loss: 0.7733, Train Acc: 0.9302， Test Acc : 0.9297, Test Loss: 0.3671
Epoch 126 / 200
Duration: 102s, Train Loss: 0.7582, Train Acc: 0.9316， Test Acc : 0.9215, Test Loss: 0.3976
Epoch 127 / 200
Duration: 102s, Train Loss: 0.7651, Train Acc: 0.9310， Test Acc : 0.9261, Test Loss: 0.3826
Epoch 128 / 200
Duration: 102s, Train Loss: 0.7527, Train Acc: 0.9318， Test Acc : 0.9243, Test Loss: 0.3964
Epoch 129 / 200
Duration: 102s, Train Loss: 0.7803, Train Acc: 0.9288， Test Acc : 0.9266, Test Loss: 0.3663
Epoch 130 / 200
Duration: 102s, Train Loss: 0.7287, Train Acc: 0.9372， Test Acc : 0.9243, Test Loss: 0.3855
Epoch 131 / 200
Duration: 102s, Train Loss: 0.7011, Train Acc: 0.9355， Test Acc : 0.9213, Test Loss: 0.4872
Epoch 132 / 200
Duration: 102s, Train Loss: 0.7663, Train Acc: 0.9318， Test Acc : 0.9238, Test Loss: 0.3953
Epoch 133 / 200
Duration: 102s, Train Loss: 0.7412, Train Acc: 0.9339， Test Acc : 0.9304, Test Loss: 0.3695
Epoch 134 / 200
Duration: 102s, Train Loss: 0.7172, Train Acc: 0.9356， Test Acc : 0.9266, Test Loss: 0.3836
Epoch 135 / 200
Duration: 102s, Train Loss: 0.7101, Train Acc: 0.9360， Test Acc : 0.9264, Test Loss: 0.3726
Epoch 136 / 200
Duration: 102s, Train Loss: 0.7211, Train Acc: 0.9334， Test Acc : 0.9287, Test Loss: 0.3711
Epoch 137 / 200
Duration: 102s, Train Loss: 0.7085, Train Acc: 0.9362， Test Acc : 0.9307, Test Loss: 0.3544
Epoch 138 / 200
Duration: 101s, Train Loss: 0.6872, Train Acc: 0.9376， Test Acc : 0.9276, Test Loss: 0.3755
Epoch 139 / 200
Duration: 103s, Train Loss: 0.7450, Train Acc: 0.9344， Test Acc : 0.9317, Test Loss: 0.3518
Epoch 140 / 200
Duration: 102s, Train Loss: 0.7148, Train Acc: 0.9355， Test Acc : 0.9264, Test Loss: 0.3598
Epoch 141 / 200
Duration: 102s, Train Loss: 0.7709, Train Acc: 0.9338， Test Acc : 0.9243, Test Loss: 0.3862
Epoch 142 / 200
Duration: 102s, Train Loss: 0.6743, Train Acc: 0.9400， Test Acc : 0.9317, Test Loss: 0.3503
Epoch 143 / 200
Duration: 102s, Train Loss: 0.6659, Train Acc: 0.9374， Test Acc : 0.9223, Test Loss: 0.3892
Epoch 144 / 200
Duration: 102s, Train Loss: 0.6522, Train Acc: 0.9398， Test Acc : 0.9261, Test Loss: 0.3985
Epoch 145 / 200
Duration: 102s, Train Loss: 0.6503, Train Acc: 0.9391， Test Acc : 0.9269, Test Loss: 0.3793
Epoch 146 / 200
Duration: 102s, Train Loss: 0.6209, Train Acc: 0.9467， Test Acc : 0.9264, Test Loss: 0.3711
Epoch 147 / 200
Duration: 102s, Train Loss: 0.6321, Train Acc: 0.9412， Test Acc : 0.9304, Test Loss: 0.3609
Epoch 148 / 200
Duration: 104s, Train Loss: 0.6551, Train Acc: 0.9414， Test Acc : 0.9264, Test Loss: 0.3843
Epoch 149 / 200
Duration: 102s, Train Loss: 0.5911, Train Acc: 0.9465， Test Acc : 0.9320, Test Loss: 0.3847
Epoch 150 / 200
Duration: 103s, Train Loss: 0.6132, Train Acc: 0.9458， Test Acc : 0.9310, Test Loss: 0.3935
Epoch 151 / 200
Duration: 102s, Train Loss: 0.5727, Train Acc: 0.9527， Test Acc : 0.9322, Test Loss: 0.3733
Epoch 152 / 200
Duration: 102s, Train Loss: 0.5548, Train Acc: 0.9472， Test Acc : 0.9317, Test Loss: 0.3614
Epoch 153 / 200
Duration: 102s, Train Loss: 0.5617, Train Acc: 0.9490， Test Acc : 0.9304, Test Loss: 0.3669
Epoch 154 / 200
Duration: 102s, Train Loss: 0.5768, Train Acc: 0.9474， Test Acc : 0.9317, Test Loss: 0.3737
Epoch 155 / 200
Duration: 102s, Train Loss: 0.5719, Train Acc: 0.9500， Test Acc : 0.9366, Test Loss: 0.3562
Epoch 156 / 200
Duration: 102s, Train Loss: 0.5485, Train Acc: 0.9500， Test Acc : 0.9271, Test Loss: 0.4365
Epoch 157 / 200
Duration: 102s, Train Loss: 0.5905, Train Acc: 0.9468， Test Acc : 0.9327, Test Loss: 0.3658
Epoch 158 / 200
Duration: 102s, Train Loss: 0.5740, Train Acc: 0.9522， Test Acc : 0.9353, Test Loss: 0.3491
Epoch 159 / 200
Duration: 102s, Train Loss: 0.5554, Train Acc: 0.9512， Test Acc : 0.9340, Test Loss: 0.3638
Epoch 160 / 200
Duration: 102s, Train Loss: 0.5519, Train Acc: 0.9510， Test Acc : 0.9368, Test Loss: 0.3580
Epoch 161 / 200
Duration: 102s, Train Loss: 0.5369, Train Acc: 0.9548， Test Acc : 0.9350, Test Loss: 0.3417
Epoch 162 / 200
Duration: 102s, Train Loss: 0.5210, Train Acc: 0.9532， Test Acc : 0.9338, Test Loss: 0.3569
Epoch 163 / 200
Duration: 102s, Train Loss: 0.5129, Train Acc: 0.9547， Test Acc : 0.9353, Test Loss: 0.3558
Epoch 164 / 200
Duration: 102s, Train Loss: 0.5301, Train Acc: 0.9530， Test Acc : 0.9361, Test Loss: 0.3423
Epoch 165 / 200
Duration: 102s, Train Loss: 0.4577, Train Acc: 0.9590， Test Acc : 0.9358, Test Loss: 0.3520
Epoch 166 / 200
Duration: 102s, Train Loss: 0.4831, Train Acc: 0.9582， Test Acc : 0.9353, Test Loss: 0.3607
Epoch 167 / 200
Duration: 102s, Train Loss: 0.5142, Train Acc: 0.9548， Test Acc : 0.9348, Test Loss: 0.3541
Epoch 168 / 200
Duration: 102s, Train Loss: 0.5189, Train Acc: 0.9526， Test Acc : 0.9340, Test Loss: 0.3662
Epoch 169 / 200
Duration: 102s, Train Loss: 0.4868, Train Acc: 0.9552， Test Acc : 0.9355, Test Loss: 0.3651
Epoch 170 / 200
Duration: 102s, Train Loss: 0.5101, Train Acc: 0.9544， Test Acc : 0.9327, Test Loss: 0.3603
Epoch 171 / 200
Duration: 102s, Train Loss: 0.4555, Train Acc: 0.9597， Test Acc : 0.9348, Test Loss: 0.3605
Epoch 172 / 200
Duration: 102s, Train Loss: 0.4563, Train Acc: 0.9578， Test Acc : 0.9338, Test Loss: 0.3609
Epoch 173 / 200
Duration: 102s, Train Loss: 0.4554, Train Acc: 0.9613， Test Acc : 0.9338, Test Loss: 0.3604
Epoch 174 / 200
Duration: 101s, Train Loss: 0.4501, Train Acc: 0.9598， Test Acc : 0.9345, Test Loss: 0.3597
Epoch 175 / 200
Duration: 104s, Train Loss: 0.4400, Train Acc: 0.9616， Test Acc : 0.9366, Test Loss: 0.3501
Epoch 176 / 200
Duration: 102s, Train Loss: 0.4511, Train Acc: 0.9608， Test Acc : 0.9335, Test Loss: 0.3521
Epoch 177 / 200
Duration: 102s, Train Loss: 0.4213, Train Acc: 0.9619， Test Acc : 0.9353, Test Loss: 0.3485
Epoch 178 / 200
Duration: 102s, Train Loss: 0.4472, Train Acc: 0.9607， Test Acc : 0.9378, Test Loss: 0.3570
Epoch 179 / 200
Duration: 102s, Train Loss: 0.4645, Train Acc: 0.9574， Test Acc : 0.9373, Test Loss: 0.3590
Epoch 180 / 200
Duration: 102s, Train Loss: 0.4497, Train Acc: 0.9623， Test Acc : 0.9361, Test Loss: 0.3491
Epoch 181 / 200
Duration: 102s, Train Loss: 0.4585, Train Acc: 0.9599， Test Acc : 0.9424, Test Loss: 0.3333
Epoch 182 / 200
Duration: 102s, Train Loss: 0.4161, Train Acc: 0.9631， Test Acc : 0.9419, Test Loss: 0.3339
Epoch 183 / 200
Duration: 104s, Train Loss: 0.4495, Train Acc: 0.9624， Test Acc : 0.9411, Test Loss: 0.3444
Epoch 184 / 200
Duration: 102s, Train Loss: 0.4187, Train Acc: 0.9618， Test Acc : 0.9371, Test Loss: 0.3450
Epoch 185 / 200
Duration: 102s, Train Loss: 0.4263, Train Acc: 0.9625， Test Acc : 0.9389, Test Loss: 0.3451
Epoch 186 / 200
Duration: 102s, Train Loss: 0.4643, Train Acc: 0.9591， Test Acc : 0.9391, Test Loss: 0.3469
Epoch 187 / 200
Duration: 102s, Train Loss: 0.3984, Train Acc: 0.9650， Test Acc : 0.9355, Test Loss: 0.3611
Epoch 188 / 200
Duration: 102s, Train Loss: 0.3903, Train Acc: 0.9627， Test Acc : 0.9373, Test Loss: 0.3380
Epoch 189 / 200
Duration: 102s, Train Loss: 0.4590, Train Acc: 0.9590， Test Acc : 0.9378, Test Loss: 0.3471
Epoch 190 / 200
Duration: 102s, Train Loss: 0.4202, Train Acc: 0.9645， Test Acc : 0.9358, Test Loss: 0.3444
Epoch 191 / 200
Duration: 102s, Train Loss: 0.4266, Train Acc: 0.9623， Test Acc : 0.9394, Test Loss: 0.3388
Epoch 192 / 200
Duration: 102s, Train Loss: 0.4406, Train Acc: 0.9611， Test Acc : 0.9366, Test Loss: 0.3432
Epoch 193 / 200
Duration: 102s, Train Loss: 0.3900, Train Acc: 0.9660， Test Acc : 0.9394, Test Loss: 0.3411
Epoch 194 / 200
Duration: 102s, Train Loss: 0.3953, Train Acc: 0.9654， Test Acc : 0.9399, Test Loss: 0.3317
Epoch 195 / 200
Duration: 102s, Train Loss: 0.4070, Train Acc: 0.9628， Test Acc : 0.9394, Test Loss: 0.3387
Epoch 196 / 200
Duration: 102s, Train Loss: 0.3854, Train Acc: 0.9676， Test Acc : 0.9381, Test Loss: 0.3344
Epoch 197 / 200
Duration: 102s, Train Loss: 0.4113, Train Acc: 0.9658， Test Acc : 0.9396, Test Loss: 0.3321
Epoch 198 / 200
Duration: 102s, Train Loss: 0.3783, Train Acc: 0.9671， Test Acc : 0.9396, Test Loss: 0.3359
Epoch 199 / 200
Duration: 102s, Train Loss: 0.3988, Train Acc: 0.9636， Test Acc : 0.9394, Test Loss: 0.3390
Total Time:20477s
Best Accuracy of the network on the test images: 94.2420 %
Best epoch: 181


