nohup: ignoring input
Ranger optimizer loaded. 
Gradient Centralization usage = True
GC applied to both conv and fc layers
Epoch 0 / 150
Duration: 100s, Train Loss: 15.1546, Train Acc: 0.2389， Test Acc : 0.3766, Test Loss: 5.3001
Epoch 1 / 150
Duration: 100s, Train Loss: 12.5764, Train Acc: 0.3880， Test Acc : 0.4973, Test Loss: 4.5305
Epoch 2 / 150
Duration: 101s, Train Loss: 11.0631, Train Acc: 0.4748， Test Acc : 0.5954, Test Loss: 3.5972
Epoch 3 / 150
Duration: 101s, Train Loss: 9.8371, Train Acc: 0.5398， Test Acc : 0.5903, Test Loss: 3.9514
Epoch 4 / 150
Duration: 101s, Train Loss: 9.1026, Train Acc: 0.5797， Test Acc : 0.6326, Test Loss: 3.4265
Epoch 5 / 150
Duration: 101s, Train Loss: 8.7085, Train Acc: 0.6006， Test Acc : 0.6986, Test Loss: 2.8616
Epoch 6 / 150
Duration: 100s, Train Loss: 8.2092, Train Acc: 0.6181， Test Acc : 0.6504, Test Loss: 3.3024
Epoch 7 / 150
Duration: 101s, Train Loss: 7.8986, Train Acc: 0.6385， Test Acc : 0.7302, Test Loss: 2.5614
Epoch 8 / 150
Duration: 101s, Train Loss: 7.6608, Train Acc: 0.6524， Test Acc : 0.7513, Test Loss: 2.3269
Epoch 9 / 150
Duration: 101s, Train Loss: 7.3526, Train Acc: 0.6665， Test Acc : 0.7034, Test Loss: 2.8109
Epoch 10 / 150
Duration: 101s, Train Loss: 7.1618, Train Acc: 0.6704， Test Acc : 0.7597, Test Loss: 2.2511
Epoch 11 / 150
Duration: 99s, Train Loss: 7.0739, Train Acc: 0.6755， Test Acc : 0.7911, Test Loss: 1.9497
Epoch 12 / 150
Duration: 101s, Train Loss: 6.7952, Train Acc: 0.6887， Test Acc : 0.7208, Test Loss: 2.7361
Epoch 13 / 150
Duration: 102s, Train Loss: 6.6837, Train Acc: 0.6953， Test Acc : 0.7539, Test Loss: 2.3324
Epoch 14 / 150
Duration: 101s, Train Loss: 6.4775, Train Acc: 0.7115， Test Acc : 0.7985, Test Loss: 1.9441
Epoch 15 / 150
Duration: 101s, Train Loss: 6.2189, Train Acc: 0.7233， Test Acc : 0.7727, Test Loss: 2.1685
Epoch 16 / 150
Duration: 101s, Train Loss: 6.1801, Train Acc: 0.7220， Test Acc : 0.8061, Test Loss: 1.8325
Epoch 17 / 150
Duration: 101s, Train Loss: 6.1338, Train Acc: 0.7199， Test Acc : 0.8020, Test Loss: 1.8303
Epoch 18 / 150
Duration: 101s, Train Loss: 5.9133, Train Acc: 0.7285， Test Acc : 0.7781, Test Loss: 2.0473
Epoch 19 / 150
Duration: 99s, Train Loss: 5.8987, Train Acc: 0.7346， Test Acc : 0.8120, Test Loss: 1.7959
Epoch 20 / 150
Duration: 99s, Train Loss: 5.7161, Train Acc: 0.7408， Test Acc : 0.8252, Test Loss: 1.6851
Epoch 21 / 150
Duration: 103s, Train Loss: 5.7367, Train Acc: 0.7351， Test Acc : 0.7485, Test Loss: 2.4229
Epoch 22 / 150
Duration: 101s, Train Loss: 5.5515, Train Acc: 0.7498， Test Acc : 0.8138, Test Loss: 1.7507
Epoch 23 / 150
Duration: 101s, Train Loss: 5.4667, Train Acc: 0.7508， Test Acc : 0.8183, Test Loss: 1.6877
Epoch 24 / 150
Duration: 101s, Train Loss: 5.4188, Train Acc: 0.7553， Test Acc : 0.7465, Test Loss: 2.5849
Epoch 25 / 150
Duration: 101s, Train Loss: 5.2434, Train Acc: 0.7591， Test Acc : 0.8344, Test Loss: 1.5428
Epoch 26 / 150
Duration: 101s, Train Loss: 5.1499, Train Acc: 0.7601， Test Acc : 0.8555, Test Loss: 1.3619
Epoch 27 / 150
Duration: 101s, Train Loss: 5.2669, Train Acc: 0.7634， Test Acc : 0.8191, Test Loss: 1.7455
Epoch 28 / 150
Duration: 101s, Train Loss: 5.0625, Train Acc: 0.7743， Test Acc : 0.8469, Test Loss: 1.4870
Epoch 29 / 150
Duration: 99s, Train Loss: 4.8793, Train Acc: 0.7798， Test Acc : 0.8464, Test Loss: 1.4658
Epoch 30 / 150
Duration: 102s, Train Loss: 4.8220, Train Acc: 0.7816， Test Acc : 0.8260, Test Loss: 1.6178
Epoch 31 / 150
Duration: 97s, Train Loss: 4.8298, Train Acc: 0.7790， Test Acc : 0.8543, Test Loss: 1.3723
Epoch 32 / 150
Duration: 105s, Train Loss: 4.7830, Train Acc: 0.7840， Test Acc : 0.8423, Test Loss: 1.4595
Epoch 33 / 150
Duration: 101s, Train Loss: 4.7801, Train Acc: 0.7842， Test Acc : 0.8372, Test Loss: 1.5948
Epoch 34 / 150
Duration: 101s, Train Loss: 4.6678, Train Acc: 0.7877， Test Acc : 0.8494, Test Loss: 1.4066
Epoch 35 / 150
Duration: 101s, Train Loss: 4.6412, Train Acc: 0.7855， Test Acc : 0.8619, Test Loss: 1.2632
Epoch 36 / 150
Duration: 101s, Train Loss: 4.8989, Train Acc: 0.7847， Test Acc : 0.8211, Test Loss: 1.6929
Epoch 37 / 150
Duration: 101s, Train Loss: 4.5277, Train Acc: 0.7988， Test Acc : 0.8622, Test Loss: 1.3186
Epoch 38 / 150
Duration: 101s, Train Loss: 4.4060, Train Acc: 0.8018， Test Acc : 0.8660, Test Loss: 1.2799
Epoch 39 / 150
Duration: 101s, Train Loss: 4.2179, Train Acc: 0.8129， Test Acc : 0.8627, Test Loss: 1.3847
Epoch 40 / 150
Duration: 101s, Train Loss: 4.1754, Train Acc: 0.8135， Test Acc : 0.8660, Test Loss: 1.3264
Epoch 41 / 150
Duration: 101s, Train Loss: 4.2289, Train Acc: 0.8081， Test Acc : 0.8690, Test Loss: 1.2885
Epoch 42 / 150
Duration: 101s, Train Loss: 4.1328, Train Acc: 0.8158， Test Acc : 0.8657, Test Loss: 1.3402
Epoch 43 / 150
Duration: 101s, Train Loss: 4.1338, Train Acc: 0.8160， Test Acc : 0.8673, Test Loss: 1.2974
Epoch 44 / 150
Duration: 101s, Train Loss: 4.1541, Train Acc: 0.8101， Test Acc : 0.8808, Test Loss: 1.1237
Epoch 45 / 150
Duration: 101s, Train Loss: 4.0795, Train Acc: 0.8153， Test Acc : 0.8313, Test Loss: 2.1239
Epoch 46 / 150
Duration: 101s, Train Loss: 4.2480, Train Acc: 0.8085， Test Acc : 0.8693, Test Loss: 1.2730
Epoch 47 / 150
Duration: 101s, Train Loss: 4.1073, Train Acc: 0.8129， Test Acc : 0.8744, Test Loss: 1.2237
Epoch 48 / 150
Duration: 101s, Train Loss: 3.9440, Train Acc: 0.8221， Test Acc : 0.8685, Test Loss: 1.3077
Epoch 49 / 150
Duration: 101s, Train Loss: 3.9113, Train Acc: 0.8254， Test Acc : 0.8846, Test Loss: 1.1428
Epoch 50 / 150
Duration: 101s, Train Loss: 4.0132, Train Acc: 0.8195， Test Acc : 0.8787, Test Loss: 1.2775
Epoch 51 / 150
Duration: 101s, Train Loss: 3.9984, Train Acc: 0.8203， Test Acc : 0.8471, Test Loss: 1.6984
Epoch 52 / 150
Duration: 101s, Train Loss: 3.7141, Train Acc: 0.8290， Test Acc : 0.8838, Test Loss: 1.0969
Epoch 53 / 150
Duration: 101s, Train Loss: 3.7041, Train Acc: 0.8295， Test Acc : 0.8846, Test Loss: 1.1752
Epoch 54 / 150
Duration: 101s, Train Loss: 3.9299, Train Acc: 0.8252， Test Acc : 0.8820, Test Loss: 1.1420
Epoch 55 / 150
Duration: 101s, Train Loss: 3.7623, Train Acc: 0.8301， Test Acc : 0.8859, Test Loss: 1.1189
Epoch 56 / 150
Duration: 101s, Train Loss: 3.5667, Train Acc: 0.8389， Test Acc : 0.8828, Test Loss: 1.0826
Epoch 57 / 150
Duration: 101s, Train Loss: 3.5969, Train Acc: 0.8365， Test Acc : 0.8642, Test Loss: 1.3034
Epoch 58 / 150
Duration: 101s, Train Loss: 3.5132, Train Acc: 0.8449， Test Acc : 0.8818, Test Loss: 1.2482
Epoch 59 / 150
Duration: 101s, Train Loss: 3.3529, Train Acc: 0.8430， Test Acc : 0.8892, Test Loss: 1.0344
Epoch 60 / 150
Duration: 101s, Train Loss: 3.2508, Train Acc: 0.8501， Test Acc : 0.8825, Test Loss: 1.1001
Epoch 61 / 150
Duration: 101s, Train Loss: 3.3893, Train Acc: 0.8449， Test Acc : 0.8994, Test Loss: 1.0211
Epoch 62 / 150
Duration: 101s, Train Loss: 3.3208, Train Acc: 0.8481， Test Acc : 0.9004, Test Loss: 0.9979
Epoch 63 / 150
Duration: 101s, Train Loss: 3.4777, Train Acc: 0.8437， Test Acc : 0.8836, Test Loss: 1.0842
Epoch 64 / 150
Duration: 101s, Train Loss: 3.5162, Train Acc: 0.8400， Test Acc : 0.8963, Test Loss: 1.0673
Epoch 65 / 150
Duration: 101s, Train Loss: 3.1832, Train Acc: 0.8545， Test Acc : 0.8971, Test Loss: 1.0071
Epoch 66 / 150
Duration: 101s, Train Loss: 3.1102, Train Acc: 0.8586， Test Acc : 0.8943, Test Loss: 0.9865
Epoch 67 / 150
Duration: 101s, Train Loss: 2.9576, Train Acc: 0.8641， Test Acc : 0.9098, Test Loss: 0.9108
Epoch 68 / 150
Duration: 101s, Train Loss: 3.0017, Train Acc: 0.8634， Test Acc : 0.8940, Test Loss: 1.0264
Epoch 69 / 150
Duration: 101s, Train Loss: 2.9697, Train Acc: 0.8626， Test Acc : 0.8693, Test Loss: 2.0079
Epoch 70 / 150
Duration: 101s, Train Loss: 2.7772, Train Acc: 0.8735， Test Acc : 0.9068, Test Loss: 0.9006
Epoch 71 / 150
Duration: 101s, Train Loss: 2.7996, Train Acc: 0.8718， Test Acc : 0.8976, Test Loss: 0.9734
Epoch 72 / 150
Duration: 101s, Train Loss: 2.9614, Train Acc: 0.8674， Test Acc : 0.8790, Test Loss: 1.2897
Epoch 73 / 150
Duration: 101s, Train Loss: 2.7058, Train Acc: 0.8777， Test Acc : 0.9080, Test Loss: 0.9432
Epoch 74 / 150
Duration: 101s, Train Loss: 2.7594, Train Acc: 0.8712， Test Acc : 0.9106, Test Loss: 0.9098
Epoch 75 / 150
Duration: 101s, Train Loss: 2.9746, Train Acc: 0.8646， Test Acc : 0.8932, Test Loss: 1.0845
Epoch 76 / 150
Duration: 101s, Train Loss: 2.6601, Train Acc: 0.8783， Test Acc : 0.9042, Test Loss: 0.9146
Epoch 77 / 150
Duration: 101s, Train Loss: 2.7817, Train Acc: 0.8726， Test Acc : 0.9098, Test Loss: 0.8768
Epoch 78 / 150
Duration: 101s, Train Loss: 2.6166, Train Acc: 0.8777， Test Acc : 0.9006, Test Loss: 1.0718
Epoch 79 / 150
Duration: 101s, Train Loss: 2.5715, Train Acc: 0.8858， Test Acc : 0.9164, Test Loss: 0.8068
Epoch 80 / 150
Duration: 101s, Train Loss: 2.4366, Train Acc: 0.8871， Test Acc : 0.9078, Test Loss: 0.8930
Epoch 81 / 150
Duration: 101s, Train Loss: 2.5456, Train Acc: 0.8821， Test Acc : 0.9111, Test Loss: 0.9137
Epoch 82 / 150
Duration: 101s, Train Loss: 2.3123, Train Acc: 0.8946， Test Acc : 0.9121, Test Loss: 0.8629
Epoch 83 / 150
Duration: 101s, Train Loss: 2.3260, Train Acc: 0.8941， Test Acc : 0.9080, Test Loss: 0.8746
Epoch 84 / 150
Duration: 101s, Train Loss: 2.2475, Train Acc: 0.8967， Test Acc : 0.9103, Test Loss: 0.9552
Epoch 85 / 150
Duration: 101s, Train Loss: 2.2428, Train Acc: 0.8990， Test Acc : 0.9124, Test Loss: 0.8700
Epoch 86 / 150
Duration: 101s, Train Loss: 2.2969, Train Acc: 0.8961， Test Acc : 0.9175, Test Loss: 0.8205
Epoch 87 / 150
Duration: 101s, Train Loss: 2.2597, Train Acc: 0.8966， Test Acc : 0.9136, Test Loss: 0.8758
Epoch 88 / 150
Duration: 101s, Train Loss: 2.1976, Train Acc: 0.8997， Test Acc : 0.9011, Test Loss: 0.9585
Epoch 89 / 150
Duration: 101s, Train Loss: 2.2569, Train Acc: 0.8971， Test Acc : 0.9085, Test Loss: 1.3845
Epoch 90 / 150
Duration: 101s, Train Loss: 2.1563, Train Acc: 0.9018， Test Acc : 0.9052, Test Loss: 0.9189
Epoch 91 / 150
Duration: 101s, Train Loss: 2.1421, Train Acc: 0.9014， Test Acc : 0.9149, Test Loss: 0.8197
Epoch 92 / 150
Duration: 101s, Train Loss: 1.9995, Train Acc: 0.9095， Test Acc : 0.9177, Test Loss: 0.8548
Epoch 93 / 150
Duration: 101s, Train Loss: 2.1744, Train Acc: 0.9009， Test Acc : 0.9121, Test Loss: 0.9954
Epoch 94 / 150
Duration: 101s, Train Loss: 2.3210, Train Acc: 0.8987， Test Acc : 0.9205, Test Loss: 0.8444
Epoch 95 / 150
Duration: 101s, Train Loss: 2.0242, Train Acc: 0.9099， Test Acc : 0.9159, Test Loss: 0.8045
Epoch 96 / 150
Duration: 101s, Train Loss: 1.9743, Train Acc: 0.9083， Test Acc : 0.9121, Test Loss: 0.9422
Epoch 97 / 150
Duration: 101s, Train Loss: 1.9091, Train Acc: 0.9133， Test Acc : 0.9261, Test Loss: 0.7548
Epoch 98 / 150
Duration: 101s, Train Loss: 1.9503, Train Acc: 0.9084， Test Acc : 0.9228, Test Loss: 0.8076
Epoch 99 / 150
Duration: 101s, Train Loss: 2.0400, Train Acc: 0.9047， Test Acc : 0.9167, Test Loss: 0.8397
Epoch 100 / 150
Duration: 101s, Train Loss: 1.8736, Train Acc: 0.9147， Test Acc : 0.9236, Test Loss: 0.7693
Epoch 101 / 150
Duration: 101s, Train Loss: 1.8210, Train Acc: 0.9173， Test Acc : 0.9228, Test Loss: 0.7853
Epoch 102 / 150
Duration: 101s, Train Loss: 1.8430, Train Acc: 0.9168， Test Acc : 0.9243, Test Loss: 0.7698
Epoch 103 / 150
Duration: 101s, Train Loss: 1.6916, Train Acc: 0.9229， Test Acc : 0.9256, Test Loss: 0.7475
Epoch 104 / 150
Duration: 101s, Train Loss: 1.6841, Train Acc: 0.9228， Test Acc : 0.9190, Test Loss: 0.7920
Epoch 105 / 150
Duration: 101s, Train Loss: 1.7232, Train Acc: 0.9201， Test Acc : 0.9246, Test Loss: 0.7907
Epoch 106 / 150
Duration: 101s, Train Loss: 1.8045, Train Acc: 0.9201， Test Acc : 0.9205, Test Loss: 0.7934
Epoch 107 / 150
Duration: 101s, Train Loss: 1.6194, Train Acc: 0.9240， Test Acc : 0.9205, Test Loss: 0.8081
Epoch 108 / 150
Duration: 99s, Train Loss: 1.6445, Train Acc: 0.9244， Test Acc : 0.9192, Test Loss: 0.8310
Epoch 109 / 150
Duration: 101s, Train Loss: 1.5915, Train Acc: 0.9282， Test Acc : 0.9297, Test Loss: 0.7134
Epoch 110 / 150
Duration: 101s, Train Loss: 1.5364, Train Acc: 0.9314， Test Acc : 0.9274, Test Loss: 0.7454
Epoch 111 / 150
Duration: 101s, Train Loss: 1.5745, Train Acc: 0.9297， Test Acc : 0.9116, Test Loss: 1.0966
Epoch 112 / 150
Duration: 101s, Train Loss: 1.7871, Train Acc: 0.9210， Test Acc : 0.9172, Test Loss: 0.8616
Epoch 113 / 150
Duration: 101s, Train Loss: 1.6809, Train Acc: 0.9269， Test Acc : 0.9185, Test Loss: 1.1127
Epoch 114 / 150
Duration: 101s, Train Loss: 1.5006, Train Acc: 0.9318， Test Acc : 0.9248, Test Loss: 0.7793
Epoch 115 / 150
Duration: 101s, Train Loss: 1.4636, Train Acc: 0.9330， Test Acc : 0.9287, Test Loss: 0.7666
Epoch 116 / 150
Duration: 101s, Train Loss: 1.4038, Train Acc: 0.9374， Test Acc : 0.9287, Test Loss: 0.7732
Epoch 117 / 150
Duration: 101s, Train Loss: 1.4207, Train Acc: 0.9371， Test Acc : 0.9182, Test Loss: 0.8752
Epoch 118 / 150
Duration: 101s, Train Loss: 1.4847, Train Acc: 0.9330， Test Acc : 0.9294, Test Loss: 0.7141
Epoch 119 / 150
Duration: 101s, Train Loss: 1.3409, Train Acc: 0.9386， Test Acc : 0.9282, Test Loss: 0.7479
Epoch 120 / 150
Duration: 101s, Train Loss: 1.3873, Train Acc: 0.9375， Test Acc : 0.9266, Test Loss: 0.7503
Epoch 121 / 150
Duration: 101s, Train Loss: 1.3686, Train Acc: 0.9383， Test Acc : 0.9310, Test Loss: 0.7078
Epoch 122 / 150
Duration: 101s, Train Loss: 1.3813, Train Acc: 0.9384， Test Acc : 0.9299, Test Loss: 0.7109
Epoch 123 / 150
Duration: 101s, Train Loss: 1.3209, Train Acc: 0.9396， Test Acc : 0.9299, Test Loss: 0.7030
Epoch 124 / 150
Duration: 101s, Train Loss: 1.2816, Train Acc: 0.9409， Test Acc : 0.9292, Test Loss: 0.7583
Epoch 125 / 150
Duration: 101s, Train Loss: 1.3441, Train Acc: 0.9399， Test Acc : 0.9310, Test Loss: 0.7169
Epoch 126 / 150
Duration: 101s, Train Loss: 1.2312, Train Acc: 0.9462， Test Acc : 0.9289, Test Loss: 0.7125
Epoch 127 / 150
Duration: 101s, Train Loss: 1.2848, Train Acc: 0.9438， Test Acc : 0.9325, Test Loss: 0.6689
Epoch 128 / 150
Duration: 101s, Train Loss: 1.2342, Train Acc: 0.9457， Test Acc : 0.9332, Test Loss: 0.7203
Epoch 129 / 150
Duration: 101s, Train Loss: 1.1772, Train Acc: 0.9445， Test Acc : 0.9327, Test Loss: 0.6586
Epoch 130 / 150
Duration: 101s, Train Loss: 1.1930, Train Acc: 0.9450， Test Acc : 0.9348, Test Loss: 0.6857
Epoch 131 / 150
Duration: 101s, Train Loss: 1.1787, Train Acc: 0.9473， Test Acc : 0.9335, Test Loss: 0.6630
Epoch 132 / 150
Duration: 101s, Train Loss: 1.1707, Train Acc: 0.9451， Test Acc : 0.9276, Test Loss: 0.7320
Epoch 133 / 150
Duration: 101s, Train Loss: 1.1738, Train Acc: 0.9468， Test Acc : 0.9294, Test Loss: 0.7160
Epoch 134 / 150
Duration: 101s, Train Loss: 1.0907, Train Acc: 0.9516， Test Acc : 0.9310, Test Loss: 0.7055
Epoch 135 / 150
Duration: 101s, Train Loss: 1.1107, Train Acc: 0.9513， Test Acc : 0.9350, Test Loss: 0.6957
Epoch 136 / 150
Duration: 101s, Train Loss: 1.0923, Train Acc: 0.9528， Test Acc : 0.9340, Test Loss: 0.6839
Epoch 137 / 150
Duration: 101s, Train Loss: 1.1071, Train Acc: 0.9486， Test Acc : 0.9299, Test Loss: 0.7087
Epoch 138 / 150
Duration: 101s, Train Loss: 1.0005, Train Acc: 0.9555， Test Acc : 0.9322, Test Loss: 0.7023
Epoch 139 / 150
Duration: 101s, Train Loss: 1.0523, Train Acc: 0.9521， Test Acc : 0.9368, Test Loss: 0.6745
Epoch 140 / 150
Duration: 99s, Train Loss: 1.0945, Train Acc: 0.9517， Test Acc : 0.9327, Test Loss: 0.6852
Epoch 141 / 150
Duration: 102s, Train Loss: 0.9979, Train Acc: 0.9549， Test Acc : 0.9361, Test Loss: 0.7025
Epoch 142 / 150
Duration: 101s, Train Loss: 1.0365, Train Acc: 0.9545， Test Acc : 0.9363, Test Loss: 0.6873
Epoch 143 / 150
Duration: 101s, Train Loss: 1.0566, Train Acc: 0.9527， Test Acc : 0.9373, Test Loss: 0.6789
Epoch 144 / 150
Duration: 101s, Train Loss: 0.9629, Train Acc: 0.9572， Test Acc : 0.9350, Test Loss: 0.6769
Epoch 145 / 150
Duration: 101s, Train Loss: 0.9974, Train Acc: 0.9542， Test Acc : 0.9350, Test Loss: 0.6632
Epoch 146 / 150
Duration: 101s, Train Loss: 0.9620, Train Acc: 0.9565， Test Acc : 0.9366, Test Loss: 0.6930
Epoch 147 / 150
Duration: 101s, Train Loss: 1.0384, Train Acc: 0.9548， Test Acc : 0.9376, Test Loss: 0.6791
Epoch 148 / 150
Duration: 101s, Train Loss: 0.9778, Train Acc: 0.9566， Test Acc : 0.9368, Test Loss: 0.6739
Epoch 149 / 150
Duration: 101s, Train Loss: 0.9473, Train Acc: 0.9590， Test Acc : 0.9332, Test Loss: 0.7090
Total Time:15137s
Best Accuracy of the network on the test images: 93.7580 %
Best epoch: 147


