nohup: ignoring input
Ranger optimizer loaded. 
Gradient Centralization usage = True
GC applied to both conv and fc layers
Epoch 0 / 300
Duration: 102s, Train Loss: 15.1372, Train Acc: 0.2427， Test Acc : 0.3391, Test Loss: 5.4965
Epoch 1 / 300
Duration: 102s, Train Loss: 12.6979, Train Acc: 0.3837， Test Acc : 0.5057, Test Loss: 4.3290
Epoch 2 / 300
Duration: 103s, Train Loss: 11.1404, Train Acc: 0.4654， Test Acc : 0.6140, Test Loss: 3.5002
Epoch 3 / 300
Duration: 103s, Train Loss: 9.8142, Train Acc: 0.5413， Test Acc : 0.6234, Test Loss: 3.4503
Epoch 4 / 300
Duration: 103s, Train Loss: 9.1667, Train Acc: 0.5740， Test Acc : 0.6581, Test Loss: 3.2598
Epoch 5 / 300
Duration: 103s, Train Loss: 8.7326, Train Acc: 0.5913， Test Acc : 0.7014, Test Loss: 2.7350
Epoch 6 / 300
Duration: 103s, Train Loss: 8.2983, Train Acc: 0.6151， Test Acc : 0.6645, Test Loss: 3.1415
Epoch 7 / 300
Duration: 103s, Train Loss: 7.8943, Train Acc: 0.6357， Test Acc : 0.7197, Test Loss: 2.6126
Epoch 8 / 300
Duration: 104s, Train Loss: 7.6527, Train Acc: 0.6494， Test Acc : 0.7330, Test Loss: 2.4573
Epoch 9 / 300
Duration: 102s, Train Loss: 7.4827, Train Acc: 0.6575， Test Acc : 0.6553, Test Loss: 3.4106
Epoch 10 / 300
Duration: 103s, Train Loss: 7.2277, Train Acc: 0.6765， Test Acc : 0.7261, Test Loss: 2.5788
Epoch 11 / 300
Duration: 103s, Train Loss: 7.0208, Train Acc: 0.6774， Test Acc : 0.7738, Test Loss: 2.0998
Epoch 12 / 300
Duration: 103s, Train Loss: 6.7621, Train Acc: 0.6901， Test Acc : 0.7264, Test Loss: 2.5527
Epoch 13 / 300
Duration: 103s, Train Loss: 6.5369, Train Acc: 0.7031， Test Acc : 0.7811, Test Loss: 2.0416
Epoch 14 / 300
Duration: 103s, Train Loss: 6.4363, Train Acc: 0.7070， Test Acc : 0.7921, Test Loss: 1.9550
Epoch 15 / 300
Duration: 103s, Train Loss: 6.3392, Train Acc: 0.7122， Test Acc : 0.7676, Test Loss: 2.2415
Epoch 16 / 300
Duration: 103s, Train Loss: 6.2694, Train Acc: 0.7139， Test Acc : 0.7732, Test Loss: 2.0953
Epoch 17 / 300
Duration: 103s, Train Loss: 6.1937, Train Acc: 0.7192， Test Acc : 0.7972, Test Loss: 1.8532
Epoch 18 / 300
Duration: 103s, Train Loss: 6.0415, Train Acc: 0.7261， Test Acc : 0.7929, Test Loss: 1.9832
Epoch 19 / 300
Duration: 102s, Train Loss: 5.9729, Train Acc: 0.7324， Test Acc : 0.8036, Test Loss: 1.8393
Epoch 20 / 300
Duration: 103s, Train Loss: 5.5198, Train Acc: 0.7526， Test Acc : 0.8148, Test Loss: 1.7572
Epoch 21 / 300
Duration: 103s, Train Loss: 5.6808, Train Acc: 0.7430， Test Acc : 0.8099, Test Loss: 1.7845
Epoch 22 / 300
Duration: 103s, Train Loss: 5.8282, Train Acc: 0.7337， Test Acc : 0.8227, Test Loss: 1.6744
Epoch 23 / 300
Duration: 103s, Train Loss: 5.5689, Train Acc: 0.7445， Test Acc : 0.8346, Test Loss: 1.5419
Epoch 24 / 300
Duration: 103s, Train Loss: 5.4474, Train Acc: 0.7543， Test Acc : 0.7969, Test Loss: 1.8731
Epoch 25 / 300
Duration: 103s, Train Loss: 5.4007, Train Acc: 0.7564， Test Acc : 0.8408, Test Loss: 1.6124
Epoch 26 / 300
Duration: 104s, Train Loss: 5.6241, Train Acc: 0.7462， Test Acc : 0.8143, Test Loss: 1.7582
Epoch 27 / 300
Duration: 103s, Train Loss: 5.2943, Train Acc: 0.7620， Test Acc : 0.8008, Test Loss: 1.8269
Epoch 28 / 300
Duration: 103s, Train Loss: 5.0943, Train Acc: 0.7669， Test Acc : 0.7042, Test Loss: 3.4172
Epoch 29 / 300
Duration: 103s, Train Loss: 5.3700, Train Acc: 0.7526， Test Acc : 0.8510, Test Loss: 1.3840
Epoch 30 / 300
Duration: 103s, Train Loss: 4.8860, Train Acc: 0.7801， Test Acc : 0.8405, Test Loss: 1.4866
Epoch 31 / 300
Duration: 103s, Train Loss: 4.8905, Train Acc: 0.7767， Test Acc : 0.8303, Test Loss: 1.5661
Epoch 32 / 300
Duration: 103s, Train Loss: 4.8092, Train Acc: 0.7791， Test Acc : 0.8573, Test Loss: 1.3060
Epoch 33 / 300
Duration: 103s, Train Loss: 4.6343, Train Acc: 0.7860， Test Acc : 0.8290, Test Loss: 1.5803
Epoch 34 / 300
Duration: 103s, Train Loss: 4.8347, Train Acc: 0.7837， Test Acc : 0.8515, Test Loss: 1.3988
Epoch 35 / 300
Duration: 103s, Train Loss: 4.7276, Train Acc: 0.7860， Test Acc : 0.8510, Test Loss: 1.4153
Epoch 36 / 300
Duration: 103s, Train Loss: 4.6423, Train Acc: 0.7913， Test Acc : 0.8288, Test Loss: 1.7048
Epoch 37 / 300
Duration: 103s, Train Loss: 4.5424, Train Acc: 0.7966， Test Acc : 0.8502, Test Loss: 1.4453
Epoch 38 / 300
Duration: 101s, Train Loss: 4.5367, Train Acc: 0.7970， Test Acc : 0.8670, Test Loss: 1.2336
Epoch 39 / 300
Duration: 104s, Train Loss: 4.3503, Train Acc: 0.8042， Test Acc : 0.8413, Test Loss: 1.5282
Epoch 40 / 300
Duration: 103s, Train Loss: 4.5028, Train Acc: 0.7980， Test Acc : 0.8520, Test Loss: 1.4335
Epoch 41 / 300
Duration: 103s, Train Loss: 4.3038, Train Acc: 0.8085， Test Acc : 0.8639, Test Loss: 1.3321
Epoch 42 / 300
Duration: 103s, Train Loss: 4.4076, Train Acc: 0.8026， Test Acc : 0.8056, Test Loss: 1.9779
Epoch 43 / 300
Duration: 103s, Train Loss: 4.3178, Train Acc: 0.8022， Test Acc : 0.8568, Test Loss: 1.3751
Epoch 44 / 300
Duration: 103s, Train Loss: 4.3107, Train Acc: 0.8068， Test Acc : 0.8540, Test Loss: 1.4476
Epoch 45 / 300
Duration: 102s, Train Loss: 4.6555, Train Acc: 0.7970， Test Acc : 0.8558, Test Loss: 1.4015
Epoch 46 / 300
Duration: 103s, Train Loss: 4.5063, Train Acc: 0.7932， Test Acc : 0.8492, Test Loss: 1.4661
Epoch 47 / 300
Duration: 103s, Train Loss: 4.1861, Train Acc: 0.8057， Test Acc : 0.8746, Test Loss: 1.1389
Epoch 48 / 300
Duration: 103s, Train Loss: 4.0726, Train Acc: 0.8161， Test Acc : 0.8510, Test Loss: 1.4124
Epoch 49 / 300
Duration: 103s, Train Loss: 3.7919, Train Acc: 0.8310， Test Acc : 0.8685, Test Loss: 1.2420
Epoch 50 / 300
Duration: 103s, Train Loss: 3.8814, Train Acc: 0.8234， Test Acc : 0.8744, Test Loss: 1.1658
Epoch 51 / 300
Duration: 104s, Train Loss: 3.7051, Train Acc: 0.8285， Test Acc : 0.8736, Test Loss: 1.2393
Epoch 52 / 300
Duration: 102s, Train Loss: 3.8489, Train Acc: 0.8247， Test Acc : 0.8591, Test Loss: 1.5933
Epoch 53 / 300
Duration: 102s, Train Loss: 3.7964, Train Acc: 0.8287， Test Acc : 0.8759, Test Loss: 1.1628
Epoch 54 / 300
Duration: 102s, Train Loss: 4.0358, Train Acc: 0.8162， Test Acc : 0.8555, Test Loss: 1.3964
Epoch 55 / 300
Duration: 103s, Train Loss: 3.7930, Train Acc: 0.8317， Test Acc : 0.8884, Test Loss: 1.1032
Epoch 56 / 300
Duration: 103s, Train Loss: 3.8384, Train Acc: 0.8266， Test Acc : 0.8823, Test Loss: 1.1040
Epoch 57 / 300
Duration: 102s, Train Loss: 3.6800, Train Acc: 0.8330， Test Acc : 0.8443, Test Loss: 1.5271
Epoch 58 / 300
Duration: 103s, Train Loss: 3.5638, Train Acc: 0.8364， Test Acc : 0.8734, Test Loss: 1.2578
Epoch 59 / 300
Duration: 102s, Train Loss: 3.6259, Train Acc: 0.8349， Test Acc : 0.8945, Test Loss: 1.0410
Epoch 60 / 300
Duration: 103s, Train Loss: 3.5274, Train Acc: 0.8428， Test Acc : 0.8696, Test Loss: 1.3304
Epoch 61 / 300
Duration: 103s, Train Loss: 3.5678, Train Acc: 0.8398， Test Acc : 0.8938, Test Loss: 1.0707
Epoch 62 / 300
Duration: 103s, Train Loss: 3.4792, Train Acc: 0.8453， Test Acc : 0.8932, Test Loss: 1.0491
Epoch 63 / 300
Duration: 102s, Train Loss: 3.5496, Train Acc: 0.8400， Test Acc : 0.8510, Test Loss: 1.4644
Epoch 64 / 300
Duration: 103s, Train Loss: 3.5626, Train Acc: 0.8401， Test Acc : 0.8971, Test Loss: 1.0274
Epoch 65 / 300
Duration: 103s, Train Loss: 3.4591, Train Acc: 0.8436， Test Acc : 0.8874, Test Loss: 1.1069
Epoch 66 / 300
Duration: 103s, Train Loss: 3.2026, Train Acc: 0.8512， Test Acc : 0.8884, Test Loss: 1.0968
Epoch 67 / 300
Duration: 103s, Train Loss: 3.3601, Train Acc: 0.8471， Test Acc : 0.8805, Test Loss: 1.1603
Epoch 68 / 300
Duration: 103s, Train Loss: 3.3826, Train Acc: 0.8458， Test Acc : 0.8943, Test Loss: 1.0473
Epoch 69 / 300
Duration: 103s, Train Loss: 3.2459, Train Acc: 0.8543， Test Acc : 0.8803, Test Loss: 1.1998
Epoch 70 / 300
Duration: 103s, Train Loss: 3.1723, Train Acc: 0.8537， Test Acc : 0.8978, Test Loss: 0.9829
Epoch 71 / 300
Duration: 103s, Train Loss: 3.1190, Train Acc: 0.8579， Test Acc : 0.9017, Test Loss: 0.9360
Epoch 72 / 300
Duration: 104s, Train Loss: 3.0984, Train Acc: 0.8543， Test Acc : 0.8874, Test Loss: 1.1414
Epoch 73 / 300
Duration: 103s, Train Loss: 3.3659, Train Acc: 0.8488， Test Acc : 0.8968, Test Loss: 1.0705
Epoch 74 / 300
Duration: 103s, Train Loss: 3.0688, Train Acc: 0.8570， Test Acc : 0.9070, Test Loss: 0.9032
Epoch 75 / 300
Duration: 103s, Train Loss: 3.1695, Train Acc: 0.8543， Test Acc : 0.9062, Test Loss: 0.9241
Epoch 76 / 300
Duration: 103s, Train Loss: 3.0205, Train Acc: 0.8617， Test Acc : 0.9070, Test Loss: 0.9236
Epoch 77 / 300
Duration: 103s, Train Loss: 2.8941, Train Acc: 0.8675， Test Acc : 0.9106, Test Loss: 0.8812
Epoch 78 / 300
Duration: 102s, Train Loss: 2.9828, Train Acc: 0.8646， Test Acc : 0.8665, Test Loss: 1.4953
Epoch 79 / 300
Duration: 102s, Train Loss: 3.5085, Train Acc: 0.8472， Test Acc : 0.9075, Test Loss: 0.9331
Epoch 80 / 300
Duration: 102s, Train Loss: 2.9119, Train Acc: 0.8647， Test Acc : 0.9052, Test Loss: 0.9428
Epoch 81 / 300
Duration: 103s, Train Loss: 2.7770, Train Acc: 0.8743， Test Acc : 0.9052, Test Loss: 0.9583
Epoch 82 / 300
Duration: 103s, Train Loss: 2.7770, Train Acc: 0.8736， Test Acc : 0.9055, Test Loss: 0.9900
Epoch 83 / 300
Duration: 103s, Train Loss: 2.6653, Train Acc: 0.8783， Test Acc : 0.9144, Test Loss: 0.8697
Epoch 84 / 300
Duration: 103s, Train Loss: 2.5758, Train Acc: 0.8814， Test Acc : 0.9011, Test Loss: 0.9686
Epoch 85 / 300
Duration: 103s, Train Loss: 2.9420, Train Acc: 0.8681， Test Acc : 0.9055, Test Loss: 0.9424
Epoch 86 / 300
Duration: 103s, Train Loss: 2.7574, Train Acc: 0.8724， Test Acc : 0.9050, Test Loss: 0.9262
Epoch 87 / 300
Duration: 103s, Train Loss: 2.7112, Train Acc: 0.8754， Test Acc : 0.9009, Test Loss: 1.0049
Epoch 88 / 300
Duration: 102s, Train Loss: 2.6450, Train Acc: 0.8835， Test Acc : 0.9187, Test Loss: 0.8363
Epoch 89 / 300
Duration: 102s, Train Loss: 2.5466, Train Acc: 0.8856， Test Acc : 0.9075, Test Loss: 0.9619
Epoch 90 / 300
Duration: 102s, Train Loss: 2.4573, Train Acc: 0.8872， Test Acc : 0.9088, Test Loss: 0.8751
Epoch 91 / 300
Duration: 103s, Train Loss: 2.4694, Train Acc: 0.8870， Test Acc : 0.9108, Test Loss: 0.9024
Epoch 92 / 300
Duration: 103s, Train Loss: 2.4528, Train Acc: 0.8871， Test Acc : 0.9111, Test Loss: 0.8733
Epoch 93 / 300
Duration: 102s, Train Loss: 3.4546, Train Acc: 0.8518， Test Acc : 0.8711, Test Loss: 1.3960
Epoch 94 / 300
Duration: 104s, Train Loss: 3.8390, Train Acc: 0.8301， Test Acc : 0.8808, Test Loss: 1.1987
Epoch 95 / 300
Duration: 102s, Train Loss: 2.9104, Train Acc: 0.8709， Test Acc : 0.9022, Test Loss: 1.0486
Epoch 96 / 300
Duration: 102s, Train Loss: 2.6273, Train Acc: 0.8799， Test Acc : 0.9045, Test Loss: 0.9371
Epoch 97 / 300
Duration: 103s, Train Loss: 2.4910, Train Acc: 0.8890， Test Acc : 0.9078, Test Loss: 0.9053
Epoch 98 / 300
Duration: 103s, Train Loss: 2.3259, Train Acc: 0.8929， Test Acc : 0.9233, Test Loss: 0.7547
Epoch 99 / 300
Duration: 103s, Train Loss: 2.2657, Train Acc: 0.8958， Test Acc : 0.9162, Test Loss: 0.8583
Epoch 100 / 300
Duration: 103s, Train Loss: 2.3312, Train Acc: 0.8970， Test Acc : 0.9139, Test Loss: 0.8637
Epoch 101 / 300
Duration: 103s, Train Loss: 2.2583, Train Acc: 0.8926， Test Acc : 0.9162, Test Loss: 0.8434
Epoch 102 / 300
Duration: 103s, Train Loss: 2.1479, Train Acc: 0.9014， Test Acc : 0.9139, Test Loss: 0.8380
Epoch 103 / 300
Duration: 102s, Train Loss: 2.2246, Train Acc: 0.8994， Test Acc : 0.9169, Test Loss: 0.8702
Epoch 104 / 300
Duration: 103s, Train Loss: 2.2636, Train Acc: 0.8972， Test Acc : 0.9218, Test Loss: 0.8327
Epoch 105 / 300
Duration: 103s, Train Loss: 2.3338, Train Acc: 0.8944， Test Acc : 0.9050, Test Loss: 0.9615
Epoch 106 / 300
Duration: 102s, Train Loss: 2.1235, Train Acc: 0.9036， Test Acc : 0.9195, Test Loss: 0.8551
Epoch 107 / 300
Duration: 102s, Train Loss: 2.1675, Train Acc: 0.9002， Test Acc : 0.9197, Test Loss: 0.8075
Epoch 108 / 300
Duration: 103s, Train Loss: 2.1572, Train Acc: 0.9027， Test Acc : 0.9108, Test Loss: 0.9511
Epoch 109 / 300
Duration: 102s, Train Loss: 2.1919, Train Acc: 0.9001， Test Acc : 0.9141, Test Loss: 0.8817
Epoch 110 / 300
Duration: 102s, Train Loss: 2.0829, Train Acc: 0.9051， Test Acc : 0.9187, Test Loss: 0.8027
Epoch 111 / 300
Duration: 103s, Train Loss: 2.2455, Train Acc: 0.8945， Test Acc : 0.9169, Test Loss: 0.8336
Epoch 112 / 300
Duration: 103s, Train Loss: 2.2133, Train Acc: 0.9005， Test Acc : 0.9050, Test Loss: 0.9435
Epoch 113 / 300
Duration: 103s, Train Loss: 2.2387, Train Acc: 0.8993， Test Acc : 0.9185, Test Loss: 0.7964
Epoch 114 / 300
Duration: 103s, Train Loss: 2.2013, Train Acc: 0.9025， Test Acc : 0.9134, Test Loss: 0.8760
Epoch 115 / 300
Duration: 103s, Train Loss: 2.0459, Train Acc: 0.9055， Test Acc : 0.9157, Test Loss: 0.7566
Epoch 116 / 300
Duration: 104s, Train Loss: 1.9914, Train Acc: 0.9107， Test Acc : 0.9246, Test Loss: 0.7572
Epoch 117 / 300
Duration: 103s, Train Loss: 2.0407, Train Acc: 0.9063， Test Acc : 0.9185, Test Loss: 0.8570
Epoch 118 / 300
Duration: 103s, Train Loss: 1.9040, Train Acc: 0.9100， Test Acc : 0.9215, Test Loss: 0.7969
Epoch 119 / 300
Duration: 103s, Train Loss: 2.2067, Train Acc: 0.9037， Test Acc : 0.9200, Test Loss: 0.7996
Epoch 120 / 300
Duration: 103s, Train Loss: 2.0531, Train Acc: 0.9060， Test Acc : 0.9177, Test Loss: 0.8693
Epoch 121 / 300
Duration: 103s, Train Loss: 2.0556, Train Acc: 0.9081， Test Acc : 0.9259, Test Loss: 0.7747
Epoch 122 / 300
Duration: 102s, Train Loss: 1.9134, Train Acc: 0.9119， Test Acc : 0.9243, Test Loss: 0.7764
Epoch 123 / 300
Duration: 102s, Train Loss: 1.9186, Train Acc: 0.9098， Test Acc : 0.9136, Test Loss: 0.8612
Epoch 124 / 300
Duration: 102s, Train Loss: 2.0223, Train Acc: 0.9082， Test Acc : 0.9254, Test Loss: 0.7798
Epoch 125 / 300
Duration: 102s, Train Loss: 1.9313, Train Acc: 0.9144， Test Acc : 0.9233, Test Loss: 0.7940
Epoch 126 / 300
Duration: 103s, Train Loss: 2.1941, Train Acc: 0.9022， Test Acc : 0.9073, Test Loss: 1.1562
Epoch 127 / 300
Duration: 103s, Train Loss: 2.2281, Train Acc: 0.9014， Test Acc : 0.9200, Test Loss: 0.8062
Epoch 128 / 300
Duration: 103s, Train Loss: 1.8855, Train Acc: 0.9131， Test Acc : 0.9266, Test Loss: 0.7302
Epoch 129 / 300
Duration: 103s, Train Loss: 1.8441, Train Acc: 0.9171， Test Acc : 0.9203, Test Loss: 0.8294
Epoch 130 / 300
Duration: 103s, Train Loss: 1.7745, Train Acc: 0.9182， Test Acc : 0.9284, Test Loss: 0.7123
Epoch 131 / 300
Duration: 103s, Train Loss: 1.7683, Train Acc: 0.9182， Test Acc : 0.9292, Test Loss: 0.7338
Epoch 132 / 300
Duration: 103s, Train Loss: 1.8467, Train Acc: 0.9171， Test Acc : 0.9246, Test Loss: 0.7763
Epoch 133 / 300
Duration: 103s, Train Loss: 1.7772, Train Acc: 0.9202， Test Acc : 0.9312, Test Loss: 0.7392
Epoch 134 / 300
Duration: 103s, Train Loss: 1.6166, Train Acc: 0.9285， Test Acc : 0.9261, Test Loss: 0.7832
Epoch 135 / 300
Duration: 103s, Train Loss: 1.6797, Train Acc: 0.9249， Test Acc : 0.9287, Test Loss: 0.7507
Epoch 136 / 300
Duration: 103s, Train Loss: 1.6514, Train Acc: 0.9260， Test Acc : 0.9208, Test Loss: 0.8298
Epoch 137 / 300
Duration: 104s, Train Loss: 1.6277, Train Acc: 0.9273， Test Acc : 0.9304, Test Loss: 0.7326
Epoch 138 / 300
Duration: 103s, Train Loss: 1.5472, Train Acc: 0.9296， Test Acc : 0.9261, Test Loss: 0.7661
Epoch 139 / 300
Duration: 103s, Train Loss: 1.6177, Train Acc: 0.9259， Test Acc : 0.9304, Test Loss: 0.7686
Epoch 140 / 300
Duration: 103s, Train Loss: 1.5785, Train Acc: 0.9290， Test Acc : 0.9294, Test Loss: 0.7234
Epoch 141 / 300
Duration: 102s, Train Loss: 1.5394, Train Acc: 0.9276， Test Acc : 0.9187, Test Loss: 0.9086
Epoch 142 / 300
Duration: 102s, Train Loss: 1.6531, Train Acc: 0.9268， Test Acc : 0.9274, Test Loss: 0.7835
Epoch 143 / 300
Duration: 103s, Train Loss: 1.6008, Train Acc: 0.9295， Test Acc : 0.9271, Test Loss: 0.7873
Epoch 144 / 300
Duration: 103s, Train Loss: 1.6461, Train Acc: 0.9233， Test Acc : 0.9243, Test Loss: 0.8082
Epoch 145 / 300
Duration: 102s, Train Loss: 1.6434, Train Acc: 0.9236， Test Acc : 0.9233, Test Loss: 0.7991
Epoch 146 / 300
Duration: 102s, Train Loss: 1.6637, Train Acc: 0.9244， Test Acc : 0.9307, Test Loss: 0.7205
Epoch 147 / 300
Duration: 102s, Train Loss: 1.6102, Train Acc: 0.9258， Test Acc : 0.9248, Test Loss: 0.8281
Epoch 148 / 300
Duration: 102s, Train Loss: 1.5775, Train Acc: 0.9284， Test Acc : 0.9302, Test Loss: 0.7500
Epoch 149 / 300
Duration: 102s, Train Loss: 1.3931, Train Acc: 0.9393， Test Acc : 0.9355, Test Loss: 0.7048
Epoch 150 / 300
Duration: 103s, Train Loss: 1.5394, Train Acc: 0.9341， Test Acc : 0.9282, Test Loss: 0.7447
Epoch 151 / 300
Duration: 103s, Train Loss: 1.4497, Train Acc: 0.9333， Test Acc : 0.9259, Test Loss: 0.8138
Epoch 152 / 300
Duration: 103s, Train Loss: 1.5665, Train Acc: 0.9315， Test Acc : 0.9287, Test Loss: 0.7468
Epoch 153 / 300
Duration: 102s, Train Loss: 1.5358, Train Acc: 0.9303， Test Acc : 0.9317, Test Loss: 0.7258
Epoch 154 / 300
Duration: 103s, Train Loss: 1.3192, Train Acc: 0.9387， Test Acc : 0.9289, Test Loss: 0.7719
Epoch 155 / 300
Duration: 103s, Train Loss: 1.4362, Train Acc: 0.9386， Test Acc : 0.9279, Test Loss: 0.7814
Epoch 156 / 300
Duration: 103s, Train Loss: 1.6465, Train Acc: 0.9245， Test Acc : 0.9241, Test Loss: 0.8513
Epoch 157 / 300
Duration: 103s, Train Loss: 1.4814, Train Acc: 0.9324， Test Acc : 0.9292, Test Loss: 0.7670
Epoch 158 / 300
Duration: 103s, Train Loss: 1.3543, Train Acc: 0.9370， Test Acc : 0.9317, Test Loss: 0.7339
Epoch 159 / 300
Duration: 103s, Train Loss: 1.3769, Train Acc: 0.9377， Test Acc : 0.9292, Test Loss: 0.8280
Epoch 160 / 300
Duration: 103s, Train Loss: 1.3446, Train Acc: 0.9390， Test Acc : 0.9322, Test Loss: 0.7216
Epoch 161 / 300
Duration: 101s, Train Loss: 1.4119, Train Acc: 0.9321， Test Acc : 0.9282, Test Loss: 0.7810
Epoch 162 / 300
Duration: 104s, Train Loss: 1.3631, Train Acc: 0.9397， Test Acc : 0.9297, Test Loss: 0.7892
Epoch 163 / 300
Duration: 104s, Train Loss: 1.4136, Train Acc: 0.9338， Test Acc : 0.9317, Test Loss: 0.6962
Epoch 164 / 300
Duration: 103s, Train Loss: 1.3371, Train Acc: 0.9411， Test Acc : 0.9325, Test Loss: 0.7418
Epoch 165 / 300
Duration: 103s, Train Loss: 1.3060, Train Acc: 0.9417， Test Acc : 0.9315, Test Loss: 0.7894
Epoch 166 / 300
Duration: 103s, Train Loss: 1.2658, Train Acc: 0.9433， Test Acc : 0.9325, Test Loss: 0.7812
Epoch 167 / 300
Duration: 103s, Train Loss: 1.1287, Train Acc: 0.9484， Test Acc : 0.9310, Test Loss: 0.7688
Epoch 168 / 300
Duration: 103s, Train Loss: 1.3874, Train Acc: 0.9373， Test Acc : 0.9264, Test Loss: 0.7655
Epoch 169 / 300
Duration: 103s, Train Loss: 1.3206, Train Acc: 0.9389， Test Acc : 0.9307, Test Loss: 0.7630
Epoch 170 / 300
Duration: 103s, Train Loss: 1.3468, Train Acc: 0.9411， Test Acc : 0.9256, Test Loss: 0.7897
Epoch 171 / 300
Duration: 103s, Train Loss: 1.2960, Train Acc: 0.9438， Test Acc : 0.9304, Test Loss: 0.7545
Epoch 172 / 300
Duration: 102s, Train Loss: 1.2667, Train Acc: 0.9405， Test Acc : 0.9315, Test Loss: 0.7690
Epoch 173 / 300
Duration: 101s, Train Loss: 1.2420, Train Acc: 0.9433， Test Acc : 0.9358, Test Loss: 0.7252
Epoch 174 / 300
Duration: 104s, Train Loss: 1.2285, Train Acc: 0.9451， Test Acc : 0.9315, Test Loss: 0.7602
Epoch 175 / 300
Duration: 103s, Train Loss: 1.1963, Train Acc: 0.9464， Test Acc : 0.9358, Test Loss: 0.6987
Epoch 176 / 300
Duration: 103s, Train Loss: 1.2032, Train Acc: 0.9456， Test Acc : 0.9307, Test Loss: 0.7587
Epoch 177 / 300
Duration: 103s, Train Loss: 1.1999, Train Acc: 0.9470， Test Acc : 0.9358, Test Loss: 0.7339
Epoch 178 / 300
Duration: 103s, Train Loss: 1.2253, Train Acc: 0.9466， Test Acc : 0.9276, Test Loss: 0.7845
Epoch 179 / 300
Duration: 102s, Train Loss: 1.1625, Train Acc: 0.9486， Test Acc : 0.9358, Test Loss: 0.7195
Epoch 180 / 300
Duration: 103s, Train Loss: 1.1811, Train Acc: 0.9493， Test Acc : 0.9394, Test Loss: 0.6641
Epoch 181 / 300
Duration: 103s, Train Loss: 1.2123, Train Acc: 0.9468， Test Acc : 0.9361, Test Loss: 0.6962
Epoch 182 / 300
Duration: 103s, Train Loss: 1.0949, Train Acc: 0.9505， Test Acc : 0.9330, Test Loss: 0.7852
Epoch 183 / 300
Duration: 103s, Train Loss: 1.0639, Train Acc: 0.9519， Test Acc : 0.9294, Test Loss: 0.8180
Epoch 184 / 300
Duration: 103s, Train Loss: 1.1186, Train Acc: 0.9494， Test Acc : 0.9320, Test Loss: 0.7850
Epoch 185 / 300
Duration: 103s, Train Loss: 1.0492, Train Acc: 0.9538， Test Acc : 0.9358, Test Loss: 0.7161
Epoch 186 / 300
Duration: 103s, Train Loss: 1.1474, Train Acc: 0.9496， Test Acc : 0.9378, Test Loss: 0.7389
Epoch 187 / 300
Duration: 104s, Train Loss: 1.1370, Train Acc: 0.9476， Test Acc : 0.9317, Test Loss: 0.7851
Epoch 188 / 300
Duration: 103s, Train Loss: 1.2122, Train Acc: 0.9429， Test Acc : 0.9358, Test Loss: 0.7503
Epoch 189 / 300
Duration: 102s, Train Loss: 1.1067, Train Acc: 0.9490， Test Acc : 0.9243, Test Loss: 0.8612
Epoch 190 / 300
Duration: 102s, Train Loss: 1.1142, Train Acc: 0.9494， Test Acc : 0.9340, Test Loss: 0.7301
Epoch 191 / 300
Duration: 103s, Train Loss: 1.1297, Train Acc: 0.9502， Test Acc : 0.9358, Test Loss: 0.7111
Epoch 192 / 300
Duration: 102s, Train Loss: 1.0591, Train Acc: 0.9530， Test Acc : 0.9350, Test Loss: 0.7948
Epoch 193 / 300
Duration: 103s, Train Loss: 1.0347, Train Acc: 0.9535， Test Acc : 0.9325, Test Loss: 0.7430
Epoch 194 / 300
Duration: 103s, Train Loss: 1.0624, Train Acc: 0.9504， Test Acc : 0.9343, Test Loss: 0.7553
Epoch 195 / 300
Duration: 103s, Train Loss: 1.1192, Train Acc: 0.9513， Test Acc : 0.9335, Test Loss: 0.7542
Epoch 196 / 300
Duration: 103s, Train Loss: 1.0738, Train Acc: 0.9530， Test Acc : 0.9368, Test Loss: 0.7008
Epoch 197 / 300
Duration: 103s, Train Loss: 1.0114, Train Acc: 0.9543， Test Acc : 0.9378, Test Loss: 0.7280
Epoch 198 / 300
Duration: 103s, Train Loss: 1.0222, Train Acc: 0.9512， Test Acc : 0.9371, Test Loss: 0.6793
Epoch 199 / 300
Duration: 103s, Train Loss: 0.9441, Train Acc: 0.9589， Test Acc : 0.9371, Test Loss: 0.7176
Epoch 200 / 300
Duration: 103s, Train Loss: 0.9147, Train Acc: 0.9597， Test Acc : 0.9343, Test Loss: 0.7635
Epoch 201 / 300
Duration: 103s, Train Loss: 1.0501, Train Acc: 0.9538， Test Acc : 0.9345, Test Loss: 0.7681
Epoch 202 / 300
Duration: 103s, Train Loss: 1.0166, Train Acc: 0.9554， Test Acc : 0.9358, Test Loss: 0.7379
Epoch 203 / 300
Duration: 103s, Train Loss: 1.0038, Train Acc: 0.9528， Test Acc : 0.9373, Test Loss: 0.7317
Epoch 204 / 300
Duration: 103s, Train Loss: 0.9471, Train Acc: 0.9575， Test Acc : 0.9332, Test Loss: 0.7349
Epoch 205 / 300
Duration: 103s, Train Loss: 0.9387, Train Acc: 0.9554， Test Acc : 0.9366, Test Loss: 0.6894
Epoch 206 / 300
Duration: 103s, Train Loss: 0.9912, Train Acc: 0.9566， Test Acc : 0.9368, Test Loss: 0.7520
Epoch 207 / 300
Duration: 103s, Train Loss: 0.9245, Train Acc: 0.9587， Test Acc : 0.9361, Test Loss: 0.7416
Epoch 208 / 300
Duration: 103s, Train Loss: 0.9726, Train Acc: 0.9570， Test Acc : 0.9406, Test Loss: 0.7276
Epoch 209 / 300
Duration: 103s, Train Loss: 0.9614, Train Acc: 0.9588， Test Acc : 0.9396, Test Loss: 0.7156
Epoch 210 / 300
Duration: 104s, Train Loss: 0.9551, Train Acc: 0.9567， Test Acc : 0.9376, Test Loss: 0.7242
Epoch 211 / 300
Duration: 103s, Train Loss: 0.8676, Train Acc: 0.9615， Test Acc : 0.9396, Test Loss: 0.7260
Epoch 212 / 300
Duration: 103s, Train Loss: 0.8967, Train Acc: 0.9585， Test Acc : 0.9409, Test Loss: 0.7176
Epoch 213 / 300
Duration: 103s, Train Loss: 0.9177, Train Acc: 0.9602， Test Acc : 0.9381, Test Loss: 0.7294
Epoch 214 / 300
Duration: 103s, Train Loss: 0.9178, Train Acc: 0.9571， Test Acc : 0.9353, Test Loss: 0.7262
Epoch 215 / 300
Duration: 103s, Train Loss: 0.9567, Train Acc: 0.9556， Test Acc : 0.9348, Test Loss: 0.7245
Epoch 216 / 300
Duration: 103s, Train Loss: 0.9454, Train Acc: 0.9607， Test Acc : 0.9371, Test Loss: 0.7264
Epoch 217 / 300
Duration: 103s, Train Loss: 0.9432, Train Acc: 0.9589， Test Acc : 0.9424, Test Loss: 0.6721
Epoch 218 / 300
Duration: 103s, Train Loss: 0.9489, Train Acc: 0.9570， Test Acc : 0.9355, Test Loss: 0.7149
Epoch 219 / 300
Duration: 103s, Train Loss: 0.8939, Train Acc: 0.9618， Test Acc : 0.9348, Test Loss: 0.7789
Epoch 220 / 300
Duration: 103s, Train Loss: 0.9057, Train Acc: 0.9587， Test Acc : 0.9353, Test Loss: 0.7449
Epoch 221 / 300
Duration: 103s, Train Loss: 0.8504, Train Acc: 0.9608， Test Acc : 0.9381, Test Loss: 0.7571
Epoch 222 / 300
Duration: 103s, Train Loss: 0.9127, Train Acc: 0.9599， Test Acc : 0.9422, Test Loss: 0.7024
Epoch 223 / 300
Duration: 103s, Train Loss: 0.8760, Train Acc: 0.9604， Test Acc : 0.9399, Test Loss: 0.7207
Epoch 224 / 300
Duration: 103s, Train Loss: 0.8040, Train Acc: 0.9640， Test Acc : 0.9391, Test Loss: 0.7366
Epoch 225 / 300
Duration: 103s, Train Loss: 0.8311, Train Acc: 0.9620， Test Acc : 0.9368, Test Loss: 0.7822
Epoch 226 / 300
Duration: 103s, Train Loss: 0.8681, Train Acc: 0.9603， Test Acc : 0.9389, Test Loss: 0.7212
Epoch 227 / 300
Duration: 103s, Train Loss: 0.7359, Train Acc: 0.9675， Test Acc : 0.9409, Test Loss: 0.7175
Epoch 228 / 300
Duration: 103s, Train Loss: 0.7702, Train Acc: 0.9659， Test Acc : 0.9378, Test Loss: 0.7034
Epoch 229 / 300
Duration: 103s, Train Loss: 0.8153, Train Acc: 0.9640， Test Acc : 0.9378, Test Loss: 0.7169
Epoch 230 / 300
Duration: 103s, Train Loss: 0.8134, Train Acc: 0.9628， Test Acc : 0.9373, Test Loss: 0.7282
Epoch 231 / 300
Duration: 104s, Train Loss: 0.7979, Train Acc: 0.9661， Test Acc : 0.9399, Test Loss: 0.6927
Epoch 232 / 300
Duration: 103s, Train Loss: 0.6930, Train Acc: 0.9697， Test Acc : 0.9378, Test Loss: 0.6898
Epoch 233 / 300
Duration: 103s, Train Loss: 0.7670, Train Acc: 0.9664， Test Acc : 0.9404, Test Loss: 0.6698
Epoch 234 / 300
Duration: 103s, Train Loss: 0.7605, Train Acc: 0.9660， Test Acc : 0.9378, Test Loss: 0.6782
Epoch 235 / 300
Duration: 103s, Train Loss: 0.7192, Train Acc: 0.9687， Test Acc : 0.9396, Test Loss: 0.7102
Epoch 236 / 300
Duration: 103s, Train Loss: 0.8735, Train Acc: 0.9598， Test Acc : 0.9399, Test Loss: 0.7014
Epoch 237 / 300
Duration: 103s, Train Loss: 0.7164, Train Acc: 0.9666， Test Acc : 0.9409, Test Loss: 0.7008
Epoch 238 / 300
Duration: 103s, Train Loss: 0.6706, Train Acc: 0.9694， Test Acc : 0.9371, Test Loss: 0.7401
Epoch 239 / 300
Duration: 103s, Train Loss: 0.8069, Train Acc: 0.9640， Test Acc : 0.9404, Test Loss: 0.7045
Epoch 240 / 300
Duration: 103s, Train Loss: 0.7981, Train Acc: 0.9632， Test Acc : 0.9434, Test Loss: 0.6715
Epoch 241 / 300
Duration: 103s, Train Loss: 0.7750, Train Acc: 0.9655， Test Acc : 0.9422, Test Loss: 0.7003
Epoch 242 / 300
Duration: 103s, Train Loss: 0.6914, Train Acc: 0.9686， Test Acc : 0.9429, Test Loss: 0.6725
Epoch 243 / 300
Duration: 103s, Train Loss: 0.7340, Train Acc: 0.9653， Test Acc : 0.9452, Test Loss: 0.6783
Epoch 244 / 300
Duration: 103s, Train Loss: 0.7268, Train Acc: 0.9677， Test Acc : 0.9409, Test Loss: 0.6927
Epoch 245 / 300
Duration: 103s, Train Loss: 0.7364, Train Acc: 0.9676， Test Acc : 0.9442, Test Loss: 0.7101
Epoch 246 / 300
Duration: 103s, Train Loss: 0.6435, Train Acc: 0.9699， Test Acc : 0.9404, Test Loss: 0.7283
Epoch 247 / 300
Duration: 103s, Train Loss: 0.6787, Train Acc: 0.9693， Test Acc : 0.9417, Test Loss: 0.7160
Epoch 248 / 300
Duration: 103s, Train Loss: 0.7828, Train Acc: 0.9667， Test Acc : 0.9437, Test Loss: 0.6692
Epoch 249 / 300
Duration: 103s, Train Loss: 0.6411, Train Acc: 0.9696， Test Acc : 0.9422, Test Loss: 0.6756
Epoch 250 / 300
Duration: 103s, Train Loss: 0.7068, Train Acc: 0.9690， Test Acc : 0.9427, Test Loss: 0.6824
Epoch 251 / 300
Duration: 102s, Train Loss: 0.7779, Train Acc: 0.9649， Test Acc : 0.9399, Test Loss: 0.7088
Epoch 252 / 300
Duration: 103s, Train Loss: 0.7130, Train Acc: 0.9687， Test Acc : 0.9432, Test Loss: 0.6816
Epoch 253 / 300
Duration: 103s, Train Loss: 0.7992, Train Acc: 0.9622， Test Acc : 0.9406, Test Loss: 0.7141
Epoch 254 / 300
Duration: 104s, Train Loss: 0.6297, Train Acc: 0.9728， Test Acc : 0.9439, Test Loss: 0.6713
Epoch 255 / 300
Duration: 103s, Train Loss: 0.6798, Train Acc: 0.9704， Test Acc : 0.9437, Test Loss: 0.6552
Epoch 256 / 300
Duration: 103s, Train Loss: 0.6625, Train Acc: 0.9716， Test Acc : 0.9447, Test Loss: 0.6626
Epoch 257 / 300
Duration: 103s, Train Loss: 0.6590, Train Acc: 0.9707， Test Acc : 0.9434, Test Loss: 0.6647
Epoch 258 / 300
Duration: 103s, Train Loss: 0.6907, Train Acc: 0.9702， Test Acc : 0.9455, Test Loss: 0.6622
Epoch 259 / 300
Duration: 103s, Train Loss: 0.7487, Train Acc: 0.9657， Test Acc : 0.9442, Test Loss: 0.6876
Epoch 260 / 300
Duration: 103s, Train Loss: 0.7082, Train Acc: 0.9673， Test Acc : 0.9404, Test Loss: 0.7236
Epoch 261 / 300
Duration: 103s, Train Loss: 0.7636, Train Acc: 0.9673， Test Acc : 0.9455, Test Loss: 0.7145
Epoch 262 / 300
Duration: 103s, Train Loss: 0.7158, Train Acc: 0.9690， Test Acc : 0.9429, Test Loss: 0.7043
Epoch 263 / 300
Duration: 103s, Train Loss: 0.6526, Train Acc: 0.9691， Test Acc : 0.9424, Test Loss: 0.7068
Epoch 264 / 300
Duration: 103s, Train Loss: 0.6727, Train Acc: 0.9692， Test Acc : 0.9429, Test Loss: 0.7020
Epoch 265 / 300
Duration: 103s, Train Loss: 0.6875, Train Acc: 0.9698， Test Acc : 0.9429, Test Loss: 0.7103
Epoch 266 / 300
Duration: 103s, Train Loss: 0.6008, Train Acc: 0.9738， Test Acc : 0.9439, Test Loss: 0.6853
Epoch 267 / 300
Duration: 103s, Train Loss: 0.6384, Train Acc: 0.9694， Test Acc : 0.9445, Test Loss: 0.6750
Epoch 268 / 300
Duration: 103s, Train Loss: 0.6129, Train Acc: 0.9723， Test Acc : 0.9432, Test Loss: 0.6682
Epoch 269 / 300
Duration: 103s, Train Loss: 0.6949, Train Acc: 0.9692， Test Acc : 0.9457, Test Loss: 0.6571
Epoch 270 / 300
Duration: 103s, Train Loss: 0.6218, Train Acc: 0.9733， Test Acc : 0.9455, Test Loss: 0.6578
Epoch 271 / 300
Duration: 103s, Train Loss: 0.5879, Train Acc: 0.9732， Test Acc : 0.9450, Test Loss: 0.6632
Epoch 272 / 300
Duration: 103s, Train Loss: 0.6164, Train Acc: 0.9723， Test Acc : 0.9452, Test Loss: 0.6695
Epoch 273 / 300
Duration: 103s, Train Loss: 0.6211, Train Acc: 0.9703， Test Acc : 0.9470, Test Loss: 0.6618
Epoch 274 / 300
Duration: 103s, Train Loss: 0.6283, Train Acc: 0.9723， Test Acc : 0.9450, Test Loss: 0.6688
Epoch 275 / 300
Duration: 103s, Train Loss: 0.6077, Train Acc: 0.9731， Test Acc : 0.9455, Test Loss: 0.6756
Epoch 276 / 300
Duration: 104s, Train Loss: 0.6567, Train Acc: 0.9703， Test Acc : 0.9447, Test Loss: 0.6762
Epoch 277 / 300
Duration: 103s, Train Loss: 0.5581, Train Acc: 0.9745， Test Acc : 0.9457, Test Loss: 0.6607
Epoch 278 / 300
Duration: 103s, Train Loss: 0.6118, Train Acc: 0.9710， Test Acc : 0.9447, Test Loss: 0.6733
Epoch 279 / 300
Duration: 103s, Train Loss: 0.6129, Train Acc: 0.9720， Test Acc : 0.9424, Test Loss: 0.6734
Epoch 280 / 300
Duration: 103s, Train Loss: 0.6112, Train Acc: 0.9712， Test Acc : 0.9432, Test Loss: 0.6931
Epoch 281 / 300
Duration: 103s, Train Loss: 0.6401, Train Acc: 0.9705， Test Acc : 0.9450, Test Loss: 0.6586
Epoch 282 / 300
Duration: 103s, Train Loss: 0.5992, Train Acc: 0.9723， Test Acc : 0.9460, Test Loss: 0.6543
Epoch 283 / 300
Duration: 103s, Train Loss: 0.6108, Train Acc: 0.9732， Test Acc : 0.9447, Test Loss: 0.6656
Epoch 284 / 300
Duration: 103s, Train Loss: 0.5938, Train Acc: 0.9743， Test Acc : 0.9462, Test Loss: 0.6591
Epoch 285 / 300
Duration: 103s, Train Loss: 0.5697, Train Acc: 0.9729， Test Acc : 0.9457, Test Loss: 0.6444
Epoch 286 / 300
Duration: 103s, Train Loss: 0.6004, Train Acc: 0.9744， Test Acc : 0.9468, Test Loss: 0.6712
Epoch 287 / 300
Duration: 103s, Train Loss: 0.5540, Train Acc: 0.9753， Test Acc : 0.9470, Test Loss: 0.6529
Epoch 288 / 300
Duration: 103s, Train Loss: 0.6014, Train Acc: 0.9742， Test Acc : 0.9473, Test Loss: 0.6496
Epoch 289 / 300
Duration: 103s, Train Loss: 0.5947, Train Acc: 0.9721， Test Acc : 0.9473, Test Loss: 0.6450
Epoch 290 / 300
Duration: 103s, Train Loss: 0.5893, Train Acc: 0.9726， Test Acc : 0.9455, Test Loss: 0.6523
Epoch 291 / 300
Duration: 103s, Train Loss: 0.5710, Train Acc: 0.9749， Test Acc : 0.9457, Test Loss: 0.6422
Epoch 292 / 300
Duration: 103s, Train Loss: 0.5737, Train Acc: 0.9735， Test Acc : 0.9475, Test Loss: 0.6457
Epoch 293 / 300
Duration: 103s, Train Loss: 0.5485, Train Acc: 0.9750， Test Acc : 0.9465, Test Loss: 0.6450
Epoch 294 / 300
Duration: 103s, Train Loss: 0.6306, Train Acc: 0.9731， Test Acc : 0.9465, Test Loss: 0.6504
Epoch 295 / 300
Duration: 102s, Train Loss: 0.5938, Train Acc: 0.9718， Test Acc : 0.9460, Test Loss: 0.6593
Epoch 296 / 300
Duration: 104s, Train Loss: 0.5717, Train Acc: 0.9759， Test Acc : 0.9455, Test Loss: 0.6582
Epoch 297 / 300
Duration: 103s, Train Loss: 0.6049, Train Acc: 0.9753， Test Acc : 0.9437, Test Loss: 0.6685
Epoch 298 / 300
Duration: 103s, Train Loss: 0.5722, Train Acc: 0.9747， Test Acc : 0.9457, Test Loss: 0.6470
Epoch 299 / 300
Duration: 103s, Train Loss: 0.6057, Train Acc: 0.9721， Test Acc : 0.9442, Test Loss: 0.6594
Total Time:30837s
Best Accuracy of the network on the test images: 94.7516 %
Best epoch: 292


