nohup: ignoring input
Ranger optimizer loaded. 
Gradient Centralization usage = True
GC applied to both conv and fc layers
Epoch 0 / 400
Duration: 101s, Train Loss: 14.9939, Train Acc: 0.2404， Test Acc : 0.3702, Test Loss: 5.2976
Epoch 1 / 400
Duration: 102s, Train Loss: 12.4440, Train Acc: 0.4019， Test Acc : 0.5429, Test Loss: 4.1922
Epoch 2 / 400
Duration: 102s, Train Loss: 10.7920, Train Acc: 0.4921， Test Acc : 0.6038, Test Loss: 3.7187
Epoch 3 / 400
Duration: 102s, Train Loss: 9.8290, Train Acc: 0.5409， Test Acc : 0.6318, Test Loss: 3.4922
Epoch 4 / 400
Duration: 102s, Train Loss: 9.0757, Train Acc: 0.5859， Test Acc : 0.6239, Test Loss: 3.5717
Epoch 5 / 400
Duration: 102s, Train Loss: 8.4682, Train Acc: 0.6138， Test Acc : 0.7098, Test Loss: 2.6593
Epoch 6 / 400
Duration: 102s, Train Loss: 8.1262, Train Acc: 0.6292， Test Acc : 0.7039, Test Loss: 2.8180
Epoch 7 / 400
Duration: 102s, Train Loss: 7.8246, Train Acc: 0.6442， Test Acc : 0.7256, Test Loss: 2.5766
Epoch 8 / 400
Duration: 102s, Train Loss: 7.5739, Train Acc: 0.6565， Test Acc : 0.7516, Test Loss: 2.3185
Epoch 9 / 400
Duration: 102s, Train Loss: 7.4660, Train Acc: 0.6585， Test Acc : 0.7223, Test Loss: 2.5137
Epoch 10 / 400
Duration: 102s, Train Loss: 7.0645, Train Acc: 0.6735， Test Acc : 0.7526, Test Loss: 2.2735
Epoch 11 / 400
Duration: 102s, Train Loss: 7.0282, Train Acc: 0.6820， Test Acc : 0.7631, Test Loss: 2.2624
Epoch 12 / 400
Duration: 102s, Train Loss: 6.8552, Train Acc: 0.6890， Test Acc : 0.7603, Test Loss: 2.2111
Epoch 13 / 400
Duration: 102s, Train Loss: 6.5215, Train Acc: 0.7030， Test Acc : 0.7687, Test Loss: 2.1553
Epoch 14 / 400
Duration: 102s, Train Loss: 6.3655, Train Acc: 0.7075， Test Acc : 0.7921, Test Loss: 1.9900
Epoch 15 / 400
Duration: 104s, Train Loss: 6.2715, Train Acc: 0.7155， Test Acc : 0.7197, Test Loss: 2.5420
Epoch 16 / 400
Duration: 102s, Train Loss: 6.1592, Train Acc: 0.7161， Test Acc : 0.7946, Test Loss: 1.9872
Epoch 17 / 400
Duration: 102s, Train Loss: 6.0162, Train Acc: 0.7287， Test Acc : 0.7893, Test Loss: 1.9163
Epoch 18 / 400
Duration: 102s, Train Loss: 6.0147, Train Acc: 0.7317， Test Acc : 0.7521, Test Loss: 2.3834
Epoch 19 / 400
Duration: 103s, Train Loss: 5.8312, Train Acc: 0.7338， Test Acc : 0.8127, Test Loss: 1.7111
Epoch 20 / 400
Duration: 102s, Train Loss: 5.7551, Train Acc: 0.7410， Test Acc : 0.8234, Test Loss: 1.6851
Epoch 21 / 400
Duration: 102s, Train Loss: 5.6247, Train Acc: 0.7459， Test Acc : 0.7885, Test Loss: 2.0235
Epoch 22 / 400
Duration: 102s, Train Loss: 5.5823, Train Acc: 0.7451， Test Acc : 0.7676, Test Loss: 2.5322
Epoch 23 / 400
Duration: 103s, Train Loss: 5.5115, Train Acc: 0.7477， Test Acc : 0.8234, Test Loss: 1.6093
Epoch 24 / 400
Duration: 102s, Train Loss: 5.4618, Train Acc: 0.7519， Test Acc : 0.7952, Test Loss: 1.8800
Epoch 25 / 400
Duration: 102s, Train Loss: 5.3962, Train Acc: 0.7546， Test Acc : 0.8268, Test Loss: 1.6223
Epoch 26 / 400
Duration: 102s, Train Loss: 5.2789, Train Acc: 0.7626， Test Acc : 0.8290, Test Loss: 1.5910
Epoch 27 / 400
Duration: 103s, Train Loss: 5.3545, Train Acc: 0.7608， Test Acc : 0.8104, Test Loss: 1.7876
Epoch 28 / 400
Duration: 102s, Train Loss: 5.2561, Train Acc: 0.7652， Test Acc : 0.8285, Test Loss: 1.6796
Epoch 29 / 400
Duration: 102s, Train Loss: 5.0220, Train Acc: 0.7744， Test Acc : 0.8545, Test Loss: 1.3917
Epoch 30 / 400
Duration: 103s, Train Loss: 5.0885, Train Acc: 0.7739， Test Acc : 0.8158, Test Loss: 1.6997
Epoch 31 / 400
Duration: 103s, Train Loss: 4.9240, Train Acc: 0.7725， Test Acc : 0.8464, Test Loss: 1.4162
Epoch 32 / 400
Duration: 102s, Train Loss: 5.0830, Train Acc: 0.7689， Test Acc : 0.8369, Test Loss: 1.5213
Epoch 33 / 400
Duration: 104s, Train Loss: 4.7620, Train Acc: 0.7856， Test Acc : 0.8397, Test Loss: 1.4866
Epoch 34 / 400
Duration: 103s, Train Loss: 4.7602, Train Acc: 0.7839， Test Acc : 0.8420, Test Loss: 1.4650
Epoch 35 / 400
Duration: 103s, Train Loss: 4.8410, Train Acc: 0.7824， Test Acc : 0.8586, Test Loss: 1.3203
Epoch 36 / 400
Duration: 103s, Train Loss: 4.8939, Train Acc: 0.7829， Test Acc : 0.8262, Test Loss: 1.7091
Epoch 37 / 400
Duration: 103s, Train Loss: 4.7114, Train Acc: 0.7890， Test Acc : 0.8456, Test Loss: 1.3945
Epoch 38 / 400
Duration: 103s, Train Loss: 4.4798, Train Acc: 0.7979， Test Acc : 0.8624, Test Loss: 1.3248
Epoch 39 / 400
Duration: 103s, Train Loss: 4.4738, Train Acc: 0.7951， Test Acc : 0.8520, Test Loss: 1.4800
Epoch 40 / 400
Duration: 103s, Train Loss: 4.5151, Train Acc: 0.7956， Test Acc : 0.8576, Test Loss: 1.3673
Epoch 41 / 400
Duration: 103s, Train Loss: 4.6202, Train Acc: 0.7927， Test Acc : 0.8611, Test Loss: 1.3813
Epoch 42 / 400
Duration: 103s, Train Loss: 4.4742, Train Acc: 0.7950， Test Acc : 0.8522, Test Loss: 1.4298
Epoch 43 / 400
Duration: 103s, Train Loss: 4.6285, Train Acc: 0.7887， Test Acc : 0.8158, Test Loss: 1.9614
Epoch 44 / 400
Duration: 103s, Train Loss: 5.1601, Train Acc: 0.7743， Test Acc : 0.8619, Test Loss: 1.2747
Epoch 45 / 400
Duration: 103s, Train Loss: 4.5377, Train Acc: 0.7945， Test Acc : 0.8576, Test Loss: 1.3842
Epoch 46 / 400
Duration: 103s, Train Loss: 4.2022, Train Acc: 0.8093， Test Acc : 0.8785, Test Loss: 1.1760
Epoch 47 / 400
Duration: 103s, Train Loss: 4.2620, Train Acc: 0.8062， Test Acc : 0.8882, Test Loss: 1.0885
Epoch 48 / 400
Duration: 103s, Train Loss: 4.1398, Train Acc: 0.8137， Test Acc : 0.8652, Test Loss: 1.2694
Epoch 49 / 400
Duration: 104s, Train Loss: 3.9593, Train Acc: 0.8209， Test Acc : 0.8716, Test Loss: 1.2082
Epoch 50 / 400
Duration: 103s, Train Loss: 4.0664, Train Acc: 0.8161， Test Acc : 0.8797, Test Loss: 1.1212
Epoch 51 / 400
Duration: 103s, Train Loss: 3.8294, Train Acc: 0.8250， Test Acc : 0.8586, Test Loss: 1.3631
Epoch 52 / 400
Duration: 103s, Train Loss: 3.8499, Train Acc: 0.8283， Test Acc : 0.8866, Test Loss: 1.1241
Epoch 53 / 400
Duration: 103s, Train Loss: 3.8715, Train Acc: 0.8279， Test Acc : 0.8904, Test Loss: 1.0817
Epoch 54 / 400
Duration: 103s, Train Loss: 3.8314, Train Acc: 0.8262， Test Acc : 0.8660, Test Loss: 1.2671
Epoch 55 / 400
Duration: 103s, Train Loss: 3.7909, Train Acc: 0.8287， Test Acc : 0.8729, Test Loss: 1.1585
Epoch 56 / 400
Duration: 103s, Train Loss: 3.6890, Train Acc: 0.8346， Test Acc : 0.8882, Test Loss: 1.0889
Epoch 57 / 400
Duration: 103s, Train Loss: 3.6225, Train Acc: 0.8362， Test Acc : 0.8558, Test Loss: 1.3358
Epoch 58 / 400
Duration: 103s, Train Loss: 3.4625, Train Acc: 0.8376， Test Acc : 0.8874, Test Loss: 1.0622
Epoch 59 / 400
Duration: 103s, Train Loss: 3.5853, Train Acc: 0.8358， Test Acc : 0.9001, Test Loss: 1.0012
Epoch 60 / 400
Duration: 103s, Train Loss: 3.4779, Train Acc: 0.8454， Test Acc : 0.8785, Test Loss: 1.1655
Epoch 61 / 400
Duration: 103s, Train Loss: 3.5586, Train Acc: 0.8385， Test Acc : 0.8897, Test Loss: 1.0461
Epoch 62 / 400
Duration: 103s, Train Loss: 3.6292, Train Acc: 0.8338， Test Acc : 0.8953, Test Loss: 0.9861
Epoch 63 / 400
Duration: 103s, Train Loss: 3.6898, Train Acc: 0.8314， Test Acc : 0.8718, Test Loss: 1.2497
Epoch 64 / 400
Duration: 103s, Train Loss: 3.4522, Train Acc: 0.8452， Test Acc : 0.8910, Test Loss: 1.0321
Epoch 65 / 400
Duration: 104s, Train Loss: 3.4007, Train Acc: 0.8439， Test Acc : 0.8930, Test Loss: 1.0663
Epoch 66 / 400
Duration: 103s, Train Loss: 3.3541, Train Acc: 0.8499， Test Acc : 0.8854, Test Loss: 1.1351
Epoch 67 / 400
Duration: 103s, Train Loss: 3.8690, Train Acc: 0.8272， Test Acc : 0.8887, Test Loss: 1.0487
Epoch 68 / 400
Duration: 103s, Train Loss: 3.2166, Train Acc: 0.8550， Test Acc : 0.8986, Test Loss: 0.9781
Epoch 69 / 400
Duration: 103s, Train Loss: 3.3609, Train Acc: 0.8418， Test Acc : 0.8961, Test Loss: 1.0284
Epoch 70 / 400
Duration: 103s, Train Loss: 3.3942, Train Acc: 0.8453， Test Acc : 0.8731, Test Loss: 1.3474
Epoch 71 / 400
Duration: 102s, Train Loss: 3.4606, Train Acc: 0.8475， Test Acc : 0.8902, Test Loss: 1.0887
Epoch 72 / 400
Duration: 103s, Train Loss: 3.2867, Train Acc: 0.8530， Test Acc : 0.8800, Test Loss: 1.2175
Epoch 73 / 400
Duration: 103s, Train Loss: 3.3243, Train Acc: 0.8500， Test Acc : 0.8874, Test Loss: 1.0394
Epoch 74 / 400
Duration: 103s, Train Loss: 3.5418, Train Acc: 0.8378， Test Acc : 0.8927, Test Loss: 1.0064
Epoch 75 / 400
Duration: 103s, Train Loss: 3.7788, Train Acc: 0.8328， Test Acc : 0.8749, Test Loss: 1.2208
Epoch 76 / 400
Duration: 103s, Train Loss: 3.2527, Train Acc: 0.8521， Test Acc : 0.9009, Test Loss: 1.0348
Epoch 77 / 400
Duration: 103s, Train Loss: 3.1976, Train Acc: 0.8537， Test Acc : 0.8948, Test Loss: 1.0388
Epoch 78 / 400
Duration: 103s, Train Loss: 2.9490, Train Acc: 0.8614， Test Acc : 0.8938, Test Loss: 1.0889
Epoch 79 / 400
Duration: 103s, Train Loss: 2.8576, Train Acc: 0.8693， Test Acc : 0.8966, Test Loss: 1.0351
Epoch 80 / 400
Duration: 102s, Train Loss: 3.4165, Train Acc: 0.8493， Test Acc : 0.8940, Test Loss: 1.0148
Epoch 81 / 400
Duration: 103s, Train Loss: 3.1228, Train Acc: 0.8622， Test Acc : 0.8535, Test Loss: 1.5243
Epoch 82 / 400
Duration: 103s, Train Loss: 3.3280, Train Acc: 0.8529， Test Acc : 0.8996, Test Loss: 0.9623
Epoch 83 / 400
Duration: 104s, Train Loss: 2.8803, Train Acc: 0.8688， Test Acc : 0.9090, Test Loss: 0.8765
Epoch 84 / 400
Duration: 103s, Train Loss: 2.9556, Train Acc: 0.8658， Test Acc : 0.8815, Test Loss: 1.2832
Epoch 85 / 400
Duration: 102s, Train Loss: 2.8925, Train Acc: 0.8676， Test Acc : 0.9006, Test Loss: 0.9204
Epoch 86 / 400
Duration: 103s, Train Loss: 2.7437, Train Acc: 0.8746， Test Acc : 0.9098, Test Loss: 0.8855
Epoch 87 / 400
Duration: 103s, Train Loss: 2.8888, Train Acc: 0.8698， Test Acc : 0.8978, Test Loss: 1.0212
Epoch 88 / 400
Duration: 102s, Train Loss: 2.6825, Train Acc: 0.8824， Test Acc : 0.9106, Test Loss: 0.9273
Epoch 89 / 400
Duration: 103s, Train Loss: 2.9341, Train Acc: 0.8661， Test Acc : 0.9032, Test Loss: 0.9821
Epoch 90 / 400
Duration: 103s, Train Loss: 2.6834, Train Acc: 0.8789， Test Acc : 0.8983, Test Loss: 1.0260
Epoch 91 / 400
Duration: 102s, Train Loss: 2.7483, Train Acc: 0.8794， Test Acc : 0.9055, Test Loss: 0.9374
Epoch 92 / 400
Duration: 102s, Train Loss: 2.5739, Train Acc: 0.8807， Test Acc : 0.9037, Test Loss: 0.9966
Epoch 93 / 400
Duration: 102s, Train Loss: 3.2444, Train Acc: 0.8536， Test Acc : 0.8803, Test Loss: 1.1758
Epoch 94 / 400
Duration: 102s, Train Loss: 2.8143, Train Acc: 0.8718， Test Acc : 0.9022, Test Loss: 0.9422
Epoch 95 / 400
Duration: 102s, Train Loss: 2.7049, Train Acc: 0.8758， Test Acc : 0.9111, Test Loss: 0.8805
Epoch 96 / 400
Duration: 102s, Train Loss: 2.7328, Train Acc: 0.8743， Test Acc : 0.9022, Test Loss: 0.9457
Epoch 97 / 400
Duration: 103s, Train Loss: 2.4926, Train Acc: 0.8878， Test Acc : 0.9164, Test Loss: 0.8145
Epoch 98 / 400
Duration: 102s, Train Loss: 2.5739, Train Acc: 0.8840， Test Acc : 0.9060, Test Loss: 0.9486
Epoch 99 / 400
Duration: 102s, Train Loss: 2.6992, Train Acc: 0.8749， Test Acc : 0.8841, Test Loss: 1.3381
Epoch 100 / 400
Duration: 104s, Train Loss: 2.7525, Train Acc: 0.8764， Test Acc : 0.9073, Test Loss: 0.8815
Epoch 101 / 400
Duration: 102s, Train Loss: 2.5042, Train Acc: 0.8883， Test Acc : 0.9139, Test Loss: 0.7967
Epoch 102 / 400
Duration: 102s, Train Loss: 2.4151, Train Acc: 0.8908， Test Acc : 0.9045, Test Loss: 0.9434
Epoch 103 / 400
Duration: 102s, Train Loss: 2.2794, Train Acc: 0.8939， Test Acc : 0.9180, Test Loss: 0.8184
Epoch 104 / 400
Duration: 102s, Train Loss: 2.4001, Train Acc: 0.8934， Test Acc : 0.9152, Test Loss: 0.8393
Epoch 105 / 400
Duration: 102s, Train Loss: 2.3833, Train Acc: 0.8888， Test Acc : 0.9103, Test Loss: 0.8595
Epoch 106 / 400
Duration: 103s, Train Loss: 2.1398, Train Acc: 0.9038， Test Acc : 0.9203, Test Loss: 0.8069
Epoch 107 / 400
Duration: 102s, Train Loss: 2.3534, Train Acc: 0.8912， Test Acc : 0.9200, Test Loss: 0.8290
Epoch 108 / 400
Duration: 102s, Train Loss: 2.3422, Train Acc: 0.8928， Test Acc : 0.9203, Test Loss: 0.8222
Epoch 109 / 400
Duration: 102s, Train Loss: 2.2541, Train Acc: 0.8987， Test Acc : 0.9136, Test Loss: 0.8891
Epoch 110 / 400
Duration: 102s, Train Loss: 2.2204, Train Acc: 0.8976， Test Acc : 0.9180, Test Loss: 0.8172
Epoch 111 / 400
Duration: 102s, Train Loss: 2.2377, Train Acc: 0.8964， Test Acc : 0.9075, Test Loss: 0.9108
Epoch 112 / 400
Duration: 102s, Train Loss: 2.2378, Train Acc: 0.8981， Test Acc : 0.9131, Test Loss: 0.8920
Epoch 113 / 400
Duration: 102s, Train Loss: 2.1849, Train Acc: 0.9002， Test Acc : 0.9220, Test Loss: 0.8075
Epoch 114 / 400
Duration: 102s, Train Loss: 2.1484, Train Acc: 0.9014， Test Acc : 0.9175, Test Loss: 0.8146
Epoch 115 / 400
Duration: 102s, Train Loss: 2.2710, Train Acc: 0.8962， Test Acc : 0.9068, Test Loss: 0.9106
Epoch 116 / 400
Duration: 102s, Train Loss: 2.4808, Train Acc: 0.8909， Test Acc : 0.8989, Test Loss: 1.0574
Epoch 117 / 400
Duration: 102s, Train Loss: 2.5332, Train Acc: 0.8849， Test Acc : 0.9124, Test Loss: 0.9072
Epoch 118 / 400
Duration: 102s, Train Loss: 2.3290, Train Acc: 0.8912， Test Acc : 0.9090, Test Loss: 0.9200
Epoch 119 / 400
Duration: 102s, Train Loss: 2.1611, Train Acc: 0.9001， Test Acc : 0.9136, Test Loss: 0.8496
Epoch 120 / 400
Duration: 104s, Train Loss: 2.4014, Train Acc: 0.8935， Test Acc : 0.9019, Test Loss: 1.0057
Epoch 121 / 400
Duration: 103s, Train Loss: 2.1283, Train Acc: 0.9031， Test Acc : 0.9197, Test Loss: 0.7871
Epoch 122 / 400
Duration: 102s, Train Loss: 2.0260, Train Acc: 0.9084， Test Acc : 0.9223, Test Loss: 0.7806
Epoch 123 / 400
Duration: 102s, Train Loss: 1.9867, Train Acc: 0.9086， Test Acc : 0.9203, Test Loss: 0.8246
Epoch 124 / 400
Duration: 102s, Train Loss: 2.0542, Train Acc: 0.9073， Test Acc : 0.9129, Test Loss: 0.9373
Epoch 125 / 400
Duration: 102s, Train Loss: 2.2798, Train Acc: 0.9012， Test Acc : 0.9136, Test Loss: 1.0292
Epoch 126 / 400
Duration: 102s, Train Loss: 2.1038, Train Acc: 0.9042， Test Acc : 0.9146, Test Loss: 0.8958
Epoch 127 / 400
Duration: 102s, Train Loss: 1.9347, Train Acc: 0.9096， Test Acc : 0.9261, Test Loss: 0.7471
Epoch 128 / 400
Duration: 102s, Train Loss: 1.9921, Train Acc: 0.9078， Test Acc : 0.9185, Test Loss: 0.8424
Epoch 129 / 400
Duration: 102s, Train Loss: 2.1168, Train Acc: 0.9038， Test Acc : 0.9192, Test Loss: 0.8378
Epoch 130 / 400
Duration: 102s, Train Loss: 1.8764, Train Acc: 0.9153， Test Acc : 0.9152, Test Loss: 0.8224
Epoch 131 / 400
Duration: 102s, Train Loss: 1.8892, Train Acc: 0.9122， Test Acc : 0.9256, Test Loss: 0.8005
Epoch 132 / 400
Duration: 102s, Train Loss: 1.9583, Train Acc: 0.9106， Test Acc : 0.9103, Test Loss: 0.9143
Epoch 133 / 400
Duration: 102s, Train Loss: 1.9009, Train Acc: 0.9144， Test Acc : 0.9218, Test Loss: 0.8742
Epoch 134 / 400
Duration: 101s, Train Loss: 2.0515, Train Acc: 0.9082， Test Acc : 0.9085, Test Loss: 1.1656
Epoch 135 / 400
Duration: 104s, Train Loss: 2.0833, Train Acc: 0.9045， Test Acc : 0.9162, Test Loss: 0.8835
Epoch 136 / 400
Duration: 102s, Train Loss: 2.0088, Train Acc: 0.9112， Test Acc : 0.9195, Test Loss: 0.8089
Epoch 137 / 400
Duration: 102s, Train Loss: 3.6833, Train Acc: 0.8594， Test Acc : 0.8094, Test Loss: 3.2336
Epoch 138 / 400
Duration: 102s, Train Loss: 3.8101, Train Acc: 0.8318， Test Acc : 0.8966, Test Loss: 1.0157
Epoch 139 / 400
Duration: 102s, Train Loss: 2.4026, Train Acc: 0.8931， Test Acc : 0.9146, Test Loss: 0.8674
Epoch 140 / 400
Duration: 102s, Train Loss: 2.1587, Train Acc: 0.8991， Test Acc : 0.9218, Test Loss: 0.7909
Epoch 141 / 400
Duration: 102s, Train Loss: 1.8970, Train Acc: 0.9118， Test Acc : 0.9225, Test Loss: 0.8108
Epoch 142 / 400
Duration: 102s, Train Loss: 1.9160, Train Acc: 0.9119， Test Acc : 0.9246, Test Loss: 0.7708
Epoch 143 / 400
Duration: 102s, Train Loss: 1.8823, Train Acc: 0.9132， Test Acc : 0.9261, Test Loss: 0.7303
Epoch 144 / 400
Duration: 102s, Train Loss: 1.7768, Train Acc: 0.9190， Test Acc : 0.9251, Test Loss: 0.7306
Epoch 145 / 400
Duration: 102s, Train Loss: 1.7561, Train Acc: 0.9222， Test Acc : 0.9256, Test Loss: 0.7455
Epoch 146 / 400
Duration: 102s, Train Loss: 1.7362, Train Acc: 0.9198， Test Acc : 0.9246, Test Loss: 0.8193
Epoch 147 / 400
Duration: 102s, Train Loss: 1.8132, Train Acc: 0.9199， Test Acc : 0.9121, Test Loss: 0.9315
Epoch 148 / 400
Duration: 102s, Train Loss: 1.8696, Train Acc: 0.9157， Test Acc : 0.9228, Test Loss: 0.7794
Epoch 149 / 400
Duration: 102s, Train Loss: 1.8532, Train Acc: 0.9144， Test Acc : 0.9169, Test Loss: 0.8724
Epoch 150 / 400
Duration: 102s, Train Loss: 1.8614, Train Acc: 0.9156， Test Acc : 0.9208, Test Loss: 0.8573
Epoch 151 / 400
Duration: 102s, Train Loss: 1.7696, Train Acc: 0.9182， Test Acc : 0.9246, Test Loss: 0.7787
Epoch 152 / 400
Duration: 104s, Train Loss: 1.6747, Train Acc: 0.9199， Test Acc : 0.9279, Test Loss: 0.7644
Epoch 153 / 400
Duration: 102s, Train Loss: 1.6714, Train Acc: 0.9255， Test Acc : 0.9225, Test Loss: 0.7905
Epoch 154 / 400
Duration: 102s, Train Loss: 1.6533, Train Acc: 0.9252， Test Acc : 0.9251, Test Loss: 0.7679
Epoch 155 / 400
Duration: 102s, Train Loss: 1.6847, Train Acc: 0.9240， Test Acc : 0.9233, Test Loss: 0.7792
Epoch 156 / 400
Duration: 102s, Train Loss: 1.6982, Train Acc: 0.9238， Test Acc : 0.9228, Test Loss: 0.7894
Epoch 157 / 400
Duration: 102s, Train Loss: 1.6689, Train Acc: 0.9228， Test Acc : 0.9251, Test Loss: 0.7758
Epoch 158 / 400
Duration: 102s, Train Loss: 1.6655, Train Acc: 0.9260， Test Acc : 0.9264, Test Loss: 0.7848
Epoch 159 / 400
Duration: 102s, Train Loss: 1.5598, Train Acc: 0.9298， Test Acc : 0.9208, Test Loss: 0.8524
Epoch 160 / 400
Duration: 102s, Train Loss: 1.5449, Train Acc: 0.9257， Test Acc : 0.9264, Test Loss: 0.8146
Epoch 161 / 400
Duration: 102s, Train Loss: 1.5706, Train Acc: 0.9260， Test Acc : 0.9190, Test Loss: 0.8593
Epoch 162 / 400
Duration: 102s, Train Loss: 1.6746, Train Acc: 0.9234， Test Acc : 0.9297, Test Loss: 0.7649
Epoch 163 / 400
Duration: 102s, Train Loss: 1.5353, Train Acc: 0.9279， Test Acc : 0.9238, Test Loss: 0.8044
Epoch 164 / 400
Duration: 102s, Train Loss: 1.6009, Train Acc: 0.9271， Test Acc : 0.9294, Test Loss: 0.7246
Epoch 165 / 400
Duration: 102s, Train Loss: 1.5447, Train Acc: 0.9295， Test Acc : 0.9312, Test Loss: 0.7568
Epoch 166 / 400
Duration: 102s, Train Loss: 1.4978, Train Acc: 0.9297， Test Acc : 0.9304, Test Loss: 0.7324
Epoch 167 / 400
Duration: 102s, Train Loss: 1.5809, Train Acc: 0.9276， Test Acc : 0.9310, Test Loss: 0.7786
Epoch 168 / 400
Duration: 102s, Train Loss: 1.5972, Train Acc: 0.9272， Test Acc : 0.9231, Test Loss: 0.8334
Epoch 169 / 400
Duration: 102s, Train Loss: 1.4614, Train Acc: 0.9328， Test Acc : 0.9282, Test Loss: 0.7459
Epoch 170 / 400
Duration: 102s, Train Loss: 1.5078, Train Acc: 0.9333， Test Acc : 0.9355, Test Loss: 0.6743
Epoch 171 / 400
Duration: 102s, Train Loss: 1.4791, Train Acc: 0.9323， Test Acc : 0.9182, Test Loss: 0.8146
Epoch 172 / 400
Duration: 102s, Train Loss: 1.4753, Train Acc: 0.9344， Test Acc : 0.9251, Test Loss: 0.8054
Epoch 173 / 400
Duration: 102s, Train Loss: 1.4682, Train Acc: 0.9344， Test Acc : 0.9289, Test Loss: 0.7441
Epoch 174 / 400
Duration: 102s, Train Loss: 1.5495, Train Acc: 0.9304， Test Acc : 0.9246, Test Loss: 0.7395
Epoch 175 / 400
Duration: 102s, Train Loss: 1.5432, Train Acc: 0.9296， Test Acc : 0.9292, Test Loss: 0.7207
Epoch 176 / 400
Duration: 104s, Train Loss: 1.4316, Train Acc: 0.9348， Test Acc : 0.9317, Test Loss: 0.7682
Epoch 177 / 400
Duration: 102s, Train Loss: 1.5790, Train Acc: 0.9287， Test Acc : 0.9180, Test Loss: 0.9042
Epoch 178 / 400
Duration: 102s, Train Loss: 1.6250, Train Acc: 0.9263， Test Acc : 0.9129, Test Loss: 0.9351
Epoch 179 / 400
Duration: 102s, Train Loss: 1.4561, Train Acc: 0.9327， Test Acc : 0.9292, Test Loss: 0.7567
Epoch 180 / 400
Duration: 102s, Train Loss: 1.4242, Train Acc: 0.9366， Test Acc : 0.9238, Test Loss: 0.8363
Epoch 181 / 400
Duration: 102s, Train Loss: 1.3115, Train Acc: 0.9421， Test Acc : 0.9236, Test Loss: 0.8141
Epoch 182 / 400
Duration: 102s, Train Loss: 1.4558, Train Acc: 0.9366， Test Acc : 0.9304, Test Loss: 0.7415
Epoch 183 / 400
Duration: 102s, Train Loss: 1.2747, Train Acc: 0.9410， Test Acc : 0.9269, Test Loss: 0.7944
Epoch 184 / 400
Duration: 102s, Train Loss: 1.4189, Train Acc: 0.9364， Test Acc : 0.9325, Test Loss: 0.7197
Epoch 185 / 400
Duration: 102s, Train Loss: 1.3405, Train Acc: 0.9398， Test Acc : 0.9304, Test Loss: 0.7434
Epoch 186 / 400
Duration: 102s, Train Loss: 1.3356, Train Acc: 0.9434， Test Acc : 0.9271, Test Loss: 0.7906
Epoch 187 / 400
Duration: 102s, Train Loss: 1.3209, Train Acc: 0.9403， Test Acc : 0.9302, Test Loss: 0.7959
Epoch 188 / 400
Duration: 102s, Train Loss: 1.5794, Train Acc: 0.9293， Test Acc : 0.9238, Test Loss: 0.8899
Epoch 189 / 400
Duration: 102s, Train Loss: 2.0222, Train Acc: 0.9131， Test Acc : 0.9118, Test Loss: 0.9664
Epoch 190 / 400
Duration: 102s, Train Loss: 1.6113, Train Acc: 0.9248， Test Acc : 0.9231, Test Loss: 0.7992
Epoch 191 / 400
Duration: 102s, Train Loss: 1.3425, Train Acc: 0.9391， Test Acc : 0.9254, Test Loss: 0.8166
Epoch 192 / 400
Duration: 103s, Train Loss: 1.3058, Train Acc: 0.9396， Test Acc : 0.9315, Test Loss: 0.7088
Epoch 193 / 400
Duration: 102s, Train Loss: 1.4097, Train Acc: 0.9372， Test Acc : 0.9304, Test Loss: 0.7339
Epoch 194 / 400
Duration: 102s, Train Loss: 1.2666, Train Acc: 0.9437， Test Acc : 0.9271, Test Loss: 0.7921
Epoch 195 / 400
Duration: 102s, Train Loss: 1.3240, Train Acc: 0.9411， Test Acc : 0.9205, Test Loss: 0.8775
Epoch 196 / 400
Duration: 102s, Train Loss: 1.3710, Train Acc: 0.9373， Test Acc : 0.9248, Test Loss: 0.8133
Epoch 197 / 400
Duration: 102s, Train Loss: 1.3453, Train Acc: 0.9381， Test Acc : 0.9233, Test Loss: 0.7986
Epoch 198 / 400
Duration: 104s, Train Loss: 1.2166, Train Acc: 0.9422， Test Acc : 0.9243, Test Loss: 0.8850
Epoch 199 / 400
Duration: 102s, Train Loss: 1.3377, Train Acc: 0.9430， Test Acc : 0.9228, Test Loss: 0.8842
Epoch 200 / 400
Duration: 102s, Train Loss: 1.2508, Train Acc: 0.9447， Test Acc : 0.9289, Test Loss: 0.7819
Epoch 201 / 400
Duration: 102s, Train Loss: 1.2803, Train Acc: 0.9419， Test Acc : 0.9348, Test Loss: 0.7528
Epoch 202 / 400
Duration: 102s, Train Loss: 1.1764, Train Acc: 0.9468， Test Acc : 0.9317, Test Loss: 0.7198
Epoch 203 / 400
Duration: 102s, Train Loss: 1.2420, Train Acc: 0.9446， Test Acc : 0.9266, Test Loss: 0.7706
Epoch 204 / 400
Duration: 102s, Train Loss: 1.1664, Train Acc: 0.9472， Test Acc : 0.9284, Test Loss: 0.7622
Epoch 205 / 400
Duration: 102s, Train Loss: 1.1817, Train Acc: 0.9462， Test Acc : 0.9376, Test Loss: 0.6953
Epoch 206 / 400
Duration: 102s, Train Loss: 1.1358, Train Acc: 0.9457， Test Acc : 0.9284, Test Loss: 0.7600
Epoch 207 / 400
Duration: 102s, Train Loss: 1.2655, Train Acc: 0.9436， Test Acc : 0.9304, Test Loss: 0.7360
Epoch 208 / 400
Duration: 102s, Train Loss: 1.3394, Train Acc: 0.9386， Test Acc : 0.9302, Test Loss: 0.7664
Epoch 209 / 400
Duration: 102s, Train Loss: 1.2652, Train Acc: 0.9438， Test Acc : 0.9304, Test Loss: 0.7656
Epoch 210 / 400
Duration: 102s, Train Loss: 1.1731, Train Acc: 0.9467， Test Acc : 0.9289, Test Loss: 0.8066
Epoch 211 / 400
Duration: 102s, Train Loss: 1.1864, Train Acc: 0.9491， Test Acc : 0.9302, Test Loss: 0.7614
Epoch 212 / 400
Duration: 102s, Train Loss: 1.2440, Train Acc: 0.9453， Test Acc : 0.9266, Test Loss: 0.7511
Epoch 213 / 400
Duration: 102s, Train Loss: 1.0714, Train Acc: 0.9524， Test Acc : 0.9338, Test Loss: 0.7459
Epoch 214 / 400
Duration: 102s, Train Loss: 1.0491, Train Acc: 0.9500， Test Acc : 0.9304, Test Loss: 0.7620
Epoch 215 / 400
Duration: 102s, Train Loss: 1.1762, Train Acc: 0.9484， Test Acc : 0.9332, Test Loss: 0.7210
Epoch 216 / 400
Duration: 102s, Train Loss: 1.1631, Train Acc: 0.9470， Test Acc : 0.9302, Test Loss: 0.7661
Epoch 217 / 400
Duration: 102s, Train Loss: 1.0507, Train Acc: 0.9536， Test Acc : 0.9307, Test Loss: 0.7283
Epoch 218 / 400
Duration: 102s, Train Loss: 1.0674, Train Acc: 0.9532， Test Acc : 0.9332, Test Loss: 0.7510
Epoch 219 / 400
Duration: 103s, Train Loss: 1.1464, Train Acc: 0.9474， Test Acc : 0.9343, Test Loss: 0.6888
Epoch 220 / 400
Duration: 102s, Train Loss: 1.0826, Train Acc: 0.9527， Test Acc : 0.9338, Test Loss: 0.7840
Epoch 221 / 400
Duration: 102s, Train Loss: 1.2618, Train Acc: 0.9431， Test Acc : 0.9317, Test Loss: 0.7541
Epoch 222 / 400
Duration: 102s, Train Loss: 1.0373, Train Acc: 0.9518， Test Acc : 0.9297, Test Loss: 0.7840
Epoch 223 / 400
Duration: 102s, Train Loss: 1.1336, Train Acc: 0.9512， Test Acc : 0.9350, Test Loss: 0.7209
Epoch 224 / 400
Duration: 102s, Train Loss: 1.0744, Train Acc: 0.9514， Test Acc : 0.9297, Test Loss: 0.7858
Epoch 225 / 400
Duration: 102s, Train Loss: 1.0599, Train Acc: 0.9514， Test Acc : 0.9338, Test Loss: 0.7455
Epoch 226 / 400
Duration: 102s, Train Loss: 0.9920, Train Acc: 0.9567， Test Acc : 0.9376, Test Loss: 0.7294
Epoch 227 / 400
Duration: 102s, Train Loss: 1.1517, Train Acc: 0.9491， Test Acc : 0.9236, Test Loss: 0.9176
Epoch 228 / 400
Duration: 102s, Train Loss: 1.2193, Train Acc: 0.9451， Test Acc : 0.9332, Test Loss: 0.7759
Epoch 229 / 400
Duration: 102s, Train Loss: 1.1408, Train Acc: 0.9498， Test Acc : 0.9282, Test Loss: 0.8304
Epoch 230 / 400
Duration: 102s, Train Loss: 1.0376, Train Acc: 0.9513， Test Acc : 0.9322, Test Loss: 0.7785
Epoch 231 / 400
Duration: 104s, Train Loss: 1.0943, Train Acc: 0.9509， Test Acc : 0.9282, Test Loss: 0.8763
Epoch 232 / 400
Duration: 102s, Train Loss: 1.0050, Train Acc: 0.9564， Test Acc : 0.9376, Test Loss: 0.7059
Epoch 233 / 400
Duration: 102s, Train Loss: 1.0489, Train Acc: 0.9525， Test Acc : 0.9350, Test Loss: 0.7443
Epoch 234 / 400
Duration: 102s, Train Loss: 1.1082, Train Acc: 0.9512， Test Acc : 0.9343, Test Loss: 0.7303
Epoch 235 / 400
Duration: 103s, Train Loss: 1.0245, Train Acc: 0.9542， Test Acc : 0.9361, Test Loss: 0.7353
Epoch 236 / 400
Duration: 102s, Train Loss: 0.9654, Train Acc: 0.9556， Test Acc : 0.9361, Test Loss: 0.7163
Epoch 237 / 400
Duration: 102s, Train Loss: 1.0050, Train Acc: 0.9563， Test Acc : 0.9368, Test Loss: 0.7258
Epoch 238 / 400
Duration: 102s, Train Loss: 1.0486, Train Acc: 0.9512， Test Acc : 0.9383, Test Loss: 0.6845
Epoch 239 / 400
Duration: 102s, Train Loss: 0.9979, Train Acc: 0.9551， Test Acc : 0.9361, Test Loss: 0.7087
Epoch 240 / 400
Duration: 102s, Train Loss: 0.8574, Train Acc: 0.9611， Test Acc : 0.9368, Test Loss: 0.7104
Epoch 241 / 400
Duration: 102s, Train Loss: 0.9562, Train Acc: 0.9585， Test Acc : 0.9411, Test Loss: 0.7139
Epoch 242 / 400
Duration: 102s, Train Loss: 0.8956, Train Acc: 0.9588， Test Acc : 0.9373, Test Loss: 0.7052
Epoch 243 / 400
Duration: 102s, Train Loss: 1.0161, Train Acc: 0.9552， Test Acc : 0.9317, Test Loss: 0.7372
Epoch 244 / 400
Duration: 102s, Train Loss: 0.9301, Train Acc: 0.9579， Test Acc : 0.9391, Test Loss: 0.7181
Epoch 245 / 400
Duration: 102s, Train Loss: 0.9720, Train Acc: 0.9566， Test Acc : 0.9368, Test Loss: 0.7207
Epoch 246 / 400
Duration: 103s, Train Loss: 0.9646, Train Acc: 0.9565， Test Acc : 0.9335, Test Loss: 0.7381
Epoch 247 / 400
Duration: 103s, Train Loss: 0.8940, Train Acc: 0.9594， Test Acc : 0.9345, Test Loss: 0.7288
Epoch 248 / 400
Duration: 102s, Train Loss: 0.9015, Train Acc: 0.9597， Test Acc : 0.9376, Test Loss: 0.7092
Epoch 249 / 400
Duration: 102s, Train Loss: 0.9167, Train Acc: 0.9558， Test Acc : 0.9401, Test Loss: 0.7032
Epoch 250 / 400
Duration: 102s, Train Loss: 0.9432, Train Acc: 0.9583， Test Acc : 0.9312, Test Loss: 0.7563
Epoch 251 / 400
Duration: 102s, Train Loss: 0.9221, Train Acc: 0.9579， Test Acc : 0.9368, Test Loss: 0.7276
Epoch 252 / 400
Duration: 102s, Train Loss: 0.9611, Train Acc: 0.9572， Test Acc : 0.9389, Test Loss: 0.7082
Epoch 253 / 400
Duration: 102s, Train Loss: 0.9286, Train Acc: 0.9569， Test Acc : 0.9312, Test Loss: 0.7680
Epoch 254 / 400
Duration: 102s, Train Loss: 0.8824, Train Acc: 0.9612， Test Acc : 0.9389, Test Loss: 0.7102
Epoch 255 / 400
Duration: 102s, Train Loss: 0.7911, Train Acc: 0.9623， Test Acc : 0.9338, Test Loss: 0.7532
Epoch 256 / 400
Duration: 102s, Train Loss: 0.9315, Train Acc: 0.9573， Test Acc : 0.9396, Test Loss: 0.7284
Epoch 257 / 400
Duration: 102s, Train Loss: 0.9086, Train Acc: 0.9594， Test Acc : 0.9343, Test Loss: 0.7807
Epoch 258 / 400
Duration: 102s, Train Loss: 0.9170, Train Acc: 0.9575， Test Acc : 0.9389, Test Loss: 0.7555
Epoch 259 / 400
Duration: 103s, Train Loss: 0.8523, Train Acc: 0.9627， Test Acc : 0.9332, Test Loss: 0.7958
Epoch 260 / 400
Duration: 102s, Train Loss: 0.8610, Train Acc: 0.9588， Test Acc : 0.9350, Test Loss: 0.7570
Epoch 261 / 400
Duration: 102s, Train Loss: 0.7929, Train Acc: 0.9642， Test Acc : 0.9340, Test Loss: 0.7669
Epoch 262 / 400
Duration: 102s, Train Loss: 0.8973, Train Acc: 0.9599， Test Acc : 0.9327, Test Loss: 0.8644
Epoch 263 / 400
Duration: 102s, Train Loss: 0.9250, Train Acc: 0.9582， Test Acc : 0.9391, Test Loss: 0.8121
Epoch 264 / 400
Duration: 102s, Train Loss: 0.8568, Train Acc: 0.9616， Test Acc : 0.9353, Test Loss: 0.8280
Epoch 265 / 400
Duration: 102s, Train Loss: 0.8288, Train Acc: 0.9621， Test Acc : 0.9361, Test Loss: 0.8093
Epoch 266 / 400
Duration: 102s, Train Loss: 0.8145, Train Acc: 0.9630， Test Acc : 0.9401, Test Loss: 0.7666
Epoch 267 / 400
Duration: 102s, Train Loss: 0.8524, Train Acc: 0.9618， Test Acc : 0.9406, Test Loss: 0.7153
Epoch 268 / 400
Duration: 104s, Train Loss: 0.8826, Train Acc: 0.9591， Test Acc : 0.9381, Test Loss: 0.7338
Epoch 269 / 400
Duration: 102s, Train Loss: 0.8097, Train Acc: 0.9643， Test Acc : 0.9401, Test Loss: 0.7001
Epoch 270 / 400
Duration: 102s, Train Loss: 0.7622, Train Acc: 0.9658， Test Acc : 0.9361, Test Loss: 0.7594
Epoch 271 / 400
Duration: 102s, Train Loss: 0.8248, Train Acc: 0.9625， Test Acc : 0.9368, Test Loss: 0.7911
Epoch 272 / 400
Duration: 102s, Train Loss: 0.7966, Train Acc: 0.9649， Test Acc : 0.9358, Test Loss: 0.7490
Epoch 273 / 400
Duration: 102s, Train Loss: 0.7892, Train Acc: 0.9646， Test Acc : 0.9417, Test Loss: 0.7460
Epoch 274 / 400
Duration: 102s, Train Loss: 0.7967, Train Acc: 0.9657， Test Acc : 0.9376, Test Loss: 0.7333
Epoch 275 / 400
Duration: 103s, Train Loss: 0.7594, Train Acc: 0.9659， Test Acc : 0.9371, Test Loss: 0.7441
Epoch 276 / 400
Duration: 102s, Train Loss: 0.7663, Train Acc: 0.9649， Test Acc : 0.9391, Test Loss: 0.7602
Epoch 277 / 400
Duration: 102s, Train Loss: 0.7834, Train Acc: 0.9642， Test Acc : 0.9376, Test Loss: 0.7175
Epoch 278 / 400
Duration: 102s, Train Loss: 0.7271, Train Acc: 0.9672， Test Acc : 0.9401, Test Loss: 0.7245
Epoch 279 / 400
Duration: 102s, Train Loss: 0.7954, Train Acc: 0.9618， Test Acc : 0.9355, Test Loss: 0.7474
Epoch 280 / 400
Duration: 102s, Train Loss: 0.7948, Train Acc: 0.9642， Test Acc : 0.9373, Test Loss: 0.7467
Epoch 281 / 400
Duration: 102s, Train Loss: 0.7250, Train Acc: 0.9665， Test Acc : 0.9378, Test Loss: 0.7327
Epoch 282 / 400
Duration: 102s, Train Loss: 0.7367, Train Acc: 0.9668， Test Acc : 0.9358, Test Loss: 0.7075
Epoch 283 / 400
Duration: 102s, Train Loss: 0.7416, Train Acc: 0.9656， Test Acc : 0.9419, Test Loss: 0.6871
Epoch 284 / 400
Duration: 102s, Train Loss: 0.6879, Train Acc: 0.9685， Test Acc : 0.9353, Test Loss: 0.7447
Epoch 285 / 400
Duration: 102s, Train Loss: 0.8234, Train Acc: 0.9635， Test Acc : 0.9404, Test Loss: 0.7612
Epoch 286 / 400
Duration: 102s, Train Loss: 0.7848, Train Acc: 0.9639， Test Acc : 0.9363, Test Loss: 0.7436
Epoch 287 / 400
Duration: 102s, Train Loss: 0.8050, Train Acc: 0.9644， Test Acc : 0.9399, Test Loss: 0.7100
Epoch 288 / 400
Duration: 102s, Train Loss: 0.6752, Train Acc: 0.9703， Test Acc : 0.9401, Test Loss: 0.6835
Epoch 289 / 400
Duration: 102s, Train Loss: 0.7144, Train Acc: 0.9671， Test Acc : 0.9386, Test Loss: 0.7137
Epoch 290 / 400
Duration: 102s, Train Loss: 0.6588, Train Acc: 0.9714， Test Acc : 0.9391, Test Loss: 0.7157
Epoch 291 / 400
Duration: 102s, Train Loss: 0.7103, Train Acc: 0.9682， Test Acc : 0.9373, Test Loss: 0.7794
Epoch 292 / 400
Duration: 102s, Train Loss: 0.7284, Train Acc: 0.9678， Test Acc : 0.9358, Test Loss: 0.7804
Epoch 293 / 400
Duration: 102s, Train Loss: 0.7027, Train Acc: 0.9672， Test Acc : 0.9396, Test Loss: 0.7292
Epoch 294 / 400
Duration: 102s, Train Loss: 0.6398, Train Acc: 0.9716， Test Acc : 0.9383, Test Loss: 0.7627
Epoch 295 / 400
Duration: 102s, Train Loss: 0.8342, Train Acc: 0.9627， Test Acc : 0.9394, Test Loss: 0.7182
Epoch 296 / 400
Duration: 102s, Train Loss: 0.7674, Train Acc: 0.9661， Test Acc : 0.9386, Test Loss: 0.7126
Epoch 297 / 400
Duration: 102s, Train Loss: 0.6919, Train Acc: 0.9694， Test Acc : 0.9396, Test Loss: 0.7476
Epoch 298 / 400
Duration: 102s, Train Loss: 0.7183, Train Acc: 0.9647， Test Acc : 0.9424, Test Loss: 0.7006
Epoch 299 / 400
Duration: 103s, Train Loss: 0.6874, Train Acc: 0.9703， Test Acc : 0.9417, Test Loss: 0.6908
Epoch 300 / 400
Duration: 102s, Train Loss: 0.7622, Train Acc: 0.9659， Test Acc : 0.9409, Test Loss: 0.6866
Epoch 301 / 400
Duration: 103s, Train Loss: 0.6085, Train Acc: 0.9732， Test Acc : 0.9427, Test Loss: 0.6727
Epoch 302 / 400
Duration: 102s, Train Loss: 0.6080, Train Acc: 0.9725， Test Acc : 0.9422, Test Loss: 0.6570
Epoch 303 / 400
Duration: 102s, Train Loss: 0.6871, Train Acc: 0.9694， Test Acc : 0.9411, Test Loss: 0.7035
Epoch 304 / 400
Duration: 102s, Train Loss: 0.6683, Train Acc: 0.9685， Test Acc : 0.9406, Test Loss: 0.6950
Epoch 305 / 400
Duration: 102s, Train Loss: 0.6938, Train Acc: 0.9691， Test Acc : 0.9383, Test Loss: 0.6964
Epoch 306 / 400
Duration: 102s, Train Loss: 0.6473, Train Acc: 0.9704， Test Acc : 0.9414, Test Loss: 0.6995
Epoch 307 / 400
Duration: 102s, Train Loss: 0.6437, Train Acc: 0.9711， Test Acc : 0.9429, Test Loss: 0.6802
Epoch 308 / 400
Duration: 102s, Train Loss: 0.6176, Train Acc: 0.9703， Test Acc : 0.9386, Test Loss: 0.6944
Epoch 309 / 400
Duration: 102s, Train Loss: 0.6642, Train Acc: 0.9707， Test Acc : 0.9411, Test Loss: 0.7199
Epoch 310 / 400
Duration: 102s, Train Loss: 0.6557, Train Acc: 0.9699， Test Acc : 0.9389, Test Loss: 0.7107
Epoch 311 / 400
Duration: 102s, Train Loss: 0.6850, Train Acc: 0.9697， Test Acc : 0.9401, Test Loss: 0.6851
Epoch 312 / 400
Duration: 102s, Train Loss: 0.6730, Train Acc: 0.9690， Test Acc : 0.9406, Test Loss: 0.6970
Epoch 313 / 400
Duration: 102s, Train Loss: 0.6821, Train Acc: 0.9705， Test Acc : 0.9371, Test Loss: 0.6994
Epoch 314 / 400
Duration: 102s, Train Loss: 0.5736, Train Acc: 0.9760， Test Acc : 0.9429, Test Loss: 0.7134
Epoch 315 / 400
Duration: 102s, Train Loss: 0.6617, Train Acc: 0.9709， Test Acc : 0.9373, Test Loss: 0.7153
Epoch 316 / 400
Duration: 102s, Train Loss: 0.6257, Train Acc: 0.9731， Test Acc : 0.9373, Test Loss: 0.6971
Epoch 317 / 400
Duration: 102s, Train Loss: 0.6373, Train Acc: 0.9706， Test Acc : 0.9401, Test Loss: 0.7097
Epoch 318 / 400
Duration: 102s, Train Loss: 0.6594, Train Acc: 0.9710， Test Acc : 0.9396, Test Loss: 0.6891
Epoch 319 / 400
Duration: 102s, Train Loss: 0.6713, Train Acc: 0.9699， Test Acc : 0.9414, Test Loss: 0.6893
Epoch 320 / 400
Duration: 102s, Train Loss: 0.6003, Train Acc: 0.9716， Test Acc : 0.9389, Test Loss: 0.6523
Epoch 321 / 400
Duration: 102s, Train Loss: 0.6890, Train Acc: 0.9714， Test Acc : 0.9424, Test Loss: 0.6693
Epoch 322 / 400
Duration: 102s, Train Loss: 0.6340, Train Acc: 0.9720， Test Acc : 0.9437, Test Loss: 0.6678
Epoch 323 / 400
Duration: 102s, Train Loss: 0.5937, Train Acc: 0.9732， Test Acc : 0.9406, Test Loss: 0.6870
Epoch 324 / 400
Duration: 102s, Train Loss: 0.6683, Train Acc: 0.9706， Test Acc : 0.9414, Test Loss: 0.7012
Epoch 325 / 400
Duration: 102s, Train Loss: 0.5997, Train Acc: 0.9720， Test Acc : 0.9373, Test Loss: 0.7112
Epoch 326 / 400
Duration: 102s, Train Loss: 0.6521, Train Acc: 0.9712， Test Acc : 0.9406, Test Loss: 0.6644
Epoch 327 / 400
Duration: 102s, Train Loss: 0.6039, Train Acc: 0.9735， Test Acc : 0.9409, Test Loss: 0.6734
Epoch 328 / 400
Duration: 102s, Train Loss: 0.6579, Train Acc: 0.9705， Test Acc : 0.9396, Test Loss: 0.6792
Epoch 329 / 400
Duration: 102s, Train Loss: 0.5576, Train Acc: 0.9753， Test Acc : 0.9391, Test Loss: 0.6987
Epoch 330 / 400
Duration: 102s, Train Loss: 0.5683, Train Acc: 0.9743， Test Acc : 0.9414, Test Loss: 0.6944
Epoch 331 / 400
Duration: 102s, Train Loss: 0.5424, Train Acc: 0.9771， Test Acc : 0.9427, Test Loss: 0.6536
Epoch 332 / 400
Duration: 102s, Train Loss: 0.5890, Train Acc: 0.9734， Test Acc : 0.9429, Test Loss: 0.6719
Epoch 333 / 400
Duration: 104s, Train Loss: 0.5809, Train Acc: 0.9733， Test Acc : 0.9424, Test Loss: 0.7058
Epoch 334 / 400
Duration: 102s, Train Loss: 0.5513, Train Acc: 0.9751， Test Acc : 0.9434, Test Loss: 0.6884
Epoch 335 / 400
Duration: 102s, Train Loss: 0.5455, Train Acc: 0.9762， Test Acc : 0.9422, Test Loss: 0.6999
Epoch 336 / 400
Duration: 102s, Train Loss: 0.5388, Train Acc: 0.9764， Test Acc : 0.9437, Test Loss: 0.6975
Epoch 337 / 400
Duration: 103s, Train Loss: 0.5457, Train Acc: 0.9738， Test Acc : 0.9386, Test Loss: 0.7057
Epoch 338 / 400
Duration: 102s, Train Loss: 0.5694, Train Acc: 0.9748， Test Acc : 0.9437, Test Loss: 0.6812
Epoch 339 / 400
Duration: 102s, Train Loss: 0.5299, Train Acc: 0.9766， Test Acc : 0.9439, Test Loss: 0.6936
Epoch 340 / 400
Duration: 102s, Train Loss: 0.5685, Train Acc: 0.9738， Test Acc : 0.9429, Test Loss: 0.6784
Epoch 341 / 400
Duration: 102s, Train Loss: 0.6238, Train Acc: 0.9712， Test Acc : 0.9417, Test Loss: 0.6933
Epoch 342 / 400
Duration: 103s, Train Loss: 0.5362, Train Acc: 0.9752， Test Acc : 0.9445, Test Loss: 0.6655
Epoch 343 / 400
Duration: 102s, Train Loss: 0.5386, Train Acc: 0.9749， Test Acc : 0.9411, Test Loss: 0.6754
Epoch 344 / 400
Duration: 102s, Train Loss: 0.5314, Train Acc: 0.9751， Test Acc : 0.9429, Test Loss: 0.6947
Epoch 345 / 400
Duration: 102s, Train Loss: 0.5454, Train Acc: 0.9764， Test Acc : 0.9445, Test Loss: 0.6544
Epoch 346 / 400
Duration: 103s, Train Loss: 0.5004, Train Acc: 0.9773， Test Acc : 0.9432, Test Loss: 0.6894
Epoch 347 / 400
Duration: 102s, Train Loss: 0.5250, Train Acc: 0.9767， Test Acc : 0.9404, Test Loss: 0.7136
Epoch 348 / 400
Duration: 102s, Train Loss: 0.4702, Train Acc: 0.9779， Test Acc : 0.9409, Test Loss: 0.7366
Epoch 349 / 400
Duration: 102s, Train Loss: 0.5687, Train Acc: 0.9750， Test Acc : 0.9417, Test Loss: 0.7308
Epoch 350 / 400
Duration: 102s, Train Loss: 0.5892, Train Acc: 0.9735， Test Acc : 0.9424, Test Loss: 0.7123
Epoch 351 / 400
Duration: 102s, Train Loss: 0.5538, Train Acc: 0.9753， Test Acc : 0.9396, Test Loss: 0.7176
Epoch 352 / 400
Duration: 102s, Train Loss: 0.5872, Train Acc: 0.9731， Test Acc : 0.9401, Test Loss: 0.7099
Epoch 353 / 400
Duration: 102s, Train Loss: 0.5214, Train Acc: 0.9771， Test Acc : 0.9409, Test Loss: 0.7165
Epoch 354 / 400
Duration: 102s, Train Loss: 0.5313, Train Acc: 0.9753， Test Acc : 0.9411, Test Loss: 0.6936
Epoch 355 / 400
Duration: 102s, Train Loss: 0.5428, Train Acc: 0.9752， Test Acc : 0.9419, Test Loss: 0.6877
Epoch 356 / 400
Duration: 102s, Train Loss: 0.5571, Train Acc: 0.9739， Test Acc : 0.9394, Test Loss: 0.7175
Epoch 357 / 400
Duration: 102s, Train Loss: 0.5022, Train Acc: 0.9778， Test Acc : 0.9391, Test Loss: 0.7186
Epoch 358 / 400
Duration: 103s, Train Loss: 0.5114, Train Acc: 0.9772， Test Acc : 0.9424, Test Loss: 0.6959
Epoch 359 / 400
Duration: 102s, Train Loss: 0.4492, Train Acc: 0.9796， Test Acc : 0.9411, Test Loss: 0.7010
Epoch 360 / 400
Duration: 102s, Train Loss: 0.4983, Train Acc: 0.9754， Test Acc : 0.9401, Test Loss: 0.6912
Epoch 361 / 400
Duration: 102s, Train Loss: 0.6177, Train Acc: 0.9722， Test Acc : 0.9401, Test Loss: 0.6960
Epoch 362 / 400
Duration: 102s, Train Loss: 0.4506, Train Acc: 0.9799， Test Acc : 0.9424, Test Loss: 0.6899
Epoch 363 / 400
Duration: 103s, Train Loss: 0.5232, Train Acc: 0.9763， Test Acc : 0.9429, Test Loss: 0.6966
Epoch 364 / 400
Duration: 102s, Train Loss: 0.5198, Train Acc: 0.9767， Test Acc : 0.9414, Test Loss: 0.6921
Epoch 365 / 400
Duration: 104s, Train Loss: 0.5480, Train Acc: 0.9747， Test Acc : 0.9429, Test Loss: 0.6723
Epoch 366 / 400
Duration: 102s, Train Loss: 0.5554, Train Acc: 0.9750， Test Acc : 0.9422, Test Loss: 0.6811
Epoch 367 / 400
Duration: 102s, Train Loss: 0.5257, Train Acc: 0.9759， Test Acc : 0.9414, Test Loss: 0.6975
Epoch 368 / 400
Duration: 102s, Train Loss: 0.5688, Train Acc: 0.9739， Test Acc : 0.9411, Test Loss: 0.7009
Epoch 369 / 400
Duration: 101s, Train Loss: 0.5282, Train Acc: 0.9773， Test Acc : 0.9429, Test Loss: 0.7032
Epoch 370 / 400
Duration: 104s, Train Loss: 0.5493, Train Acc: 0.9751， Test Acc : 0.9422, Test Loss: 0.6925
Epoch 371 / 400
Duration: 102s, Train Loss: 0.5199, Train Acc: 0.9768， Test Acc : 0.9442, Test Loss: 0.6801
Epoch 372 / 400
Duration: 102s, Train Loss: 0.4926, Train Acc: 0.9790， Test Acc : 0.9417, Test Loss: 0.6898
Epoch 373 / 400
Duration: 102s, Train Loss: 0.5012, Train Acc: 0.9775， Test Acc : 0.9427, Test Loss: 0.7002
Epoch 374 / 400
Duration: 103s, Train Loss: 0.4962, Train Acc: 0.9754， Test Acc : 0.9419, Test Loss: 0.6978
Epoch 375 / 400
Duration: 103s, Train Loss: 0.5093, Train Acc: 0.9774， Test Acc : 0.9406, Test Loss: 0.6918
Epoch 376 / 400
Duration: 102s, Train Loss: 0.4647, Train Acc: 0.9768， Test Acc : 0.9417, Test Loss: 0.6895
Epoch 377 / 400
Duration: 103s, Train Loss: 0.5065, Train Acc: 0.9774， Test Acc : 0.9406, Test Loss: 0.6942
Epoch 378 / 400
Duration: 103s, Train Loss: 0.5255, Train Acc: 0.9759， Test Acc : 0.9406, Test Loss: 0.7079
Epoch 379 / 400
Duration: 103s, Train Loss: 0.4913, Train Acc: 0.9769， Test Acc : 0.9417, Test Loss: 0.7007
Epoch 380 / 400
Duration: 102s, Train Loss: 0.4687, Train Acc: 0.9792， Test Acc : 0.9409, Test Loss: 0.7034
Epoch 381 / 400
Duration: 102s, Train Loss: 0.4881, Train Acc: 0.9764， Test Acc : 0.9424, Test Loss: 0.6841
Epoch 382 / 400
Duration: 103s, Train Loss: 0.4543, Train Acc: 0.9789， Test Acc : 0.9409, Test Loss: 0.6933
Epoch 383 / 400
Duration: 103s, Train Loss: 0.5208, Train Acc: 0.9762， Test Acc : 0.9439, Test Loss: 0.6892
Epoch 384 / 400
Duration: 102s, Train Loss: 0.4819, Train Acc: 0.9789， Test Acc : 0.9427, Test Loss: 0.6916
Epoch 385 / 400
Duration: 102s, Train Loss: 0.4763, Train Acc: 0.9784， Test Acc : 0.9411, Test Loss: 0.6896
Epoch 386 / 400
Duration: 102s, Train Loss: 0.4865, Train Acc: 0.9774， Test Acc : 0.9411, Test Loss: 0.6876
Epoch 387 / 400
Duration: 102s, Train Loss: 0.5176, Train Acc: 0.9770， Test Acc : 0.9424, Test Loss: 0.6889
Epoch 388 / 400
Duration: 103s, Train Loss: 0.4036, Train Acc: 0.9818， Test Acc : 0.9422, Test Loss: 0.6920
Epoch 389 / 400
Duration: 102s, Train Loss: 0.5214, Train Acc: 0.9770， Test Acc : 0.9427, Test Loss: 0.6896
Epoch 390 / 400
Duration: 104s, Train Loss: 0.5034, Train Acc: 0.9779， Test Acc : 0.9409, Test Loss: 0.6907
Epoch 391 / 400
Duration: 102s, Train Loss: 0.4979, Train Acc: 0.9770， Test Acc : 0.9422, Test Loss: 0.7009
Epoch 392 / 400
Duration: 102s, Train Loss: 0.4757, Train Acc: 0.9805， Test Acc : 0.9422, Test Loss: 0.6864
Epoch 393 / 400
Duration: 102s, Train Loss: 0.4916, Train Acc: 0.9770， Test Acc : 0.9422, Test Loss: 0.6938
Epoch 394 / 400
Duration: 102s, Train Loss: 0.4391, Train Acc: 0.9824， Test Acc : 0.9422, Test Loss: 0.6852
Epoch 395 / 400
Duration: 102s, Train Loss: 0.4513, Train Acc: 0.9794， Test Acc : 0.9419, Test Loss: 0.6787
Epoch 396 / 400
Duration: 102s, Train Loss: 0.4694, Train Acc: 0.9791， Test Acc : 0.9424, Test Loss: 0.6832
Epoch 397 / 400
Duration: 102s, Train Loss: 0.4844, Train Acc: 0.9778， Test Acc : 0.9424, Test Loss: 0.6848
Epoch 398 / 400
Duration: 102s, Train Loss: 0.4429, Train Acc: 0.9796， Test Acc : 0.9439, Test Loss: 0.6947
Epoch 399 / 400
Duration: 102s, Train Loss: 0.4765, Train Acc: 0.9790， Test Acc : 0.9419, Test Loss: 0.6913
Total Time:41014s
Best Accuracy of the network on the test images: 94.4459 %
Best epoch: 342
