nohup: ignoring input
Ranger optimizer loaded. 
Gradient Centralization usage = True
GC applied to both conv and fc layers
Epoch 0 / 200
Duration: 36s, Train Loss: 13.7077, Train Acc: 0.3270， Test Acc : 0.5246, Test Loss: 4.4695
Epoch 1 / 200
Duration: 36s, Train Loss: 10.7897, Train Acc: 0.4853， Test Acc : 0.5294, Test Loss: 4.3239
Epoch 2 / 200
Duration: 36s, Train Loss: 9.8856, Train Acc: 0.5334， Test Acc : 0.6369, Test Loss: 3.4186
Epoch 3 / 200
Duration: 36s, Train Loss: 9.3061, Train Acc: 0.5673， Test Acc : 0.5913, Test Loss: 3.7499
Epoch 4 / 200
Duration: 36s, Train Loss: 8.7667, Train Acc: 0.5933， Test Acc : 0.6736, Test Loss: 3.0106
Epoch 5 / 200
Duration: 37s, Train Loss: 8.2683, Train Acc: 0.6232， Test Acc : 0.7434, Test Loss: 2.4289
Epoch 6 / 200
Duration: 37s, Train Loss: 7.7670, Train Acc: 0.6478， Test Acc : 0.6920, Test Loss: 2.9881
Epoch 7 / 200
Duration: 36s, Train Loss: 7.2315, Train Acc: 0.6694， Test Acc : 0.7544, Test Loss: 2.3335
Epoch 8 / 200
Duration: 37s, Train Loss: 7.1325, Train Acc: 0.6759， Test Acc : 0.7625, Test Loss: 2.1942
Epoch 9 / 200
Duration: 38s, Train Loss: 6.9522, Train Acc: 0.6824， Test Acc : 0.7610, Test Loss: 2.2748
Epoch 10 / 200
Duration: 36s, Train Loss: 6.6349, Train Acc: 0.6982， Test Acc : 0.7732, Test Loss: 2.1091
Epoch 11 / 200
Duration: 36s, Train Loss: 6.4967, Train Acc: 0.7051， Test Acc : 0.8061, Test Loss: 1.8579
Epoch 12 / 200
Duration: 36s, Train Loss: 6.2719, Train Acc: 0.7174， Test Acc : 0.7411, Test Loss: 2.4341
Epoch 13 / 200
Duration: 36s, Train Loss: 6.0767, Train Acc: 0.7223， Test Acc : 0.7755, Test Loss: 2.0402
Epoch 14 / 200
Duration: 36s, Train Loss: 6.1012, Train Acc: 0.7206， Test Acc : 0.8025, Test Loss: 1.8509
Epoch 15 / 200
Duration: 36s, Train Loss: 5.7538, Train Acc: 0.7374， Test Acc : 0.8054, Test Loss: 1.8626
Epoch 16 / 200
Duration: 36s, Train Loss: 5.5281, Train Acc: 0.7465， Test Acc : 0.8247, Test Loss: 1.6307
Epoch 17 / 200
Duration: 37s, Train Loss: 5.4480, Train Acc: 0.7550， Test Acc : 0.8222, Test Loss: 1.6646
Epoch 18 / 200
Duration: 37s, Train Loss: 5.3629, Train Acc: 0.7600， Test Acc : 0.7885, Test Loss: 1.9672
Epoch 19 / 200
Duration: 36s, Train Loss: 5.2460, Train Acc: 0.7581， Test Acc : 0.8237, Test Loss: 1.6567
Epoch 20 / 200
Duration: 36s, Train Loss: 4.9485, Train Acc: 0.7791， Test Acc : 0.8425, Test Loss: 1.5023
Epoch 21 / 200
Duration: 38s, Train Loss: 5.0654, Train Acc: 0.7686， Test Acc : 0.8125, Test Loss: 1.8076
Epoch 22 / 200
Duration: 36s, Train Loss: 4.8870, Train Acc: 0.7797， Test Acc : 0.8247, Test Loss: 1.6470
Epoch 23 / 200
Duration: 36s, Train Loss: 4.8355, Train Acc: 0.7838， Test Acc : 0.8527, Test Loss: 1.3861
Epoch 24 / 200
Duration: 36s, Train Loss: 4.6143, Train Acc: 0.7915， Test Acc : 0.8438, Test Loss: 1.4200
Epoch 25 / 200
Duration: 37s, Train Loss: 4.6228, Train Acc: 0.7883， Test Acc : 0.8555, Test Loss: 1.3886
Epoch 26 / 200
Duration: 36s, Train Loss: 4.5116, Train Acc: 0.7952， Test Acc : 0.8637, Test Loss: 1.2748
Epoch 27 / 200
Duration: 36s, Train Loss: 4.4350, Train Acc: 0.7971， Test Acc : 0.8494, Test Loss: 1.3877
Epoch 28 / 200
Duration: 36s, Train Loss: 4.4173, Train Acc: 0.8041， Test Acc : 0.8632, Test Loss: 1.2969
Epoch 29 / 200
Duration: 36s, Train Loss: 4.1909, Train Acc: 0.8080， Test Acc : 0.8680, Test Loss: 1.2069
Epoch 30 / 200
Duration: 36s, Train Loss: 4.2226, Train Acc: 0.8050， Test Acc : 0.8502, Test Loss: 1.4279
Epoch 31 / 200
Duration: 37s, Train Loss: 4.0760, Train Acc: 0.8127， Test Acc : 0.8639, Test Loss: 1.2786
Epoch 32 / 200
Duration: 37s, Train Loss: 3.9831, Train Acc: 0.8179， Test Acc : 0.8729, Test Loss: 1.1985
Epoch 33 / 200
Duration: 38s, Train Loss: 3.9953, Train Acc: 0.8199， Test Acc : 0.8561, Test Loss: 1.3419
Epoch 34 / 200
Duration: 36s, Train Loss: 3.7977, Train Acc: 0.8298， Test Acc : 0.8721, Test Loss: 1.2136
Epoch 35 / 200
Duration: 36s, Train Loss: 3.7723, Train Acc: 0.8272， Test Acc : 0.8846, Test Loss: 1.1109
Epoch 36 / 200
Duration: 36s, Train Loss: 3.7094, Train Acc: 0.8297， Test Acc : 0.8609, Test Loss: 1.3535
Epoch 37 / 200
Duration: 36s, Train Loss: 3.6966, Train Acc: 0.8303， Test Acc : 0.8764, Test Loss: 1.1376
Epoch 38 / 200
Duration: 36s, Train Loss: 3.5861, Train Acc: 0.8344， Test Acc : 0.8915, Test Loss: 1.0798
Epoch 39 / 200
Duration: 36s, Train Loss: 3.6286, Train Acc: 0.8320， Test Acc : 0.8662, Test Loss: 1.2550
Epoch 40 / 200
Duration: 37s, Train Loss: 3.4651, Train Acc: 0.8406， Test Acc : 0.8790, Test Loss: 1.1550
Epoch 41 / 200
Duration: 36s, Train Loss: 3.4711, Train Acc: 0.8425， Test Acc : 0.8846, Test Loss: 1.1022
Epoch 42 / 200
Duration: 36s, Train Loss: 3.3945, Train Acc: 0.8434， Test Acc : 0.8718, Test Loss: 1.2379
Epoch 43 / 200
Duration: 36s, Train Loss: 3.3413, Train Acc: 0.8471， Test Acc : 0.8813, Test Loss: 1.0824
Epoch 44 / 200
Duration: 36s, Train Loss: 3.3290, Train Acc: 0.8444， Test Acc : 0.8915, Test Loss: 1.0486
Epoch 45 / 200
Duration: 38s, Train Loss: 3.2227, Train Acc: 0.8509， Test Acc : 0.8833, Test Loss: 1.0794
Epoch 46 / 200
Duration: 36s, Train Loss: 3.2337, Train Acc: 0.8499， Test Acc : 0.8932, Test Loss: 1.0102
Epoch 47 / 200
Duration: 36s, Train Loss: 3.0099, Train Acc: 0.8673， Test Acc : 0.9039, Test Loss: 0.9328
Epoch 48 / 200
Duration: 36s, Train Loss: 3.1534, Train Acc: 0.8562， Test Acc : 0.8706, Test Loss: 1.2635
Epoch 49 / 200
Duration: 36s, Train Loss: 2.9814, Train Acc: 0.8659， Test Acc : 0.8861, Test Loss: 1.1078
Epoch 50 / 200
Duration: 36s, Train Loss: 3.0895, Train Acc: 0.8583， Test Acc : 0.9078, Test Loss: 0.9035
Epoch 51 / 200
Duration: 36s, Train Loss: 3.0349, Train Acc: 0.8621， Test Acc : 0.8930, Test Loss: 1.0386
Epoch 52 / 200
Duration: 36s, Train Loss: 2.9370, Train Acc: 0.8673， Test Acc : 0.8859, Test Loss: 1.0661
Epoch 53 / 200
Duration: 36s, Train Loss: 2.8567, Train Acc: 0.8699， Test Acc : 0.9039, Test Loss: 0.9863
Epoch 54 / 200
Duration: 36s, Train Loss: 2.9789, Train Acc: 0.8661， Test Acc : 0.8818, Test Loss: 1.1712
Epoch 55 / 200
Duration: 36s, Train Loss: 2.9185, Train Acc: 0.8659， Test Acc : 0.8983, Test Loss: 0.9754
Epoch 56 / 200
Duration: 36s, Train Loss: 2.8701, Train Acc: 0.8718， Test Acc : 0.9006, Test Loss: 0.9551
Epoch 57 / 200
Duration: 37s, Train Loss: 2.8179, Train Acc: 0.8722， Test Acc : 0.8892, Test Loss: 1.1079
Epoch 58 / 200
Duration: 38s, Train Loss: 2.6691, Train Acc: 0.8801， Test Acc : 0.8983, Test Loss: 0.9747
Epoch 59 / 200
Duration: 36s, Train Loss: 2.7212, Train Acc: 0.8759， Test Acc : 0.9083, Test Loss: 0.9129
Epoch 60 / 200
Duration: 36s, Train Loss: 2.6280, Train Acc: 0.8801， Test Acc : 0.9017, Test Loss: 0.9594
Epoch 61 / 200
Duration: 36s, Train Loss: 2.6259, Train Acc: 0.8767， Test Acc : 0.9037, Test Loss: 0.9266
Epoch 62 / 200
Duration: 36s, Train Loss: 2.6185, Train Acc: 0.8817， Test Acc : 0.9131, Test Loss: 0.8807
Epoch 63 / 200
Duration: 37s, Train Loss: 2.4302, Train Acc: 0.8884， Test Acc : 0.9096, Test Loss: 0.9109
Epoch 64 / 200
Duration: 36s, Train Loss: 2.5186, Train Acc: 0.8854， Test Acc : 0.9144, Test Loss: 0.8938
Epoch 65 / 200
Duration: 36s, Train Loss: 2.5246, Train Acc: 0.8881， Test Acc : 0.9116, Test Loss: 0.8692
Epoch 66 / 200
Duration: 36s, Train Loss: 2.3294, Train Acc: 0.8902， Test Acc : 0.9083, Test Loss: 0.9668
Epoch 67 / 200
Duration: 36s, Train Loss: 2.3734, Train Acc: 0.8909， Test Acc : 0.9129, Test Loss: 0.8965
Epoch 68 / 200
Duration: 36s, Train Loss: 2.2541, Train Acc: 0.8953， Test Acc : 0.9068, Test Loss: 0.9036
Epoch 69 / 200
Duration: 36s, Train Loss: 2.3374, Train Acc: 0.8949， Test Acc : 0.9037, Test Loss: 1.0013
Epoch 70 / 200
Duration: 38s, Train Loss: 2.2733, Train Acc: 0.8995， Test Acc : 0.9134, Test Loss: 0.8786
Epoch 71 / 200
Duration: 36s, Train Loss: 2.2540, Train Acc: 0.8981， Test Acc : 0.9131, Test Loss: 0.9034
Epoch 72 / 200
Duration: 36s, Train Loss: 2.2753, Train Acc: 0.8961， Test Acc : 0.9126, Test Loss: 0.8821
Epoch 73 / 200
Duration: 36s, Train Loss: 2.2455, Train Acc: 0.9012， Test Acc : 0.9162, Test Loss: 0.9142
Epoch 74 / 200
Duration: 36s, Train Loss: 2.2129, Train Acc: 0.8990， Test Acc : 0.9159, Test Loss: 0.8658
Epoch 75 / 200
Duration: 36s, Train Loss: 2.1716, Train Acc: 0.8999， Test Acc : 0.9154, Test Loss: 0.9127
Epoch 76 / 200
Duration: 36s, Train Loss: 2.1027, Train Acc: 0.9044， Test Acc : 0.9172, Test Loss: 0.8582
Epoch 77 / 200
Duration: 36s, Train Loss: 2.0768, Train Acc: 0.9079， Test Acc : 0.9136, Test Loss: 0.8791
Epoch 78 / 200
Duration: 36s, Train Loss: 2.1329, Train Acc: 0.9028， Test Acc : 0.9108, Test Loss: 0.9033
Epoch 79 / 200
Duration: 36s, Train Loss: 2.0028, Train Acc: 0.9083， Test Acc : 0.9118, Test Loss: 0.9049
Epoch 80 / 200
Duration: 36s, Train Loss: 2.0309, Train Acc: 0.9083， Test Acc : 0.9215, Test Loss: 0.8260
Epoch 81 / 200
Duration: 36s, Train Loss: 1.9585, Train Acc: 0.9077， Test Acc : 0.9121, Test Loss: 0.8809
Epoch 82 / 200
Duration: 36s, Train Loss: 2.0500, Train Acc: 0.9043， Test Acc : 0.9185, Test Loss: 0.8254
Epoch 83 / 200
Duration: 38s, Train Loss: 1.9993, Train Acc: 0.9103， Test Acc : 0.9261, Test Loss: 0.7984
Epoch 84 / 200
Duration: 37s, Train Loss: 1.9030, Train Acc: 0.9128， Test Acc : 0.9141, Test Loss: 0.8950
Epoch 85 / 200
Duration: 36s, Train Loss: 1.8960, Train Acc: 0.9159， Test Acc : 0.9192, Test Loss: 0.8845
Epoch 86 / 200
Duration: 37s, Train Loss: 1.8316, Train Acc: 0.9166， Test Acc : 0.9167, Test Loss: 0.8916
Epoch 87 / 200
Duration: 36s, Train Loss: 1.9103, Train Acc: 0.9134， Test Acc : 0.9144, Test Loss: 0.8894
Epoch 88 / 200
Duration: 36s, Train Loss: 1.8093, Train Acc: 0.9189， Test Acc : 0.9218, Test Loss: 0.8501
Epoch 89 / 200
Duration: 36s, Train Loss: 1.7746, Train Acc: 0.9238， Test Acc : 0.9144, Test Loss: 0.8758
Epoch 90 / 200
Duration: 36s, Train Loss: 1.8216, Train Acc: 0.9171， Test Acc : 0.9157, Test Loss: 0.8309
Epoch 91 / 200
Duration: 36s, Train Loss: 1.7997, Train Acc: 0.9192， Test Acc : 0.9187, Test Loss: 0.8343
Epoch 92 / 200
Duration: 36s, Train Loss: 1.7259, Train Acc: 0.9231， Test Acc : 0.9215, Test Loss: 0.8351
Epoch 93 / 200
Duration: 37s, Train Loss: 1.6850, Train Acc: 0.9253， Test Acc : 0.9121, Test Loss: 0.9360
Epoch 94 / 200
Duration: 36s, Train Loss: 1.7421, Train Acc: 0.9224， Test Acc : 0.9175, Test Loss: 0.8664
Epoch 95 / 200
Duration: 38s, Train Loss: 1.6129, Train Acc: 0.9251， Test Acc : 0.9185, Test Loss: 0.8510
Epoch 96 / 200
Duration: 36s, Train Loss: 1.7104, Train Acc: 0.9227， Test Acc : 0.9146, Test Loss: 0.9264
Epoch 97 / 200
Duration: 36s, Train Loss: 1.6296, Train Acc: 0.9247， Test Acc : 0.9172, Test Loss: 0.8810
Epoch 98 / 200
Duration: 36s, Train Loss: 1.5150, Train Acc: 0.9297， Test Acc : 0.9203, Test Loss: 0.8125
Epoch 99 / 200
Duration: 36s, Train Loss: 1.4477, Train Acc: 0.9332， Test Acc : 0.9157, Test Loss: 0.8838
Epoch 100 / 200
Duration: 36s, Train Loss: 1.5976, Train Acc: 0.9253， Test Acc : 0.9192, Test Loss: 0.8395
Epoch 101 / 200
Duration: 36s, Train Loss: 1.4572, Train Acc: 0.9371， Test Acc : 0.9233, Test Loss: 0.7921
Epoch 102 / 200
Duration: 36s, Train Loss: 1.5024, Train Acc: 0.9326， Test Acc : 0.9220, Test Loss: 0.8694
Epoch 103 / 200
Duration: 36s, Train Loss: 1.5963, Train Acc: 0.9283， Test Acc : 0.9218, Test Loss: 0.8357
Epoch 104 / 200
Duration: 36s, Train Loss: 1.5119, Train Acc: 0.9281， Test Acc : 0.9248, Test Loss: 0.8398
Epoch 105 / 200
Duration: 36s, Train Loss: 1.5498, Train Acc: 0.9334， Test Acc : 0.9236, Test Loss: 0.7857
Epoch 106 / 200
Duration: 37s, Train Loss: 1.4847, Train Acc: 0.9307， Test Acc : 0.9266, Test Loss: 0.8031
Epoch 107 / 200
Duration: 36s, Train Loss: 1.5611, Train Acc: 0.9310， Test Acc : 0.9276, Test Loss: 0.7849
Epoch 108 / 200
Duration: 38s, Train Loss: 1.4591, Train Acc: 0.9353， Test Acc : 0.9205, Test Loss: 0.9120
Epoch 109 / 200
Duration: 36s, Train Loss: 1.5140, Train Acc: 0.9315， Test Acc : 0.9276, Test Loss: 0.7768
Epoch 110 / 200
Duration: 37s, Train Loss: 1.4798, Train Acc: 0.9342， Test Acc : 0.9241, Test Loss: 0.7953
Epoch 111 / 200
Duration: 37s, Train Loss: 1.3318, Train Acc: 0.9397， Test Acc : 0.9266, Test Loss: 0.8457
Epoch 112 / 200
Duration: 36s, Train Loss: 1.4172, Train Acc: 0.9353， Test Acc : 0.9259, Test Loss: 0.7955
Epoch 113 / 200
Duration: 36s, Train Loss: 1.3980, Train Acc: 0.9339， Test Acc : 0.9271, Test Loss: 0.8386
Epoch 114 / 200
Duration: 37s, Train Loss: 1.3731, Train Acc: 0.9373， Test Acc : 0.9208, Test Loss: 0.8644
Epoch 115 / 200
Duration: 37s, Train Loss: 1.2008, Train Acc: 0.9466， Test Acc : 0.9282, Test Loss: 0.7868
Epoch 116 / 200
Duration: 37s, Train Loss: 1.3232, Train Acc: 0.9398， Test Acc : 0.9302, Test Loss: 0.8219
Epoch 117 / 200
Duration: 36s, Train Loss: 1.3135, Train Acc: 0.9396， Test Acc : 0.9279, Test Loss: 0.8556
Epoch 118 / 200
Duration: 37s, Train Loss: 1.3021, Train Acc: 0.9411， Test Acc : 0.9266, Test Loss: 0.7950
Epoch 119 / 200
Duration: 36s, Train Loss: 1.3407, Train Acc: 0.9410， Test Acc : 0.9304, Test Loss: 0.7651
Epoch 120 / 200
Duration: 38s, Train Loss: 1.2641, Train Acc: 0.9425， Test Acc : 0.9266, Test Loss: 0.8105
Epoch 121 / 200
Duration: 36s, Train Loss: 1.2102, Train Acc: 0.9465， Test Acc : 0.9256, Test Loss: 0.8097
Epoch 122 / 200
Duration: 36s, Train Loss: 1.2274, Train Acc: 0.9433， Test Acc : 0.9294, Test Loss: 0.7768
Epoch 123 / 200
Duration: 36s, Train Loss: 1.2074, Train Acc: 0.9484， Test Acc : 0.9325, Test Loss: 0.7568
Epoch 124 / 200
Duration: 37s, Train Loss: 1.1461, Train Acc: 0.9492， Test Acc : 0.9287, Test Loss: 0.8467
Epoch 125 / 200
Duration: 36s, Train Loss: 1.2182, Train Acc: 0.9465， Test Acc : 0.9320, Test Loss: 0.7753
Epoch 126 / 200
Duration: 36s, Train Loss: 1.1170, Train Acc: 0.9489， Test Acc : 0.9259, Test Loss: 0.8102
Epoch 127 / 200
Duration: 36s, Train Loss: 1.1468, Train Acc: 0.9493， Test Acc : 0.9243, Test Loss: 0.8383
Epoch 128 / 200
Duration: 36s, Train Loss: 1.1539, Train Acc: 0.9478， Test Acc : 0.9248, Test Loss: 0.8467
Epoch 129 / 200
Duration: 36s, Train Loss: 1.1614, Train Acc: 0.9487， Test Acc : 0.9282, Test Loss: 0.8248
Epoch 130 / 200
Duration: 36s, Train Loss: 1.1499, Train Acc: 0.9483， Test Acc : 0.9282, Test Loss: 0.8251
Epoch 131 / 200
Duration: 37s, Train Loss: 1.0991, Train Acc: 0.9513， Test Acc : 0.9297, Test Loss: 0.8112
Epoch 132 / 200
Duration: 38s, Train Loss: 1.1161, Train Acc: 0.9483， Test Acc : 0.9317, Test Loss: 0.7621
Epoch 133 / 200
Duration: 36s, Train Loss: 1.0703, Train Acc: 0.9500， Test Acc : 0.9294, Test Loss: 0.8005
Epoch 134 / 200
Duration: 36s, Train Loss: 1.1080, Train Acc: 0.9511， Test Acc : 0.9327, Test Loss: 0.7902
Epoch 135 / 200
Duration: 36s, Train Loss: 1.1440, Train Acc: 0.9495， Test Acc : 0.9284, Test Loss: 0.7973
Epoch 136 / 200
Duration: 36s, Train Loss: 0.9842, Train Acc: 0.9561， Test Acc : 0.9343, Test Loss: 0.7769
Epoch 137 / 200
Duration: 37s, Train Loss: 1.1522, Train Acc: 0.9509， Test Acc : 0.9302, Test Loss: 0.8187
Epoch 138 / 200
Duration: 36s, Train Loss: 0.9888, Train Acc: 0.9558， Test Acc : 0.9302, Test Loss: 0.7834
Epoch 139 / 200
Duration: 37s, Train Loss: 0.9855, Train Acc: 0.9549， Test Acc : 0.9322, Test Loss: 0.7727
Epoch 140 / 200
Duration: 36s, Train Loss: 0.9343, Train Acc: 0.9565， Test Acc : 0.9327, Test Loss: 0.7850
Epoch 141 / 200
Duration: 37s, Train Loss: 0.9289, Train Acc: 0.9575， Test Acc : 0.9269, Test Loss: 0.8770
Epoch 142 / 200
Duration: 37s, Train Loss: 1.0811, Train Acc: 0.9502， Test Acc : 0.9310, Test Loss: 0.8013
Epoch 143 / 200
Duration: 37s, Train Loss: 1.0128, Train Acc: 0.9548， Test Acc : 0.9287, Test Loss: 0.8144
Epoch 144 / 200
Duration: 37s, Train Loss: 0.9910, Train Acc: 0.9565， Test Acc : 0.9332, Test Loss: 0.7755
Epoch 145 / 200
Duration: 38s, Train Loss: 0.9735, Train Acc: 0.9559， Test Acc : 0.9304, Test Loss: 0.8117
Epoch 146 / 200
Duration: 36s, Train Loss: 1.1165, Train Acc: 0.9499， Test Acc : 0.9330, Test Loss: 0.7931
Epoch 147 / 200
Duration: 37s, Train Loss: 0.9035, Train Acc: 0.9601， Test Acc : 0.9292, Test Loss: 0.8057
Epoch 148 / 200
Duration: 37s, Train Loss: 0.8858, Train Acc: 0.9615， Test Acc : 0.9343, Test Loss: 0.7548
Epoch 149 / 200
Duration: 37s, Train Loss: 0.9138, Train Acc: 0.9575， Test Acc : 0.9348, Test Loss: 0.7857
Epoch 150 / 200
Duration: 36s, Train Loss: 0.8741, Train Acc: 0.9613， Test Acc : 0.9325, Test Loss: 0.7739
Epoch 151 / 200
Duration: 36s, Train Loss: 0.8930, Train Acc: 0.9593， Test Acc : 0.9327, Test Loss: 0.7669
Epoch 152 / 200
Duration: 36s, Train Loss: 0.8151, Train Acc: 0.9630， Test Acc : 0.9325, Test Loss: 0.7708
Epoch 153 / 200
Duration: 37s, Train Loss: 0.8790, Train Acc: 0.9615， Test Acc : 0.9343, Test Loss: 0.8007
Epoch 154 / 200
Duration: 36s, Train Loss: 0.9269, Train Acc: 0.9584， Test Acc : 0.9320, Test Loss: 0.8000
Epoch 155 / 200
Duration: 36s, Train Loss: 0.8635, Train Acc: 0.9622， Test Acc : 0.9299, Test Loss: 0.7898
Epoch 156 / 200
Duration: 36s, Train Loss: 0.8539, Train Acc: 0.9608， Test Acc : 0.9373, Test Loss: 0.7839
Epoch 157 / 200
Duration: 38s, Train Loss: 0.8247, Train Acc: 0.9620， Test Acc : 0.9327, Test Loss: 0.8130
Epoch 158 / 200
Duration: 36s, Train Loss: 0.8660, Train Acc: 0.9618， Test Acc : 0.9325, Test Loss: 0.7657
Epoch 159 / 200
Duration: 37s, Train Loss: 0.8467, Train Acc: 0.9616， Test Acc : 0.9371, Test Loss: 0.7992
Epoch 160 / 200
Duration: 36s, Train Loss: 0.7895, Train Acc: 0.9641， Test Acc : 0.9315, Test Loss: 0.8445
Epoch 161 / 200
Duration: 36s, Train Loss: 0.8679, Train Acc: 0.9621， Test Acc : 0.9292, Test Loss: 0.8104
Epoch 162 / 200
Duration: 36s, Train Loss: 0.8195, Train Acc: 0.9630， Test Acc : 0.9348, Test Loss: 0.7910
Epoch 163 / 200
Duration: 36s, Train Loss: 0.8471, Train Acc: 0.9619， Test Acc : 0.9312, Test Loss: 0.8276
Epoch 164 / 200
Duration: 36s, Train Loss: 0.8460, Train Acc: 0.9628， Test Acc : 0.9340, Test Loss: 0.7800
Epoch 165 / 200
Duration: 37s, Train Loss: 0.8979, Train Acc: 0.9628， Test Acc : 0.9368, Test Loss: 0.7567
Epoch 166 / 200
Duration: 36s, Train Loss: 0.7932, Train Acc: 0.9650， Test Acc : 0.9322, Test Loss: 0.7718
Epoch 167 / 200
Duration: 37s, Train Loss: 0.7201, Train Acc: 0.9678， Test Acc : 0.9320, Test Loss: 0.7885
Epoch 168 / 200
Duration: 37s, Train Loss: 0.8223, Train Acc: 0.9648， Test Acc : 0.9304, Test Loss: 0.8299
Epoch 169 / 200
Duration: 38s, Train Loss: 0.8078, Train Acc: 0.9638， Test Acc : 0.9317, Test Loss: 0.8319
Epoch 170 / 200
Duration: 37s, Train Loss: 0.7870, Train Acc: 0.9649， Test Acc : 0.9345, Test Loss: 0.8207
Epoch 171 / 200
Duration: 37s, Train Loss: 0.7840, Train Acc: 0.9641， Test Acc : 0.9345, Test Loss: 0.7877
Epoch 172 / 200
Duration: 37s, Train Loss: 0.7572, Train Acc: 0.9648， Test Acc : 0.9358, Test Loss: 0.8014
Epoch 173 / 200
Duration: 37s, Train Loss: 0.7128, Train Acc: 0.9696， Test Acc : 0.9378, Test Loss: 0.7639
Epoch 174 / 200
Duration: 37s, Train Loss: 0.8157, Train Acc: 0.9634， Test Acc : 0.9358, Test Loss: 0.7790
Epoch 175 / 200
Duration: 37s, Train Loss: 0.7305, Train Acc: 0.9680， Test Acc : 0.9394, Test Loss: 0.7590
Epoch 176 / 200
Duration: 36s, Train Loss: 0.7580, Train Acc: 0.9651， Test Acc : 0.9366, Test Loss: 0.7670
Epoch 177 / 200
Duration: 36s, Train Loss: 0.7224, Train Acc: 0.9668， Test Acc : 0.9343, Test Loss: 0.7920
Epoch 178 / 200
Duration: 36s, Train Loss: 0.7454, Train Acc: 0.9646， Test Acc : 0.9340, Test Loss: 0.8175
Epoch 179 / 200
Duration: 36s, Train Loss: 0.7028, Train Acc: 0.9685， Test Acc : 0.9353, Test Loss: 0.7983
Epoch 180 / 200
Duration: 37s, Train Loss: 0.7470, Train Acc: 0.9674， Test Acc : 0.9363, Test Loss: 0.7925
Epoch 181 / 200
Duration: 38s, Train Loss: 0.6938, Train Acc: 0.9678， Test Acc : 0.9366, Test Loss: 0.7877
Epoch 182 / 200
Duration: 36s, Train Loss: 0.7213, Train Acc: 0.9685， Test Acc : 0.9350, Test Loss: 0.7930
Epoch 183 / 200
Duration: 36s, Train Loss: 0.6428, Train Acc: 0.9724， Test Acc : 0.9338, Test Loss: 0.8090
Epoch 184 / 200
Duration: 37s, Train Loss: 0.7143, Train Acc: 0.9683， Test Acc : 0.9371, Test Loss: 0.7776
Epoch 185 / 200
Duration: 36s, Train Loss: 0.6983, Train Acc: 0.9674， Test Acc : 0.9368, Test Loss: 0.7932
Epoch 186 / 200
Duration: 37s, Train Loss: 0.6528, Train Acc: 0.9700， Test Acc : 0.9366, Test Loss: 0.7763
Epoch 187 / 200
Duration: 37s, Train Loss: 0.6504, Train Acc: 0.9699， Test Acc : 0.9345, Test Loss: 0.7788
Epoch 188 / 200
Duration: 37s, Train Loss: 0.6947, Train Acc: 0.9681， Test Acc : 0.9322, Test Loss: 0.7841
Epoch 189 / 200
Duration: 37s, Train Loss: 0.6760, Train Acc: 0.9691， Test Acc : 0.9343, Test Loss: 0.7946
Epoch 190 / 200
Duration: 37s, Train Loss: 0.6728, Train Acc: 0.9695， Test Acc : 0.9350, Test Loss: 0.7958
Epoch 191 / 200
Duration: 37s, Train Loss: 0.6697, Train Acc: 0.9709， Test Acc : 0.9340, Test Loss: 0.7889
Epoch 192 / 200
Duration: 38s, Train Loss: 0.6250, Train Acc: 0.9739， Test Acc : 0.9348, Test Loss: 0.7810
Epoch 193 / 200
Duration: 37s, Train Loss: 0.6649, Train Acc: 0.9694， Test Acc : 0.9345, Test Loss: 0.7878
Epoch 194 / 200
Duration: 37s, Train Loss: 0.6816, Train Acc: 0.9697， Test Acc : 0.9355, Test Loss: 0.7890
Epoch 195 / 200
Duration: 37s, Train Loss: 0.6394, Train Acc: 0.9712， Test Acc : 0.9355, Test Loss: 0.7845
Epoch 196 / 200
Duration: 37s, Train Loss: 0.6576, Train Acc: 0.9717， Test Acc : 0.9358, Test Loss: 0.7828
Epoch 197 / 200
Duration: 37s, Train Loss: 0.7134, Train Acc: 0.9678， Test Acc : 0.9363, Test Loss: 0.7682
Epoch 198 / 200
Duration: 37s, Train Loss: 0.6324, Train Acc: 0.9712， Test Acc : 0.9376, Test Loss: 0.7555
Epoch 199 / 200
Duration: 37s, Train Loss: 0.6247, Train Acc: 0.9712， Test Acc : 0.9343, Test Loss: 0.7794
Total Time:7320s
Best Accuracy of the network on the test images: 93.9363 %
Best epoch: 175


